Robototexnika 7 klass

409 TEXNOLOGIYA
410 GBVA
411 KONUS
412 3 6
413 0
537 5
538 135
539 8 24 8 24 8 40 12 36
540 2
541 21
542 32
548 A AND D
549 NOT A AND NOT V
550 NOT V AND NOT D
551 A AND NOT C OR NOT A AND C
552 22
553 10
554 75
555 2.5
556 11010110
557 214

robo7krkugofdsbna 
TEXNOLOGIYA === PRIBOR -
GBVA === GVBA -
KONUS === TREUGOL`NIK -
3 6 === 1 2 -
0 === 0 +
5 === 100 -
135 === 1000 -
8 24 8 24 8 40 12 36 === 403616128 -
2 === 1800 -
21 === 6 -
32 === 4 -
A AND D === ADRS -
NOT A AND NOT V === AVO -
NOT V AND NOT D === ACANDOR -
A AND NOT C OR NOT A AND C === DCORVANDOC -
22 === 90 -
10 === 32 -
75 === 65 -
2.5 === 100 -
11010110 === 1212524 -
214 === 125546 -1

robo7vvmegnphtwxx 
TEXNOLOGIYA ===  -
GBVA ===  -
KONUS ===  -
3 6 ===  -
0 ===  -
5 ===  -
135 ===  -
8 24 8 24 8 40 12 36 ===  -
2 ===  -
21 ===  -
32 ===  -
A AND D ===  -
NOT A AND NOT V ===  -
NOT V AND NOT D ===  -
A AND NOT C OR NOT A AND C ===  -
22 ===  -
10 ===  -
75 ===  -
2.5 ===  -
11010110 ===  -
214 ===  -0

robo7wyyragxftsua 
TEXNOLOGIYA ===  -
GBVA ===  -
KONUS ===  -
3 6 ===  -
0 ===  -
5 ===  -
135 ===  -
8 24 8 24 8 40 12 36 ===  -
2 ===  -
21 ===  -
32 ===  -
A AND D ===  -
NOT A AND NOT V ===  -
NOT V AND NOT D ===  -
A AND NOT C OR NOT A AND C ===  -
22 ===  -
10 ===  -
75 ===  -
2.5 ===  -
11010110 ===  -
214 ===  -0

robo7lmforvevchyw 
TEXNOLOGIYA === RABOTNIK -
GBVA === GBVA +
KONUS === TREUGOL`NIK -
3 6 === 1 2 -
0 === 0 +
5 ===  -
135 ===  -
8 24 8 24 8 40 12 36 ===  -
2 ===  -
21 === 25 -
32 === 50 -
A AND D ===  -
NOT A AND NOT V ===  -
NOT V AND NOT D ===  -
A AND NOT C OR NOT A AND C ===  -
22 ===  -
10 ===  -
75 ===  -
2.5 ===  -
11010110 ===  -
214 ===  -2

robo7dpunbqfgxmuvg 
TEXNOLOGIYA ===  -
GBVA ===  -
KONUS ===  -
3 6 ===  -
0 ===  -
5 ===  -
135 ===  -
8 24 8 24 8 40 12 36 ===  -
2 ===  -
21 ===  -
32 ===  -
A AND D ===  -
NOT A AND NOT V ===  -
NOT V AND NOT D ===  -
A AND NOT C OR NOT A AND C ===  -
22 ===  -
10 ===  -
75 ===  -
2.5 ===  -
11010110 ===  -
214 ===  -0

robo7rxgepnsatfob 
TEXNOLOGIYA ===  -
GBVA ===  -
KONUS ===  -
3 6 ===  -
0 ===  -
5 ===  -
135 ===  -
8 24 8 24 8 40 12 36 ===  -
2 ===  -
21 ===  -
32 ===  -
A AND D ===  -
NOT A AND NOT V ===  -
NOT V AND NOT D ===  -
A AND NOT C OR NOT A AND C ===  -
22 ===  -
10 ===  -
75 ===  -
2.5 ===  -
11010110 ===  -
214 ===  -0

robo7euagqjlnnddl 
TEXNOLOGIYA ===  -
GBVA ===  -
KONUS ===  -
3 6 ===  -
0 ===  -
5 ===  -
135 ===  -
8 24 8 24 8 40 12 36 ===  -
2 ===  -
21 ===  -
32 ===  -
A AND D ===  -
NOT A AND NOT V ===  -
NOT V AND NOT D ===  -
A AND NOT C OR NOT A AND C ===  -
22 ===  -
10 ===  -
75 ===  -
2.5 ===  -
11010110 ===  -
214 ===  -0

robo7ivgcytjdtori 
TEXNOLOGIYA ===  -
GBVA ===  -
KONUS ===  -
3 6 ===  -
0 ===  -
5 ===  -
135 ===  -
8 24 8 24 8 40 12 36 ===  -
2 ===  -
21 ===  -
32 ===  -
A AND D ===  -
NOT A AND NOT V ===  -
NOT V AND NOT D ===  -
A AND NOT C OR NOT A AND C ===  -
22 ===  -
10 ===  -
75 ===  -
2.5 ===  -
11010110 ===  -
214 ===  -0

robo7wjspdcspfqlb 
TEXNOLOGIYA ===  -
GBVA ===  -
KONUS ===  -
3 6 ===  -
0 ===  -
5 ===  -
135 ===  -
8 24 8 24 8 40 12 36 ===  -
2 ===  -
21 ===  -
32 ===  -
A AND D ===  -
NOT A AND NOT V ===  -
NOT V AND NOT D ===  -
A AND NOT C OR NOT A AND C ===  -
22 ===  -
10 ===  -
75 ===  -
2.5 ===  -
11010110 ===  -
214 ===  -0

robo7ygkxoryyxfbf 
TEXNOLOGIYA === TEXNOLOGIYA +
GBVA === GBVA +
KONUS === KONUS +
3 6 === 1 2 -
0 === 0 +
5 === 5 +
135 === 225 -
8 24 8 24 8 40 12 36 === 8241616840840 -
2 === 1 -
21 === 23 -
32 === 32 +
A AND D ===  -
NOT A AND NOT V ===  -
NOT V AND NOT D ===  -
A AND NOT C OR NOT A AND C ===  -
22 === 22 +
10 === 78 -
75 === 75 +
2.5 === 1.14 -
11010110 ===  -
214 ===  -8

robo7xdgkybymvkxb 
TEXNOLOGIYA ===  -
GBVA ===  -
KONUS ===  -
3 6 ===  -
0 ===  -
5 ===  -
135 ===  -
8 24 8 24 8 40 12 36 ===  -
2 ===  -
21 ===  -
32 ===  -
A AND D ===  -
NOT A AND NOT V ===  -
NOT V AND NOT D ===  -
A AND NOT C OR NOT A AND C ===  -
22 ===  -
10 ===  -
75 ===  -
2.5 ===  -
11010110 ===  -
214 ===  -0

robo7ypivvkymsiun 
TEXNOLOGIYA === TEXNOLOGIYA +
GBVA === GBVA +
KONUS === VPISANNY`I TREUGOL`NIK -
3 6 === 1 2 -
0 === 0 +
5 === 0.2 -
135 === 135 +
8 24 8 24 8 40 12 36 === 24 8 24 8 40 8 36 12 -
2 === 40500 -
21 === 21 +
32 === 30 -
A AND D === SENSOR1>GREY1NOTSENSOR1<GREY1 SENSOR2 GREY2ANDSENSOR1<GREY1 -
NOT A AND NOT V === SENSOR2>GREY2NOTSENSOR2<GREY2 SENSOR1>GREY1NOTSENSOR1<GREY1 SENSOR1<GREY1ANDSENSOR2>GREY2 -
NOT V AND NOT D === SENSOR2>GREY2NOTSENSOR2<GREY2 SENSOR1>GREY1NOTSENSOR1<GREY1 -
A AND NOT C OR NOT A AND C === SENSOR1>GREY1ANDSENSOR2>GREY2 -
22 === 75 2.5 -
10 === 10 +
75 === 75 +
2.5 === 2.5 +
11010110 === 10011110 -
214 === 158 -8

robo7yggpbuhixcbw 
TEXNOLOGIYA ===  -
GBVA ===  -
KONUS ===  -
3 6 ===  -
0 ===  -
5 ===  -
135 ===  -
8 24 8 24 8 40 12 36 ===  -
2 ===  -
21 ===  -
32 ===  -
A AND D ===  -
NOT A AND NOT V ===  -
NOT V AND NOT D ===  -
A AND NOT C OR NOT A AND C ===  -
22 ===  -
10 ===  -
75 ===  -
2.5 ===  -
11010110 ===  -
214 ===  -0

robo7yjxtrxllnbdx 
TEXNOLOGIYA === TEXNOLOGIYA +
GBVA === GBVA +
KONUS === KONUS +
3 6 === 1 2 -
0 === 0 +
5 === 5:1 -
135 === 135:1 -
8 24 8 24 8 40 12 36 === 8248248501236 -
2 === 2 +
21 === 20 -
32 === 22 -
A AND D === 1 -
NOT A AND NOT V === 1 -
NOT V AND NOT D === 1 -
A AND NOT C OR NOT A AND C === 1 -
22 === 22 +
10 === 10 +
75 === 75 +
2.5 === 2 5 -
11010110 === 11010011 -
214 === 211 -8

robo7dpjnbpbwllsre 
TEXNOLOGIYA ===  -
GBVA ===  -
KONUS ===  -
3 6 ===  -
0 ===  -
5 ===  -
135 ===  -
8 24 8 24 8 40 12 36 ===  -
2 ===  -
21 ===  -
32 ===  -
A AND D ===  -
NOT A AND NOT V ===  -
NOT V AND NOT D ===  -
A AND NOT C OR NOT A AND C ===  -
22 ===  -
10 ===  -
75 ===  -
2.5 ===  -
11010110 ===  -
214 ===  -0

robo7ytwkivyowdii 
TEXNOLOGIYA ===  -
GBVA ===  -
KONUS ===  -
3 6 ===  -
0 ===  -
5 ===  -
135 ===  -
8 24 8 24 8 40 12 36 ===  -
2 ===  -
21 ===  -
32 ===  -
A AND D ===  -
NOT A AND NOT V ===  -
NOT V AND NOT D ===  -
A AND NOT C OR NOT A AND C ===  -
22 ===  -
10 ===  -
75 ===  -
2.5 ===  -
11010110 ===  -
214 ===  -0

robo7dxixmoihdhove 
TEXNOLOGIYA ===  -
GBVA ===  -
KONUS ===  -
3 6 ===  -
0 ===  -
5 ===  -
135 ===  -
8 24 8 24 8 40 12 36 ===  -
2 ===  -
21 ===  -
32 ===  -
A AND D ===  -
NOT A AND NOT V ===  -
NOT V AND NOT D ===  -
A AND NOT C OR NOT A AND C ===  -
22 ===  -
10 ===  -
75 ===  -
2.5 ===  -
11010110 ===  -
214 ===  -0

robo7ykwgqljjjugu 
TEXNOLOGIYA === TEXNOLOGIYA +
GBVA === GBVA +
KONUS === TREUGOL`NIK -
3 6 === 1 2 -
0 === 0 +
5 === 5 +
135 === 135 +
8 24 8 24 8 40 12 36 === 8248248401236 -
2 === 2 +
21 === 21 +
32 === 32 +
A AND D === NOT V AND D -
NOT A AND NOT V === NOT A AND NOT V +
NOT V AND NOT D === NOT V AND NOT D +
A AND NOT C OR NOT A AND C === A OR C -
22 === 22 +
10 === 10 +
75 === 75 +
2.5 === 2.5 +
11010110 === 110101100 -
214 === 428 -14

robo7dwdysvspwlkfb 
TEXNOLOGIYA ===  -
GBVA ===  -
KONUS ===  -
3 6 ===  -
0 ===  -
5 ===  -
135 ===  -
8 24 8 24 8 40 12 36 ===  -
2 ===  -
21 ===  -
32 ===  -
A AND D ===  -
NOT A AND NOT V ===  -
NOT V AND NOT D ===  -
A AND NOT C OR NOT A AND C ===  -
22 ===  -
10 ===  -
75 ===  -
2.5 ===  -
11010110 ===  -
214 ===  -0

robo7dwdlpgitydvhe 
TEXNOLOGIYA ===  -
GBVA ===  -
KONUS ===  -
3 6 ===  -
0 ===  -
5 ===  -
135 ===  -
8 24 8 24 8 40 12 36 ===  -
2 ===  -
21 ===  -
32 ===  -
A AND D ===  -
NOT A AND NOT V ===  -
NOT V AND NOT D ===  -
A AND NOT C OR NOT A AND C ===  -
22 ===  -
10 ===  -
75 ===  -
2.5 ===  -
11010110 ===  -
214 ===  -0

robo7wwlvsejrdeen 
TEXNOLOGIYA ===  -
GBVA ===  -
KONUS ===  -
3 6 ===  -
0 ===  -
5 ===  -
135 ===  -
8 24 8 24 8 40 12 36 ===  -
2 ===  -
21 ===  -
32 ===  -
A AND D ===  -
NOT A AND NOT V ===  -
NOT V AND NOT D ===  -
A AND NOT C OR NOT A AND C ===  -
22 ===  -
10 ===  -
75 ===  -
2.5 ===  -
11010110 ===  -
214 ===  -0

robo7rgwlytnpmphm 
TEXNOLOGIYA === TEXNOLOGIYA +
GBVA === GBVA +
KONUS === TREUGOL`NIK -
3 6 === 1 2 -
0 === 0 +
5 === 64 -
135 === 64 -
8 24 8 24 8 40 12 36 === 64 -
2 === 64 -
21 === 19 -
32 === 29 -
A AND D === DWARF.EXE -
NOT A AND NOT V === DWARF.EXE -
NOT V AND NOT D === DWARF.EXE -
A AND NOT C OR NOT A AND C === DWARF.EXE -
22 === 22 +
10 === 78 -
75 === 72 -
2.5 === 6 -
11010110 === DWARF.EXE -
214 === DWARF.EXE -4

robo7dpjbrlhugesmm 
TEXNOLOGIYA ===  -
GBVA ===  -
KONUS ===  -
3 6 ===  -
0 ===  -
5 ===  -
135 ===  -
8 24 8 24 8 40 12 36 ===  -
2 ===  -
21 ===  -
32 ===  -
A AND D ===  -
NOT A AND NOT V ===  -
NOT V AND NOT D ===  -
A AND NOT C OR NOT A AND C ===  -
22 ===  -
10 ===  -
75 ===  -
2.5 ===  -
11010110 ===  -
214 ===  -0

robo7doyfquimnnquj 
TEXNOLOGIYA ===  -
GBVA ===  -
KONUS ===  -
3 6 ===  -
0 ===  -
5 ===  -
135 ===  -
8 24 8 24 8 40 12 36 ===  -
2 ===  -
21 ===  -
32 ===  -
A AND D ===  -
NOT A AND NOT V ===  -
NOT V AND NOT D ===  -
A AND NOT C OR NOT A AND C ===  -
22 ===  -
10 ===  -
75 ===  -
2.5 ===  -
11010110 ===  -
214 ===  -0

robo7xtsthfaoccrf 
TEXNOLOGIYA ===  -
GBVA ===  -
KONUS ===  -
3 6 ===  -
0 ===  -
5 ===  -
135 ===  -
8 24 8 24 8 40 12 36 ===  -
2 ===  -
21 ===  -
32 ===  -
A AND D ===  -
NOT A AND NOT V ===  -
NOT V AND NOT D ===  -
A AND NOT C OR NOT A AND C ===  -
22 ===  -
10 ===  -
75 ===  -
2.5 ===  -
11010110 ===  -
214 ===  -0

robo7duealmptklod 
TEXNOLOGIYA ===  -
GBVA ===  -
KONUS ===  -
3 6 ===  -
0 ===  -
5 ===  -
135 ===  -
8 24 8 24 8 40 12 36 ===  -
2 ===  -
21 ===  -
32 ===  -
A AND D ===  -
NOT A AND NOT V ===  -
NOT V AND NOT D ===  -
A AND NOT C OR NOT A AND C ===  -
22 ===  -
10 ===  -
75 ===  -
2.5 ===  -
11010110 ===  -
214 ===  -0

robo7pcqusmupsmpd 
TEXNOLOGIYA ===  -
GBVA ===  -
KONUS ===  -
3 6 ===  -
0 ===  -
5 ===  -
135 ===  -
8 24 8 24 8 40 12 36 ===  -
2 ===  -
21 ===  -
32 ===  -
A AND D ===  -
NOT A AND NOT V ===  -
NOT V AND NOT D ===  -
A AND NOT C OR NOT A AND C ===  -
22 ===  -
10 ===  -
75 ===  -
2.5 ===  -
11010110 ===  -
214 ===  -0

robo7dsvxggfitknyg 
TEXNOLOGIYA ===  -
GBVA ===  -
KONUS ===  -
3 6 ===  -
0 ===  -
5 ===  -
135 ===  -
8 24 8 24 8 40 12 36 ===  -
2 ===  -
21 ===  -
32 ===  -
A AND D ===  -
NOT A AND NOT V ===  -
NOT V AND NOT D ===  -
A AND NOT C OR NOT A AND C ===  -
22 ===  -
10 ===  -
75 ===  -
2.5 ===  -
11010110 ===  -
214 ===  -0

robo7syvjxnspubqjp 
TEXNOLOGIYA ===  -
GBVA ===  -
KONUS ===  -
3 6 ===  -
0 ===  -
5 ===  -
135 ===  -
8 24 8 24 8 40 12 36 ===  -
2 ===  -
21 ===  -
32 ===  -
A AND D ===  -
NOT A AND NOT V ===  -
NOT V AND NOT D ===  -
A AND NOT C OR NOT A AND C ===  -
22 ===  -
10 ===  -
75 ===  -
2.5 ===  -
11010110 ===  -
214 ===  -0

robo7sysuipywatpfo 
TEXNOLOGIYA ===  -
GBVA ===  -
KONUS ===  -
3 6 ===  -
0 ===  -
5 ===  -
135 ===  -
8 24 8 24 8 40 12 36 ===  -
2 ===  -
21 ===  -
32 ===  -
A AND D ===  -
NOT A AND NOT V ===  -
NOT V AND NOT D ===  -
A AND NOT C OR NOT A AND C ===  -
22 ===  -
10 ===  -
75 ===  -
2.5 ===  -
11010110 ===  -
214 ===  -0

robo7syhosfimlavbt 
TEXNOLOGIYA ===  -
GBVA ===  -
KONUS ===  -
3 6 ===  -
0 ===  -
5 ===  -
135 ===  -
8 24 8 24 8 40 12 36 ===  -
2 ===  -
21 ===  -
32 ===  -
A AND D ===  -
NOT A AND NOT V ===  -
NOT V AND NOT D ===  -
A AND NOT C OR NOT A AND C ===  -
22 ===  -
10 ===  -
75 ===  -
2.5 ===  -
11010110 ===  -
214 ===  -0

robo7sxwjjlkrmgbnw 
TEXNOLOGIYA ===  -
GBVA ===  -
KONUS ===  -
3 6 ===  -
0 ===  -
5 ===  -
135 ===  -
8 24 8 24 8 40 12 36 ===  -
2 ===  -
21 ===  -
32 ===  -
A AND D ===  -
NOT A AND NOT V ===  -
NOT V AND NOT D ===  -
A AND NOT C OR NOT A AND C ===  -
22 ===  -
10 ===  -
75 ===  -
2.5 ===  -
11010110 ===  -
214 ===  -0

robo7sxpypjgtlhfte 
TEXNOLOGIYA ===  -
GBVA ===  -
KONUS ===  -
3 6 ===  -
0 ===  -
5 ===  -
135 ===  -
8 24 8 24 8 40 12 36 ===  -
2 ===  -
21 ===  -
32 ===  -
A AND D ===  -
NOT A AND NOT V ===  -
NOT V AND NOT D ===  -
A AND NOT C OR NOT A AND C ===  -
22 ===  -
10 ===  -
75 ===  -
2.5 ===  -
11010110 ===  -
214 ===  -0

robo7sxlgjpavrcjpb 
TEXNOLOGIYA ===  -
GBVA ===  -
KONUS ===  -
3 6 ===  -
0 ===  -
5 ===  -
135 ===  -
8 24 8 24 8 40 12 36 ===  -
2 ===  -
21 ===  -
32 ===  -
A AND D ===  -
NOT A AND NOT V ===  -
NOT V AND NOT D ===  -
A AND NOT C OR NOT A AND C ===  -
22 ===  -
10 ===  -
75 ===  -
2.5 ===  -
11010110 ===  -
214 ===  -0

robo7uoklfhfwxcyl 
TEXNOLOGIYA ===  -
GBVA ===  -
KONUS ===  -
3 6 ===  -
0 ===  -
5 ===  -
135 ===  -
8 24 8 24 8 40 12 36 ===  -
2 ===  -
21 ===  -
32 ===  -
A AND D ===  -
NOT A AND NOT V ===  -
NOT V AND NOT D ===  -
A AND NOT C OR NOT A AND C ===  -
22 ===  -
10 ===  -
75 ===  -
2.5 ===  -
11010110 ===  -
214 ===  -0

robo7idrjcqduouop 
TEXNOLOGIYA ===  -
GBVA ===  -
KONUS ===  -
3 6 ===  -
0 ===  -
5 ===  -
135 ===  -
8 24 8 24 8 40 12 36 ===  -
2 ===  -
21 ===  -
32 ===  -
A AND D ===  -
NOT A AND NOT V ===  -
NOT V AND NOT D ===  -
A AND NOT C OR NOT A AND C ===  -
22 ===  -
10 ===  -
75 ===  -
2.5 ===  -
11010110 ===  -
214 ===  -0

robo7sxixmoihdhove 
TEXNOLOGIYA ===  -
GBVA ===  -
KONUS ===  -
3 6 ===  -
0 ===  -
5 ===  -
135 ===  -
8 24 8 24 8 40 12 36 ===  -
2 ===  -
21 ===  -
32 ===  -
A AND D ===  -
NOT A AND NOT V ===  -
NOT V AND NOT D ===  -
A AND NOT C OR NOT A AND C ===  -
22 ===  -
10 ===  -
75 ===  -
2.5 ===  -
11010110 ===  -
214 ===  -0

robo7ijwpvrltidbg 
TEXNOLOGIYA ===  -
GBVA ===  -
KONUS ===  -
3 6 ===  -
0 ===  -
5 ===  -
135 ===  -
8 24 8 24 8 40 12 36 ===  -
2 ===  -
21 ===  -
32 ===  -
A AND D ===  -
NOT A AND NOT V ===  -
NOT V AND NOT D ===  -
A AND NOT C OR NOT A AND C ===  -
22 ===  -
10 ===  -
75 ===  -
2.5 ===  -
11010110 ===  -
214 ===  -0

robo7swdysvspwlkfb 
TEXNOLOGIYA ===  -
GBVA ===  -
KONUS ===  -
3 6 ===  -
0 ===  -
5 ===  -
135 ===  -
8 24 8 24 8 40 12 36 ===  -
2 ===  -
21 ===  -
32 ===  -
A AND D ===  -
NOT A AND NOT V ===  -
NOT V AND NOT D ===  -
A AND NOT C OR NOT A AND C ===  -
22 ===  -
10 ===  -
75 ===  -
2.5 ===  -
11010110 ===  -
214 ===  -0

robo7swdlpgitydvhe 
TEXNOLOGIYA ===  -
GBVA ===  -
KONUS ===  -
3 6 ===  -
0 ===  -
5 ===  -
135 ===  -
8 24 8 24 8 40 12 36 ===  -
2 ===  -
21 ===  -
32 ===  -
A AND D ===  -
NOT A AND NOT V ===  -
NOT V AND NOT D ===  -
A AND NOT C OR NOT A AND C ===  -
22 ===  -
10 ===  -
75 ===  -
2.5 ===  -
11010110 ===  -
214 ===  -0

robo7cpfnlufojtix 
TEXNOLOGIYA ===  -
GBVA ===  -
KONUS ===  -
3 6 ===  -
0 ===  -
5 ===  -
135 ===  -
8 24 8 24 8 40 12 36 ===  -
2 ===  -
21 ===  -
32 ===  -
A AND D ===  -
NOT A AND NOT V ===  -
NOT V AND NOT D ===  -
A AND NOT C OR NOT A AND C ===  -
22 ===  -
10 ===  -
75 ===  -
2.5 ===  -
11010110 ===  -
214 ===  -0

robo7ciwanxluflrs 
TEXNOLOGIYA ===  -
GBVA ===  -
KONUS ===  -
3 6 ===  -
0 ===  -
5 ===  -
135 ===  -
8 24 8 24 8 40 12 36 ===  -
2 ===  -
21 ===  -
32 ===  -
A AND D ===  -
NOT A AND NOT V ===  -
NOT V AND NOT D ===  -
A AND NOT C OR NOT A AND C ===  -
22 ===  -
10 ===  -
75 ===  -
2.5 ===  -
11010110 ===  -
214 ===  -0

robo7pbtsajispqdg 
TEXNOLOGIYA ===  -
GBVA ===  -
KONUS ===  -
3 6 ===  -
0 ===  -
5 ===  -
135 ===  -
8 24 8 24 8 40 12 36 ===  -
2 ===  -
21 ===  -
32 ===  -
A AND D ===  -
NOT A AND NOT V ===  -
NOT V AND NOT D ===  -
A AND NOT C OR NOT A AND C ===  -
22 ===  -
10 ===  -
75 ===  -
2.5 ===  -
11010110 ===  -
214 ===  -0

robo7svrenlebjtccg 
TEXNOLOGIYA ===  -
GBVA ===  -
KONUS ===  -
3 6 ===  -
0 ===  -
5 ===  -
135 ===  -
8 24 8 24 8 40 12 36 ===  -
2 ===  -
21 ===  -
32 ===  -
A AND D ===  -
NOT A AND NOT V ===  -
NOT V AND NOT D ===  -
A AND NOT C OR NOT A AND C ===  -
22 ===  -
10 ===  -
75 ===  -
2.5 ===  -
11010110 ===  -
214 ===  -0

robo7svftyveolprfd 
TEXNOLOGIYA ===  -
GBVA ===  -
KONUS ===  -
3 6 ===  -
0 ===  -
5 ===  -
135 ===  -
8 24 8 24 8 40 12 36 ===  -
2 ===  -
21 ===  -
32 ===  -
A AND D ===  -
NOT A AND NOT V ===  -
NOT V AND NOT D ===  -
A AND NOT C OR NOT A AND C ===  -
22 ===  -
10 ===  -
75 ===  -
2.5 ===  -
11010110 ===  -
214 ===  -0

robo7ylwyljqshhjj 
TEXNOLOGIYA === MASHINA -
GBVA === GBVA +
KONUS === TREUGOL`NIK -
3 6 === 1 2 -
0 === 0 +
5 === 15:4 -
135 === 3:4 -
8 24 8 24 8 40 12 36 === 40 24 8 -
2 === 4 -
21 === 21 +
32 === 40 -
A AND D ===  -
NOT A AND NOT V ===  -
NOT V AND NOT D ===  -
A AND NOT C OR NOT A AND C ===  -
22 === 22 +
10 === 10 +
75 === 50 -
2.5 === 1.5 -
11010110 === 10011011 -
214 === 155 -5

robo7svbvfenodqasa 
TEXNOLOGIYA ===  -
GBVA ===  -
KONUS ===  -
3 6 ===  -
0 ===  -
5 ===  -
135 ===  -
8 24 8 24 8 40 12 36 ===  -
2 ===  -
21 ===  -
32 ===  -
A AND D ===  -
NOT A AND NOT V ===  -
NOT V AND NOT D ===  -
A AND NOT C OR NOT A AND C ===  -
22 ===  -
10 ===  -
75 ===  -
2.5 ===  -
11010110 ===  -
214 ===  -0

robo7ssvxggfitknyg 
TEXNOLOGIYA ===  -
GBVA ===  -
KONUS ===  -
3 6 ===  -
0 ===  -
5 ===  -
135 ===  -
8 24 8 24 8 40 12 36 ===  -
2 ===  -
21 ===  -
32 ===  -
A AND D ===  -
NOT A AND NOT V ===  -
NOT V AND NOT D ===  -
A AND NOT C OR NOT A AND C ===  -
22 ===  -
10 ===  -
75 ===  -
2.5 ===  -
11010110 ===  -
214 ===  -0

robo7yguiihcjkvsm 
TEXNOLOGIYA === TEXNOLOGIYA +
GBVA === GBAV -
KONUS === TREUGOL`NIK -
3 6 === 1 2 -
0 === 0 +
5 === 1:5 -
135 === 1:3 -
8 24 8 24 8 40 12 36 === 24816168402440 -
2 === 300 -
21 === 21 +
32 === 30 -
A AND D === A OR V AND D -
NOT A AND NOT V === NOT A NOT V AND C OR D -
NOT V AND NOT D === NOT A NOT C AND V OR D -
A AND NOT C OR NOT A AND C === A OR C AND V OR D -
22 === 22 +
10 === 10 +
75 === 75 +
2.5 === 2 -
11010110 === 10110101 -
214 === 181 -6

robo7ssglrexvtjmxy 
TEXNOLOGIYA ===  -
GBVA ===  -
KONUS ===  -
3 6 ===  -
0 ===  -
5 ===  -
135 ===  -
8 24 8 24 8 40 12 36 ===  -
2 ===  -
21 ===  -
32 ===  -
A AND D ===  -
NOT A AND NOT V ===  -
NOT V AND NOT D ===  -
A AND NOT C OR NOT A AND C ===  -
22 ===  -
10 ===  -
75 ===  -
2.5 ===  -
11010110 ===  -
214 ===  -0

robo7srwwaakwyprxn 
TEXNOLOGIYA ===  -
GBVA ===  -
KONUS ===  -
3 6 ===  -
0 ===  -
5 ===  -
135 ===  -
8 24 8 24 8 40 12 36 ===  -
2 ===  -
21 ===  -
32 ===  -
A AND D ===  -
NOT A AND NOT V ===  -
NOT V AND NOT D ===  -
A AND NOT C OR NOT A AND C ===  -
22 ===  -
10 ===  -
75 ===  -
2.5 ===  -
11010110 ===  -
214 ===  -0

robo7srrcgbflqpott 
TEXNOLOGIYA ===  -
GBVA ===  -
KONUS ===  -
3 6 ===  -
0 ===  -
5 ===  -
135 ===  -
8 24 8 24 8 40 12 36 ===  -
2 ===  -
21 ===  -
32 ===  -
A AND D ===  -
NOT A AND NOT V ===  -
NOT V AND NOT D ===  -
A AND NOT C OR NOT A AND C ===  -
22 ===  -
10 ===  -
75 ===  -
2.5 ===  -
11010110 ===  -
214 ===  -0

robo7sqcdevpwubfgs 
TEXNOLOGIYA === ROBOT -
GBVA === GBVA +
KONUS === KONUS +
3 6 === 1 2 -
0 === 0 +
5 === 1/5 -
135 ===  -
8 24 8 24 8 40 12 36 ===  -
2 ===  -
21 ===  -
32 ===  -
A AND D ===  -
NOT A AND NOT V ===  -
NOT V AND NOT D ===  -
A AND NOT C OR NOT A AND C ===  -
22 ===  -
10 ===  -
75 ===  -
2.5 ===  -
11010110 ===  -
214 ===  -3

robo7spunbqfgxmuvg 
TEXNOLOGIYA === TEXNOLOGIYA +
GBVA === GVBA -
KONUS === KONUS +
3 6 === 1 2 -
0 === 0 +
5 === 5 +
135 === 135 +
8 24 8 24 8 40 12 36 === 8248248401236 -
2 === 2 22 -
21 === 21 +
32 === 32 +
A AND D === D NOT C AND V OR A -
NOT A AND NOT V ===  -
NOT V AND NOT D ===  -
A AND NOT C OR NOT A AND C ===  -
22 === 22 +
10 === 10 +
75 === 75 +
2.5 === 1 -
11010110 ===  -
214 ===  -10

robo7spjnbpbwllsre 
TEXNOLOGIYA ===  -
GBVA ===  -
KONUS ===  -
3 6 ===  -
0 ===  -
5 ===  -
135 ===  -
8 24 8 24 8 40 12 36 ===  -
2 ===  -
21 ===  -
32 ===  -
A AND D ===  -
NOT A AND NOT V ===  -
NOT V AND NOT D ===  -
A AND NOT C OR NOT A AND C ===  -
22 ===  -
10 ===  -
75 ===  -
2.5 ===  -
11010110 ===  -
214 ===  -0

robo7spjbrlhugesmm 
TEXNOLOGIYA ===  -
GBVA ===  -
KONUS ===  -
3 6 ===  -
0 ===  -
5 ===  -
135 ===  -
8 24 8 24 8 40 12 36 ===  -
2 ===  -
21 ===  -
32 ===  -
A AND D ===  -
NOT A AND NOT V ===  -
NOT V AND NOT D ===  -
A AND NOT C OR NOT A AND C ===  -
22 ===  -
10 ===  -
75 ===  -
2.5 ===  -
11010110 ===  -
214 ===  -0

robo7spegrwvgajcrg 
TEXNOLOGIYA ===  -
GBVA ===  -
KONUS ===  -
3 6 ===  -
0 ===  -
5 ===  -
135 ===  -
8 24 8 24 8 40 12 36 ===  -
2 ===  -
21 ===  -
32 ===  -
A AND D ===  -
NOT A AND NOT V ===  -
NOT V AND NOT D ===  -
A AND NOT C OR NOT A AND C ===  -
22 ===  -
10 ===  -
75 ===  -
2.5 ===  -
11010110 ===  -
214 ===  -0

robo7soyfquimnnquj 
TEXNOLOGIYA ===  -
GBVA ===  -
KONUS ===  -
3 6 ===  -
0 ===  -
5 ===  -
135 ===  -
8 24 8 24 8 40 12 36 ===  -
2 ===  -
21 ===  -
32 ===  -
A AND D ===  -
NOT A AND NOT V ===  -
NOT V AND NOT D ===  -
A AND NOT C OR NOT A AND C ===  -
22 ===  -
10 ===  -
75 ===  -
2.5 ===  -
11010110 ===  -
214 ===  -0

robo7sorpceeyokesk 
TEXNOLOGIYA ===  -
GBVA ===  -
KONUS ===  -
3 6 ===  -
0 ===  -
5 ===  -
135 ===  -
8 24 8 24 8 40 12 36 ===  -
2 ===  -
21 ===  -
32 ===  -
A AND D ===  -
NOT A AND NOT V ===  -
NOT V AND NOT D ===  -
A AND NOT C OR NOT A AND C ===  -
22 ===  -
10 ===  -
75 ===  -
2.5 ===  -
11010110 ===  -
214 ===  -0

robo7socddagwnjbkj 
TEXNOLOGIYA ===  -
GBVA ===  -
KONUS ===  -
3 6 ===  -
0 ===  -
5 ===  -
135 ===  -
8 24 8 24 8 40 12 36 ===  -
2 ===  -
21 ===  -
32 ===  -
A AND D ===  -
NOT A AND NOT V ===  -
NOT V AND NOT D ===  -
A AND NOT C OR NOT A AND C ===  -
22 ===  -
10 ===  -
75 ===  -
2.5 ===  -
11010110 ===  -
214 ===  -0

robo7snngpesdntrrv 
TEXNOLOGIYA ===  -
GBVA ===  -
KONUS ===  -
3 6 ===  -
0 ===  -
5 ===  -
135 ===  -
8 24 8 24 8 40 12 36 ===  -
2 ===  -
21 ===  -
32 ===  -
A AND D ===  -
NOT A AND NOT V ===  -
NOT V AND NOT D ===  -
A AND NOT C OR NOT A AND C ===  -
22 ===  -
10 ===  -
75 ===  -
2.5 ===  -
11010110 ===  -
214 ===  -0

robo7snjdbeyhkbsom 
TEXNOLOGIYA ===  -
GBVA ===  -
KONUS ===  -
3 6 ===  -
0 ===  -
5 ===  -
135 ===  -
8 24 8 24 8 40 12 36 ===  -
2 ===  -
21 ===  -
32 ===  -
A AND D ===  -
NOT A AND NOT V ===  -
NOT V AND NOT D ===  -
A AND NOT C OR NOT A AND C ===  -
22 ===  -
10 ===  -
75 ===  -
2.5 ===  -
11010110 ===  -
214 ===  -0

robo7hwccbexwdfsj 
TEXNOLOGIYA ===  -
GBVA ===  -
KONUS ===  -
3 6 ===  -
0 ===  -
5 ===  -
135 ===  -
8 24 8 24 8 40 12 36 ===  -
2 ===  -
21 ===  -
32 ===  -
A AND D ===  -
NOT A AND NOT V ===  -
NOT V AND NOT D ===  -
A AND NOT C OR NOT A AND C ===  -
22 ===  -
10 ===  -
75 ===  -
2.5 ===  -
11010110 ===  -
214 ===  -0

robo7slfdfultbwpiq 
TEXNOLOGIYA ===  -
GBVA ===  -
KONUS ===  -
3 6 ===  -
0 ===  -
5 ===  -
135 ===  -
8 24 8 24 8 40 12 36 ===  -
2 ===  -
21 ===  -
32 ===  -
A AND D ===  -
NOT A AND NOT V ===  -
NOT V AND NOT D ===  -
A AND NOT C OR NOT A AND C ===  -
22 ===  -
10 ===  -
75 ===  -
2.5 ===  -
11010110 ===  -
214 ===  -0

robo7slacvanhelkov 
TEXNOLOGIYA === MASHINA -
GBVA === GBVA +
KONUS === KONUS +
3 6 === 1 2 -
0 === 0 +
5 ===  -
135 ===  -
8 24 8 24 8 40 12 36 === 2488248401236 -
2 ===  -
21 ===  -
32 ===  -
A AND D ===  -
NOT A AND NOT V ===  -
NOT V AND NOT D ===  -
A AND NOT C OR NOT A AND C ===  -
22 ===  -
10 ===  -
75 ===  -
2.5 ===  -
11010110 ===  -
214 ===  -3

robo7skssdsldebesn 
TEXNOLOGIYA ===  -
GBVA ===  -
KONUS ===  -
3 6 ===  -
0 ===  -
5 ===  -
135 ===  -
8 24 8 24 8 40 12 36 ===  -
2 ===  -
21 ===  -
32 ===  -
A AND D ===  -
NOT A AND NOT V ===  -
NOT V AND NOT D ===  -
A AND NOT C OR NOT A AND C ===  -
22 ===  -
10 ===  -
75 ===  -
2.5 ===  -
11010110 ===  -
214 ===  -0

robo7irlvenfvqyps 
TEXNOLOGIYA ===  -
GBVA ===  -
KONUS ===  -
3 6 ===  -
0 ===  -
5 ===  -
135 ===  -
8 24 8 24 8 40 12 36 ===  -
2 ===  -
21 ===  -
32 ===  -
A AND D ===  -
NOT A AND NOT V ===  -
NOT V AND NOT D ===  -
A AND NOT C OR NOT A AND C ===  -
22 ===  -
10 ===  -
75 ===  -
2.5 ===  -
11010110 ===  -
214 ===  -0

robo7sjvrsdowiixli 
TEXNOLOGIYA ===  -
GBVA ===  -
KONUS ===  -
3 6 ===  -
0 ===  -
5 ===  -
135 ===  -
8 24 8 24 8 40 12 36 ===  -
2 ===  -
21 ===  -
32 ===  -
A AND D ===  -
NOT A AND NOT V ===  -
NOT V AND NOT D ===  -
A AND NOT C OR NOT A AND C ===  -
22 ===  -
10 ===  -
75 ===  -
2.5 ===  -
11010110 ===  -
214 ===  -0

robo7sjoyomgsqcpjl 
TEXNOLOGIYA ===  -
GBVA ===  -
KONUS ===  -
3 6 ===  -
0 ===  -
5 ===  -
135 ===  -
8 24 8 24 8 40 12 36 ===  -
2 ===  -
21 ===  -
32 ===  -
A AND D ===  -
NOT A AND NOT V ===  -
NOT V AND NOT D ===  -
A AND NOT C OR NOT A AND C ===  -
22 ===  -
10 ===  -
75 ===  -
2.5 ===  -
11010110 ===  -
214 ===  -0

robo7hgfcftiamctf 
TEXNOLOGIYA ===  -
GBVA ===  -
KONUS ===  -
3 6 ===  -
0 ===  -
5 ===  -
135 ===  -
8 24 8 24 8 40 12 36 ===  -
2 ===  -
21 ===  -
32 ===  -
A AND D ===  -
NOT A AND NOT V ===  -
NOT V AND NOT D ===  -
A AND NOT C OR NOT A AND C ===  -
22 ===  -
10 ===  -
75 ===  -
2.5 ===  -
11010110 ===  -
214 ===  -0

robo7shuorjosamibd 
TEXNOLOGIYA ===  -
GBVA ===  -
KONUS ===  -
3 6 ===  -
0 ===  -
5 ===  -
135 ===  -
8 24 8 24 8 40 12 36 ===  -
2 ===  -
21 ===  -
32 ===  -
A AND D ===  -
NOT A AND NOT V ===  -
NOT V AND NOT D ===  -
A AND NOT C OR NOT A AND C ===  -
22 ===  -
10 ===  -
75 ===  -
2.5 ===  -
11010110 ===  -
214 ===  -0

robo7mavsvyiplhvq 
TEXNOLOGIYA ===  -
GBVA ===  -
KONUS ===  -
3 6 ===  -
0 ===  -
5 ===  -
135 ===  -
8 24 8 24 8 40 12 36 ===  -
2 ===  -
21 ===  -
32 ===  -
A AND D ===  -
NOT A AND NOT V ===  -
NOT V AND NOT D ===  -
A AND NOT C OR NOT A AND C ===  -
22 ===  -
10 ===  -
75 ===  -
2.5 ===  -
11010110 ===  -
214 ===  -0

robo7shfmxrkecwitr 
TEXNOLOGIYA ===  -
GBVA ===  -
KONUS ===  -
3 6 ===  -
0 ===  -
5 ===  -
135 ===  -
8 24 8 24 8 40 12 36 ===  -
2 ===  -
21 ===  -
32 ===  -
A AND D ===  -
NOT A AND NOT V ===  -
NOT V AND NOT D ===  -
A AND NOT C OR NOT A AND C ===  -
22 ===  -
10 ===  -
75 ===  -
2.5 ===  -
11010110 ===  -
214 ===  -0

robo7shcmlofmpmekt 
TEXNOLOGIYA ===  -
GBVA ===  -
KONUS ===  -
3 6 ===  -
0 ===  -
5 ===  -
135 ===  -
8 24 8 24 8 40 12 36 ===  -
2 ===  -
21 ===  -
32 ===  -
A AND D ===  -
NOT A AND NOT V ===  -
NOT V AND NOT D ===  -
A AND NOT C OR NOT A AND C ===  -
22 ===  -
10 ===  -
75 ===  -
2.5 ===  -
11010110 ===  -
214 ===  -0

robo7shbmdahyviuem 
TEXNOLOGIYA ===  -
GBVA ===  -
KONUS ===  -
3 6 ===  -
0 ===  -
5 ===  -
135 ===  -
8 24 8 24 8 40 12 36 ===  -
2 ===  -
21 ===  -
32 ===  -
A AND D ===  -
NOT A AND NOT V ===  -
NOT V AND NOT D ===  -
A AND NOT C OR NOT A AND C ===  -
22 ===  -
10 ===  -
75 ===  -
2.5 ===  -
11010110 ===  -
214 ===  -0

robo7sgrgkymfjrsui 
TEXNOLOGIYA ===  -
GBVA ===  -
KONUS ===  -
3 6 ===  -
0 ===  -
5 ===  -
135 ===  -
8 24 8 24 8 40 12 36 ===  -
2 ===  -
21 ===  -
32 ===  -
A AND D ===  -
NOT A AND NOT V ===  -
NOT V AND NOT D ===  -
A AND NOT C OR NOT A AND C ===  -
22 ===  -
10 ===  -
75 ===  -
2.5 ===  -
11010110 ===  -
214 ===  -0

robo7vxqtoxpjwxeo 
TEXNOLOGIYA ===  -
GBVA ===  -
KONUS ===  -
3 6 ===  -
0 ===  -
5 ===  -
135 ===  -
8 24 8 24 8 40 12 36 ===  -
2 ===  -
21 ===  -
32 ===  -
A AND D ===  -
NOT A AND NOT V ===  -
NOT V AND NOT D ===  -
A AND NOT C OR NOT A AND C ===  -
22 ===  -
10 ===  -
75 ===  -
2.5 ===  -
11010110 ===  -
214 ===  -0

robo7setxbafkrejsf 
TEXNOLOGIYA ===  -
GBVA ===  -
KONUS ===  -
3 6 ===  -
0 ===  -
5 ===  -
135 ===  -
8 24 8 24 8 40 12 36 ===  -
2 ===  -
21 ===  -
32 ===  -
A AND D ===  -
NOT A AND NOT V ===  -
NOT V AND NOT D ===  -
A AND NOT C OR NOT A AND C ===  -
22 ===  -
10 ===  -
75 ===  -
2.5 ===  -
11010110 ===  -
214 ===  -0

robo7sephpqtbhlrkr 
TEXNOLOGIYA ===  -
GBVA ===  -
KONUS ===  -
3 6 ===  -
0 ===  -
5 ===  -
135 ===  -
8 24 8 24 8 40 12 36 ===  -
2 ===  -
21 ===  -
32 ===  -
A AND D ===  -
NOT A AND NOT V ===  -
NOT V AND NOT D ===  -
A AND NOT C OR NOT A AND C ===  -
22 ===  -
10 ===  -
75 ===  -
2.5 ===  -
11010110 ===  -
214 ===  -0

robo7selthrowhfexl 
TEXNOLOGIYA ===  -
GBVA ===  -
KONUS ===  -
3 6 ===  -
0 ===  -
5 ===  -
135 ===  -
8 24 8 24 8 40 12 36 ===  -
2 ===  -
21 ===  -
32 ===  -
A AND D ===  -
NOT A AND NOT V ===  -
NOT V AND NOT D ===  -
A AND NOT C OR NOT A AND C ===  -
22 ===  -
10 ===  -
75 ===  -
2.5 ===  -
11010110 ===  -
214 ===  -0

robo7sdxdiixpervse 
TEXNOLOGIYA ===  -
GBVA ===  -
KONUS ===  -
3 6 ===  -
0 ===  -
5 ===  -
135 ===  -
8 24 8 24 8 40 12 36 ===  -
2 ===  -
21 ===  -
32 ===  -
A AND D ===  -
NOT A AND NOT V ===  -
NOT V AND NOT D ===  -
A AND NOT C OR NOT A AND C ===  -
22 ===  -
10 ===  -
75 ===  -
2.5 ===  -
11010110 ===  -
214 ===  -0

robo7sdtusippyvxsu 
TEXNOLOGIYA ===  -
GBVA ===  -
KONUS ===  -
3 6 ===  -
0 ===  -
5 ===  -
135 ===  -
8 24 8 24 8 40 12 36 ===  -
2 ===  -
21 ===  -
32 ===  -
A AND D ===  -
NOT A AND NOT V ===  -
NOT V AND NOT D ===  -
A AND NOT C OR NOT A AND C ===  -
22 ===  -
10 ===  -
75 ===  -
2.5 ===  -
11010110 ===  -
214 ===  -0

robo7scanvyornrust 
TEXNOLOGIYA ===  -
GBVA ===  -
KONUS ===  -
3 6 ===  -
0 ===  -
5 ===  -
135 ===  -
8 24 8 24 8 40 12 36 ===  -
2 ===  -
21 ===  -
32 ===  -
A AND D ===  -
NOT A AND NOT V ===  -
NOT V AND NOT D ===  -
A AND NOT C OR NOT A AND C ===  -
22 ===  -
10 ===  -
75 ===  -
2.5 ===  -
11010110 ===  -
214 ===  -0

robo7scajiuywtvgfj 
TEXNOLOGIYA ===  -
GBVA ===  -
KONUS ===  -
3 6 ===  -
0 ===  -
5 ===  -
135 ===  -
8 24 8 24 8 40 12 36 ===  -
2 ===  -
21 ===  -
32 ===  -
A AND D ===  -
NOT A AND NOT V ===  -
NOT V AND NOT D ===  -
A AND NOT C OR NOT A AND C ===  -
22 ===  -
10 ===  -
75 ===  -
2.5 ===  -
11010110 ===  -
214 ===  -0

robo7dklfkyqctgos 
TEXNOLOGIYA ===  -
GBVA ===  -
KONUS ===  -
3 6 ===  -
0 ===  -
5 ===  -
135 ===  -
8 24 8 24 8 40 12 36 ===  -
2 ===  -
21 ===  -
32 ===  -
A AND D ===  -
NOT A AND NOT V ===  -
NOT V AND NOT D ===  -
A AND NOT C OR NOT A AND C ===  -
22 ===  -
10 ===  -
75 ===  -
2.5 ===  -
11010110 ===  -
214 ===  -0

robo7savnwypdinwdr 
TEXNOLOGIYA ===  -
GBVA ===  -
KONUS ===  -
3 6 ===  -
0 ===  -
5 ===  -
135 ===  -
8 24 8 24 8 40 12 36 ===  -
2 ===  -
21 ===  -
32 ===  -
A AND D ===  -
NOT A AND NOT V ===  -
NOT V AND NOT D ===  -
A AND NOT C OR NOT A AND C ===  -
22 ===  -
10 ===  -
75 ===  -
2.5 ===  -
11010110 ===  -
214 ===  -0

robo7sajsnanyihgsi 
TEXNOLOGIYA ===  -
GBVA ===  -
KONUS ===  -
3 6 ===  -
0 ===  -
5 ===  -
135 ===  -
8 24 8 24 8 40 12 36 ===  -
2 ===  -
21 ===  -
32 ===  -
A AND D ===  -
NOT A AND NOT V ===  -
NOT V AND NOT D ===  -
A AND NOT C OR NOT A AND C ===  -
22 ===  -
10 ===  -
75 ===  -
2.5 ===  -
11010110 ===  -
214 ===  -0

robo7docddagwnjbkj 
TEXNOLOGIYA ===  -
GBVA ===  -
KONUS ===  -
3 6 ===  -
0 ===  -
5 ===  -
135 ===  -
8 24 8 24 8 40 12 36 ===  -
2 ===  -
21 ===  -
32 ===  -
A AND D ===  -
NOT A AND NOT V ===  -
NOT V AND NOT D ===  -
A AND NOT C OR NOT A AND C ===  -
22 ===  -
10 ===  -
75 ===  -
2.5 ===  -
11010110 ===  -
214 ===  -0

robo7hlyhddgobtsx 
TEXNOLOGIYA ===  -
GBVA ===  -
KONUS ===  -
3 6 ===  -
0 ===  -
5 ===  -
135 ===  -
8 24 8 24 8 40 12 36 ===  -
2 ===  -
21 ===  -
32 ===  -
A AND D ===  -
NOT A AND NOT V ===  -
NOT V AND NOT D ===  -
A AND NOT C OR NOT A AND C ===  -
22 ===  -
10 ===  -
75 ===  -
2.5 ===  -
11010110 ===  -
214 ===  -0

robo7fhkhqjehvwqr 
TEXNOLOGIYA ===  -
GBVA ===  -
KONUS ===  -
3 6 ===  -
0 ===  -
5 ===  -
135 ===  -
8 24 8 24 8 40 12 36 ===  -
2 ===  -
21 ===  -
32 ===  -
A AND D ===  -
NOT A AND NOT V ===  -
NOT V AND NOT D ===  -
A AND NOT C OR NOT A AND C ===  -
22 ===  -
10 ===  -
75 ===  -
2.5 ===  -
11010110 ===  -
214 ===  -0

robo7skedcaxgctwys 
TEXNOLOGIYA ===  -
GBVA ===  -
KONUS ===  -
3 6 ===  -
0 ===  -
5 ===  -
135 ===  -
8 24 8 24 8 40 12 36 ===  -
2 ===  -
21 ===  -
32 ===  -
A AND D ===  -
NOT A AND NOT V ===  -
NOT V AND NOT D ===  -
A AND NOT C OR NOT A AND C ===  -
22 ===  -
10 ===  -
75 ===  -
2.5 ===  -
11010110 ===  -
214 ===  -0

robo7dnngpesdntrrv 
TEXNOLOGIYA === ROBOT -
GBVA === GBAV -
KONUS === TREUGOL`NIK -
3 6 === 2 -
0 ===  -
5 === 74 -
135 === 3.3 -
8 24 8 24 8 40 12 36 === 24 8 8 40 16 16 12 36 -
2 === 7.2 -
21 === 25 -
32 === 20 -
A AND D === V -
NOT A AND NOT V === C -
NOT V AND NOT D === D -
A AND NOT C OR NOT A AND C === V -
22 === 22 +
10 === 2 3 -
75 === 65 -
2.5 === 3.2 -
11010110 === 11 -
214 === 15 -1

robo7dnjdbeyhkbsom 
TEXNOLOGIYA === ROBOT -
GBVA === GBVA +
KONUS === TREUGOL`NIK -
3 6 === 1 2 -
0 === 0 +
5 === 3 -
135 === 3.3 -
8 24 8 24 8 40 12 36 === 24 8 8 40 16 12 36 -
2 === 240 -
21 === 25 -
32 === 20 -
A AND D === C -
NOT A AND NOT V === C -
NOT V AND NOT D === D -
A AND NOT C OR NOT A AND C === V -
22 === 22 +
10 === 4 3 -
75 === 65 -
2.5 === 3.2 -
11010110 === 11 -
214 === 11 -3

robo7diihtwvcgtes 
TEXNOLOGIYA ===  -
GBVA ===  -
KONUS ===  -
3 6 ===  -
0 ===  -
5 ===  -
135 ===  -
8 24 8 24 8 40 12 36 ===  -
2 ===  -
21 ===  -
32 ===  -
A AND D ===  -
NOT A AND NOT V ===  -
NOT V AND NOT D ===  -
A AND NOT C OR NOT A AND C ===  -
22 ===  -
10 ===  -
75 ===  -
2.5 ===  -
11010110 ===  -
214 ===  -0

robo7dorpceeyokesk 
TEXNOLOGIYA ===  -
GBVA ===  -
KONUS ===  -
3 6 ===  -
0 ===  -
5 ===  -
135 ===  -
8 24 8 24 8 40 12 36 ===  -
2 ===  -
21 ===  -
32 ===  -
A AND D ===  -
NOT A AND NOT V ===  -
NOT V AND NOT D ===  -
A AND NOT C OR NOT A AND C ===  -
22 ===  -
10 ===  -
75 ===  -
2.5 ===  -
11010110 ===  -
214 ===  -0

robo7dlfdfultbwpiq 
TEXNOLOGIYA === ROBOT -
GBVA === GBAV -
KONUS === TREUGOL`NIK -
3 6 === 1 2 -
0 === 0 +
5 === 3 -
135 === 3.3 -
8 24 8 24 8 40 12 36 === 24 8 8 40 16 12 36 -
2 === 7.2 -
21 === 25 -
32 === 20 -
A AND D === C -
NOT A AND NOT V === C -
NOT V AND NOT D === D -
A AND NOT C OR NOT A AND C === V -
22 === 22 +
10 === 4 3 -
75 === 65 -
2.5 === 3.2 -
11010110 === 11 -
214 === 15 -2

robo7lahwyclhtkvi 
TEXNOLOGIYA ===  -
GBVA ===  -
KONUS ===  -
3 6 ===  -
0 ===  -
5 ===  -
135 ===  -
8 24 8 24 8 40 12 36 ===  -
2 ===  -
21 ===  -
32 ===  -
A AND D ===  -
NOT A AND NOT V ===  -
NOT V AND NOT D ===  -
A AND NOT C OR NOT A AND C ===  -
22 ===  -
10 ===  -
75 ===  -
2.5 ===  -
11010110 ===  -
214 ===  -0

robo7dlacvanhelkov 
TEXNOLOGIYA ===  -
GBVA === GBVA +
KONUS === TREUGOL`NIK -
3 6 === 1 2 -
0 === 0 +
5 ===  -
135 ===  -
8 24 8 24 8 40 12 36 ===  -
2 ===  -
21 === 44 -
32 === 34 -
A AND D === V OR A -
NOT A AND NOT V === C OR D AND NOT A AND NOT V -
NOT V AND NOT D === A AND C OR A AND D OR V AND C OR V AND D -
A AND NOT C OR NOT A AND C === A AND C OR A AND D OR V AND C OR V AND D -
22 === 22 +
10 === 20 -
75 === 75 +
2.5 === 3 -
11010110 ===  -
214 ===  -4

robo7silcpsklryvmc 
TEXNOLOGIYA ===  -
GBVA ===  -
KONUS ===  -
3 6 ===  -
0 ===  -
5 ===  -
135 ===  -
8 24 8 24 8 40 12 36 ===  -
2 ===  -
21 ===  -
32 ===  -
A AND D ===  -
NOT A AND NOT V ===  -
NOT V AND NOT D ===  -
A AND NOT C OR NOT A AND C ===  -
22 ===  -
10 ===  -
75 ===  -
2.5 ===  -
11010110 ===  -
214 ===  -0

robo7rvqedougygnu 
TEXNOLOGIYA ===  -
GBVA ===  -
KONUS ===  -
3 6 ===  -
0 ===  -
5 ===  -
135 ===  -
8 24 8 24 8 40 12 36 ===  -
2 ===  -
21 ===  -
32 ===  -
A AND D ===  -
NOT A AND NOT V ===  -
NOT V AND NOT D ===  -
A AND NOT C OR NOT A AND C ===  -
22 ===  -
10 ===  -
75 ===  -
2.5 ===  -
11010110 ===  -
214 ===  -0

robo7ptfxgxnxxsrr 
TEXNOLOGIYA ===  -
GBVA === GBVA +
KONUS === KONUS +
3 6 === 1 2 -
0 === 0 +
5 === 53 -
135 ===  -
8 24 8 24 8 40 12 36 ===  -
2 ===  -
21 === 20 -
32 === 32 +
A AND D === 135413 -
NOT A AND NOT V ===  -
NOT V AND NOT D ===  -
A AND NOT C OR NOT A AND C ===  -
22 === 20 -
10 ===  -
75 ===  -
2.5 ===  -
11010110 ===  -
214 === 5625 -4

robo7shiymmyalcyea 
TEXNOLOGIYA ===  -
GBVA ===  -
KONUS ===  -
3 6 ===  -
0 ===  -
5 ===  -
135 ===  -
8 24 8 24 8 40 12 36 ===  -
2 ===  -
21 ===  -
32 ===  -
A AND D ===  -
NOT A AND NOT V ===  -
NOT V AND NOT D ===  -
A AND NOT C OR NOT A AND C ===  -
22 ===  -
10 ===  -
75 ===  -
2.5 ===  -
11010110 ===  -
214 ===  -0

robo7djvrsdowiixli 
TEXNOLOGIYA ===  -
GBVA ===  -
KONUS ===  -
3 6 ===  -
0 ===  -
5 ===  -
135 ===  -
8 24 8 24 8 40 12 36 ===  -
2 ===  -
21 ===  -
32 ===  -
A AND D ===  -
NOT A AND NOT V ===  -
NOT V AND NOT D ===  -
A AND NOT C OR NOT A AND C ===  -
22 ===  -
10 ===  -
75 ===  -
2.5 ===  -
11010110 ===  -
214 ===  -0

robo7djoyomgsqcpjl 
TEXNOLOGIYA ===  -
GBVA ===  -
KONUS ===  -
3 6 ===  -
0 ===  -
5 ===  -
135 ===  -
8 24 8 24 8 40 12 36 ===  -
2 ===  -
21 ===  -
32 ===  -
A AND D ===  -
NOT A AND NOT V ===  -
NOT V AND NOT D ===  -
A AND NOT C OR NOT A AND C ===  -
22 ===  -
10 ===  -
75 ===  -
2.5 ===  -
11010110 ===  -
214 ===  -0

robo7aumwupcubaqs 
TEXNOLOGIYA ===  -
GBVA ===  -
KONUS ===  -
3 6 ===  -
0 ===  -
5 ===  -
135 ===  -
8 24 8 24 8 40 12 36 ===  -
2 ===  -
21 ===  -
32 ===  -
A AND D ===  -
NOT A AND NOT V ===  -
NOT V AND NOT D ===  -
A AND NOT C OR NOT A AND C ===  -
22 ===  -
10 ===  -
75 ===  -
2.5 ===  -
11010110 ===  -
214 ===  -0

robo7irxmokscoots 
TEXNOLOGIYA ===  -
GBVA ===  -
KONUS ===  -
3 6 ===  -
0 ===  -
5 ===  -
135 ===  -
8 24 8 24 8 40 12 36 ===  -
2 ===  -
21 ===  -
32 ===  -
A AND D ===  -
NOT A AND NOT V ===  -
NOT V AND NOT D ===  -
A AND NOT C OR NOT A AND C ===  -
22 ===  -
10 ===  -
75 ===  -
2.5 ===  -
11010110 ===  -
214 ===  -0

robo7fyqbohganmbh 
TEXNOLOGIYA ===  -
GBVA ===  -
KONUS ===  -
3 6 ===  -
0 ===  -
5 ===  -
135 ===  -
8 24 8 24 8 40 12 36 ===  -
2 ===  -
21 ===  -
32 ===  -
A AND D ===  -
NOT A AND NOT V ===  -
NOT V AND NOT D ===  -
A AND NOT C OR NOT A AND C ===  -
22 ===  -
10 ===  -
75 ===  -
2.5 ===  -
11010110 ===  -
214 ===  -0

robo7dhiymmyalcyea 
TEXNOLOGIYA ===  -
GBVA ===  -
KONUS ===  -
3 6 ===  -
0 ===  -
5 ===  -
135 ===  -
8 24 8 24 8 40 12 36 ===  -
2 ===  -
21 ===  -
32 ===  -
A AND D ===  -
NOT A AND NOT V ===  -
NOT V AND NOT D ===  -
A AND NOT C OR NOT A AND C ===  -
22 ===  -
10 ===  -
75 ===  -
2.5 ===  -
11010110 ===  -
214 ===  -0

robo7sfajclfvenhyu 
TEXNOLOGIYA ===  -
GBVA ===  -
KONUS ===  -
3 6 ===  -
0 ===  -
5 ===  -
135 ===  -
8 24 8 24 8 40 12 36 ===  -
2 ===  -
21 ===  -
32 ===  -
A AND D ===  -
NOT A AND NOT V ===  -
NOT V AND NOT D ===  -
A AND NOT C OR NOT A AND C ===  -
22 ===  -
10 ===  -
75 ===  -
2.5 ===  -
11010110 ===  -
214 ===  -0

robo7xanuhenrhibj 
TEXNOLOGIYA ===  -
GBVA ===  -
KONUS ===  -
3 6 ===  -
0 ===  -
5 ===  -
135 ===  -
8 24 8 24 8 40 12 36 ===  -
2 ===  -
21 ===  -
32 ===  -
A AND D ===  -
NOT A AND NOT V ===  -
NOT V AND NOT D ===  -
A AND NOT C OR NOT A AND C ===  -
22 ===  -
10 ===  -
75 ===  -
2.5 ===  -
11010110 ===  -
214 ===  -0

robo7ypbyyyvhluah 
TEXNOLOGIYA ===  -
GBVA ===  -
KONUS ===  -
3 6 ===  -
0 ===  -
5 ===  -
135 ===  -
8 24 8 24 8 40 12 36 ===  -
2 ===  -
21 ===  -
32 ===  -
A AND D ===  -
NOT A AND NOT V ===  -
NOT V AND NOT D ===  -
A AND NOT C OR NOT A AND C ===  -
22 ===  -
10 ===  -
75 ===  -
2.5 ===  -
11010110 ===  -
214 ===  -0

robo7loxwnryyalve 
TEXNOLOGIYA ===  -
GBVA ===  -
KONUS ===  -
3 6 ===  -
0 ===  -
5 ===  -
135 ===  -
8 24 8 24 8 40 12 36 ===  -
2 ===  -
21 ===  -
32 ===  -
A AND D ===  -
NOT A AND NOT V ===  -
NOT V AND NOT D ===  -
A AND NOT C OR NOT A AND C ===  -
22 ===  -
10 ===  -
75 ===  -
2.5 ===  -
11010110 ===  -
214 ===  -0

robo7rjcplrehtlfj 
TEXNOLOGIYA === TEXNOLOGIYA +
GBVA === GBVA +
KONUS === TREUGOL`NIK -
3 6 === 1 2 -
0 === 1 -
5 === 40 -
135 === 24 -
8 24 8 24 8 40 12 36 === 8 -
2 === 64 -
21 === 19 -
32 === 22 -
A AND D === OR AND NOT -
NOT A AND NOT V === AND OR NOT -
NOT V AND NOT D === OR OR NOT -
A AND NOT C OR NOT A AND C === AND NOT NOT -
22 === 36 -
10 === 12 -
75 === 86 -
2.5 === 60 -
11010110 === 23 -
214 === 43 -2

robo7dfajclfvenhyu 
TEXNOLOGIYA === TEXNOLOGIYA +
GBVA === GBVA +
KONUS === KONUS +
3 6 === 1 2 -
0 === 0 +
5 === 0.03 -
135 === 0 0016 -
8 24 8 24 8 40 12 36 === 24816168401236 -
2 === 80 -
21 === 17 -
32 === 16 -
A AND D === C OR D -
NOT A AND NOT V === A -
NOT V AND NOT D === A AND C -
A AND NOT C OR NOT A AND C === C AND D OR A AND V -
22 === 12 -
10 === 44 -
75 === 75 +
2.5 === 100 -
11010110 === 22 -
214 === 3 3 -5

robo7xhtjydynrgcl 
TEXNOLOGIYA ===  -
GBVA ===  -
KONUS ===  -
3 6 ===  -
0 ===  -
5 ===  -
135 ===  -
8 24 8 24 8 40 12 36 ===  -
2 ===  -
21 ===  -
32 ===  -
A AND D ===  -
NOT A AND NOT V ===  -
NOT V AND NOT D ===  -
A AND NOT C OR NOT A AND C ===  -
22 ===  -
10 ===  -
75 ===  -
2.5 ===  -
11010110 ===  -
214 ===  -0

robo7kebplbvomill 
TEXNOLOGIYA ===  -
GBVA ===  -
KONUS ===  -
3 6 ===  -
0 ===  -
5 ===  -
135 ===  -
8 24 8 24 8 40 12 36 ===  -
2 ===  -
21 ===  -
32 ===  -
A AND D ===  -
NOT A AND NOT V ===  -
NOT V AND NOT D ===  -
A AND NOT C OR NOT A AND C ===  -
22 ===  -
10 ===  -
75 ===  -
2.5 ===  -
11010110 ===  -
214 ===  -0

robo7sbltouujdrbwc 
TEXNOLOGIYA ===  -
GBVA ===  -
KONUS ===  -
3 6 ===  -
0 ===  -
5 ===  -
135 ===  -
8 24 8 24 8 40 12 36 ===  -
2 ===  -
21 ===  -
32 ===  -
A AND D ===  -
NOT A AND NOT V ===  -
NOT V AND NOT D ===  -
A AND NOT C OR NOT A AND C ===  -
22 ===  -
10 ===  -
75 ===  -
2.5 ===  -
11010110 ===  -
214 ===  -0

robo7byejcrdqbdop 
TEXNOLOGIYA ===  -
GBVA ===  -
KONUS ===  -
3 6 ===  -
0 ===  -
5 ===  -
135 ===  -
8 24 8 24 8 40 12 36 ===  -
2 ===  -
21 ===  -
32 ===  -
A AND D ===  -
NOT A AND NOT V ===  -
NOT V AND NOT D ===  -
A AND NOT C OR NOT A AND C ===  -
22 ===  -
10 ===  -
75 ===  -
2.5 ===  -
11010110 ===  -
214 ===  -0

robo7ddxdiixpervse 
TEXNOLOGIYA ===  -
GBVA ===  -
KONUS ===  -
3 6 ===  -
0 ===  -
5 ===  -
135 ===  -
8 24 8 24 8 40 12 36 ===  -
2 ===  -
21 ===  -
32 ===  -
A AND D ===  -
NOT A AND NOT V ===  -
NOT V AND NOT D ===  -
A AND NOT C OR NOT A AND C ===  -
22 ===  -
10 ===  -
75 ===  -
2.5 ===  -
11010110 ===  -
214 ===  -0

robo7cifwudhrusda 
TEXNOLOGIYA ===  -
GBVA ===  -
KONUS ===  -
3 6 ===  -
0 ===  -
5 ===  -
135 ===  -
8 24 8 24 8 40 12 36 ===  -
2 ===  -
21 ===  -
32 ===  -
A AND D ===  -
NOT A AND NOT V ===  -
NOT V AND NOT D ===  -
A AND NOT C OR NOT A AND C ===  -
22 ===  -
10 ===  -
75 ===  -
2.5 ===  -
11010110 ===  -
214 ===  -0

robo7csfpjachaauo 
TEXNOLOGIYA ===  -
GBVA ===  -
KONUS ===  -
3 6 ===  -
0 ===  -
5 ===  -
135 ===  -
8 24 8 24 8 40 12 36 ===  -
2 ===  -
21 ===  -
32 ===  -
A AND D ===  -
NOT A AND NOT V ===  -
NOT V AND NOT D ===  -
A AND NOT C OR NOT A AND C ===  -
22 ===  -
10 ===  -
75 ===  -
2.5 ===  -
11010110 ===  -
214 ===  -0

robo7cfhegounrkel 
TEXNOLOGIYA ===  -
GBVA ===  -
KONUS ===  -
3 6 ===  -
0 ===  -
5 ===  -
135 ===  -
8 24 8 24 8 40 12 36 ===  -
2 ===  -
21 ===  -
32 ===  -
A AND D ===  -
NOT A AND NOT V ===  -
NOT V AND NOT D ===  -
A AND NOT C OR NOT A AND C ===  -
22 ===  -
10 ===  -
75 ===  -
2.5 ===  -
11010110 ===  -
214 ===  -0

robo7oydtdmhhrdne 
TEXNOLOGIYA ===  -
GBVA ===  -
KONUS ===  -
3 6 ===  -
0 ===  -
5 ===  -
135 ===  -
8 24 8 24 8 40 12 36 ===  -
2 ===  -
21 ===  -
32 ===  -
A AND D ===  -
NOT A AND NOT V ===  -
NOT V AND NOT D ===  -
A AND NOT C OR NOT A AND C ===  -
22 ===  -
10 ===  -
75 ===  -
2.5 ===  -
11010110 ===  -
214 ===  -0

robo7fyxogfrsetfb 
TEXNOLOGIYA ===  -
GBVA ===  -
KONUS ===  -
3 6 ===  -
0 ===  -
5 ===  -
135 ===  -
8 24 8 24 8 40 12 36 ===  -
2 ===  -
21 ===  -
32 ===  -
A AND D ===  -
NOT A AND NOT V ===  -
NOT V AND NOT D ===  -
A AND NOT C OR NOT A AND C ===  -
22 ===  -
10 ===  -
75 ===  -
2.5 ===  -
11010110 ===  -
214 ===  -0

robo7doornxifvpll 
TEXNOLOGIYA ===  -
GBVA ===  -
KONUS ===  -
3 6 ===  -
0 ===  -
5 ===  -
135 ===  -
8 24 8 24 8 40 12 36 ===  -
2 ===  -
21 ===  -
32 ===  -
A AND D ===  -
NOT A AND NOT V ===  -
NOT V AND NOT D ===  -
A AND NOT C OR NOT A AND C ===  -
22 ===  -
10 ===  -
75 ===  -
2.5 ===  -
11010110 ===  -
214 ===  -0

robo7qgfllpvflvnp 
TEXNOLOGIYA ===  -
GBVA ===  -
KONUS ===  -
3 6 ===  -
0 ===  -
5 ===  -
135 ===  -
8 24 8 24 8 40 12 36 ===  -
2 ===  -
21 ===  -
32 ===  -
A AND D ===  -
NOT A AND NOT V ===  -
NOT V AND NOT D ===  -
A AND NOT C OR NOT A AND C ===  -
22 ===  -
10 ===  -
75 ===  -
2.5 ===  -
11010110 ===  -
214 ===  -0

robo7jkecbafulhnx 
TEXNOLOGIYA ===  -
GBVA ===  -
KONUS ===  -
3 6 ===  -
0 ===  -
5 ===  -
135 ===  -
8 24 8 24 8 40 12 36 ===  -
2 ===  -
21 ===  -
32 ===  -
A AND D ===  -
NOT A AND NOT V ===  -
NOT V AND NOT D ===  -
A AND NOT C OR NOT A AND C ===  -
22 ===  -
10 ===  -
75 ===  -
2.5 ===  -
11010110 ===  -
214 ===  -0

robo7hvxvaukjimqn 
TEXNOLOGIYA ===  -
GBVA ===  -
KONUS ===  -
3 6 ===  -
0 ===  -
5 ===  -
135 ===  -
8 24 8 24 8 40 12 36 ===  -
2 ===  -
21 ===  -
32 ===  -
A AND D ===  -
NOT A AND NOT V ===  -
NOT V AND NOT D ===  -
A AND NOT C OR NOT A AND C ===  -
22 ===  -
10 ===  -
75 ===  -
2.5 ===  -
11010110 ===  -
214 ===  -0

robo7lsaevlnuwuut 
TEXNOLOGIYA ===  -
GBVA ===  -
KONUS ===  -
3 6 ===  -
0 ===  -
5 ===  -
135 ===  -
8 24 8 24 8 40 12 36 ===  -
2 ===  -
21 ===  -
32 ===  -
A AND D ===  -
NOT A AND NOT V ===  -
NOT V AND NOT D ===  -
A AND NOT C OR NOT A AND C ===  -
22 ===  -
10 ===  -
75 ===  -
2.5 ===  -
11010110 ===  -
214 ===  -0

robo7gvttpmdtjmyo 
TEXNOLOGIYA ===  -
GBVA ===  -
KONUS ===  -
3 6 ===  -
0 ===  -
5 ===  -
135 ===  -
8 24 8 24 8 40 12 36 ===  -
2 ===  -
21 ===  -
32 ===  -
A AND D ===  -
NOT A AND NOT V ===  -
NOT V AND NOT D ===  -
A AND NOT C OR NOT A AND C ===  -
22 ===  -
10 ===  -
75 ===  -
2.5 ===  -
11010110 ===  -
214 ===  -0

robo7miaxmxmnwnbj 
TEXNOLOGIYA === BOT -
GBVA === GBVA +
KONUS === TREUGOL`NIK -
3 6 === 1 2 -
0 === 0 +
5 === 12 -
135 === 36 -
8 24 8 24 8 40 12 36 === 161236 -
2 ===  -
21 ===  -
32 === 14 -
A AND D ===  -
NOT A AND NOT V ===  -
NOT V AND NOT D ===  -
A AND NOT C OR NOT A AND C ===  -
22 ===  -
10 ===  -
75 === 55 -
2.5 ===  -
11010110 ===  -
214 ===  -2

robo7mndvtgepexju 
TEXNOLOGIYA === TEXNOLOGIYA +
GBVA === GBAV -
KONUS === RAVNOSTORONNII TREUGOL`NIK -
3 6 === 1 2 -
0 === 0 +
5 === 9 3 -
135 === 14 -
8 24 8 24 8 40 12 36 === 8248248401236 -
2 === 2 2 -
21 === 20 -
32 === 19 -
A AND D === C AND A OR V -
NOT A AND NOT V === A OR V -
NOT V AND NOT D === A AND C -
A AND NOT C OR NOT A AND C === A OR C -
22 === 22 +
10 === 10 +
75 === 76 -
2.5 === 1 5 -
11010110 ===  -
214 ===  -4

robo7rtnmoqnscmsp 
TEXNOLOGIYA ===  -
GBVA ===  -
KONUS ===  -
3 6 ===  -
0 ===  -
5 ===  -
135 ===  -
8 24 8 24 8 40 12 36 ===  -
2 ===  -
21 ===  -
32 ===  -
A AND D ===  -
NOT A AND NOT V ===  -
NOT V AND NOT D ===  -
A AND NOT C OR NOT A AND C ===  -
22 ===  -
10 ===  -
75 ===  -
2.5 ===  -
11010110 ===  -
214 ===  -0

robo7msyfcwslushu 
TEXNOLOGIYA === DREVESINA -
GBVA === BGVA -
KONUS === RAVNOSTORONNII TREUGOL`NIK -
3 6 === 0 1 2 -
0 === 0 +
5 === 9 3 -
135 === 14 -
8 24 8 24 8 40 12 36 === 8248248401236 -
2 === 2 2 -
21 ===  -
32 ===  -
A AND D === A AND C OR V -
NOT A AND NOT V ===  -
NOT V AND NOT D ===  -
A AND NOT C OR NOT A AND C ===  -
22 === 22 +
10 ===  -
75 ===  -
2.5 ===  -
11010110 ===  -
214 ===  -2

robo7mujlfyuwfgqd 
TEXNOLOGIYA === TEXNOLOGIYA +
GBVA === GBVA +
KONUS === PIRAMIDA -
3 6 === 1 2 -
0 === 0 +
5 ===  -
135 === 696 -
8 24 8 24 8 40 12 36 === 2482488401236 -
2 === 4000 -
21 === 17 -
32 === 20 -
A AND D === NOTORAND -
NOT A AND NOT V === ORNOTAND -
NOT V AND NOT D === NOTNOTAND -
A AND NOT C OR NOT A AND C === ORORAND -
22 === 5 -
10 === V U -
75 === 75 +
2.5 === 2 -
11010110 === 12105611 -
214 === 260 122084 -4

robo7mxkxsmhibmgu 
TEXNOLOGIYA ===  -
GBVA ===  -
KONUS ===  -
3 6 ===  -
0 ===  -
5 ===  -
135 ===  -
8 24 8 24 8 40 12 36 ===  -
2 ===  -
21 ===  -
32 ===  -
A AND D ===  -
NOT A AND NOT V ===  -
NOT V AND NOT D ===  -
A AND NOT C OR NOT A AND C ===  -
22 ===  -
10 ===  -
75 ===  -
2.5 ===  -
11010110 ===  -
214 ===  -0

robo7rfgsjjpawqrm 
TEXNOLOGIYA ===  -
GBVA ===  -
KONUS ===  -
3 6 ===  -
0 === 0 +
5 ===  -
135 ===  -
8 24 8 24 8 40 12 36 ===  -
2 ===  -
21 ===  -
32 ===  -
A AND D ===  -
NOT A AND NOT V ===  -
NOT V AND NOT D ===  -
A AND NOT C OR NOT A AND C ===  -
22 ===  -
10 ===  -
75 ===  -
2.5 ===  -
11010110 ===  -
214 ===  -1

robo7pryrjbgwkkwn 
TEXNOLOGIYA ===  -
GBVA ===  -
KONUS ===  -
3 6 ===  -
0 ===  -
5 ===  -
135 ===  -
8 24 8 24 8 40 12 36 ===  -
2 ===  -
21 ===  -
32 ===  -
A AND D ===  -
NOT A AND NOT V ===  -
NOT V AND NOT D ===  -
A AND NOT C OR NOT A AND C ===  -
22 ===  -
10 ===  -
75 ===  -
2.5 ===  -
11010110 ===  -
214 ===  -0

robo7nhewdmwxidrr 
TEXNOLOGIYA === E`NERGIYA -
GBVA === GBVA +
KONUS === TREUGOL`NIK -
3 6 === 1 2 -
0 === 0 +
5 === 10/3 -
135 ===  -
8 24 8 24 8 40 12 36 ===  -
2 ===  -
21 === 21 +
32 === 32 +
A AND D === NOT V AND D -
NOT A AND NOT V === NOT A AND NOT V +
NOT V AND NOT D === NOT V AND NOT D +
A AND NOT C OR NOT A AND C === NOT A AND C OR NOT C AND A -
22 === 22 +
10 === 10 +
75 === 75 +
2.5 === 2.5 +
11010110 === 110101100 -
214 === 172 -10

robo7ogwfqonglrqi 
TEXNOLOGIYA ===  -
GBVA ===  -
KONUS ===  -
3 6 ===  -
0 ===  -
5 ===  -
135 ===  -
8 24 8 24 8 40 12 36 ===  -
2 ===  -
21 ===  -
32 ===  -
A AND D ===  -
NOT A AND NOT V ===  -
NOT V AND NOT D ===  -
A AND NOT C OR NOT A AND C ===  -
22 ===  -
10 ===  -
75 ===  -
2.5 ===  -
11010110 ===  -
214 ===  -0

robo7stxiefxvnwjo 
TEXNOLOGIYA ===  -
GBVA ===  -
KONUS ===  -
3 6 ===  -
0 ===  -
5 ===  -
135 ===  -
8 24 8 24 8 40 12 36 ===  -
2 ===  -
21 ===  -
32 ===  -
A AND D ===  -
NOT A AND NOT V ===  -
NOT V AND NOT D ===  -
A AND NOT C OR NOT A AND C ===  -
22 ===  -
10 ===  -
75 ===  -
2.5 ===  -
11010110 ===  -
214 ===  -0

robo7ojpitmmpxnss 
TEXNOLOGIYA ===  -
GBVA ===  -
KONUS ===  -
3 6 ===  -
0 ===  -
5 ===  -
135 ===  -
8 24 8 24 8 40 12 36 ===  -
2 ===  -
21 ===  -
32 ===  -
A AND D ===  -
NOT A AND NOT V ===  -
NOT V AND NOT D ===  -
A AND NOT C OR NOT A AND C ===  -
22 ===  -
10 ===  -
75 ===  -
2.5 ===  -
11010110 ===  -
214 ===  -0

robo7hwqnatnugdnt 
TEXNOLOGIYA ===  -
GBVA ===  -
KONUS ===  -
3 6 ===  -
0 ===  -
5 ===  -
135 ===  -
8 24 8 24 8 40 12 36 ===  -
2 ===  -
21 ===  -
32 ===  -
A AND D ===  -
NOT A AND NOT V ===  -
NOT V AND NOT D ===  -
A AND NOT C OR NOT A AND C ===  -
22 ===  -
10 ===  -
75 ===  -
2.5 ===  -
11010110 ===  -
214 ===  -0

robo7ihjykwadqpva 
TEXNOLOGIYA ===  -
GBVA ===  -
KONUS ===  -
3 6 ===  -
0 ===  -
5 ===  -
135 ===  -
8 24 8 24 8 40 12 36 ===  -
2 ===  -
21 ===  -
32 ===  -
A AND D ===  -
NOT A AND NOT V ===  -
NOT V AND NOT D ===  -
A AND NOT C OR NOT A AND C ===  -
22 ===  -
10 ===  -
75 ===  -
2.5 ===  -
11010110 ===  -
214 ===  -0

robo7yjfuwtnkhdye 
TEXNOLOGIYA ===  -
GBVA ===  -
KONUS ===  -
3 6 ===  -
0 ===  -
5 ===  -
135 ===  -
8 24 8 24 8 40 12 36 ===  -
2 ===  -
21 ===  -
32 ===  -
A AND D ===  -
NOT A AND NOT V ===  -
NOT V AND NOT D ===  -
A AND NOT C OR NOT A AND C ===  -
22 ===  -
10 ===  -
75 ===  -
2.5 ===  -
11010110 ===  -
214 ===  -0

robo7irfowxayguie 
TEXNOLOGIYA ===  -
GBVA ===  -
KONUS ===  -
3 6 ===  -
0 ===  -
5 ===  -
135 ===  -
8 24 8 24 8 40 12 36 ===  -
2 ===  -
21 ===  -
32 ===  -
A AND D ===  -
NOT A AND NOT V ===  -
NOT V AND NOT D ===  -
A AND NOT C OR NOT A AND C ===  -
22 ===  -
10 ===  -
75 ===  -
2.5 ===  -
11010110 ===  -
214 ===  -0

robo7pwdiuhfychet 
TEXNOLOGIYA ===  -
GBVA ===  -
KONUS ===  -
3 6 ===  -
0 ===  -
5 ===  -
135 ===  -
8 24 8 24 8 40 12 36 ===  -
2 ===  -
21 ===  -
32 ===  -
A AND D ===  -
NOT A AND NOT V ===  -
NOT V AND NOT D ===  -
A AND NOT C OR NOT A AND C ===  -
22 ===  -
10 ===  -
75 ===  -
2.5 ===  -
11010110 ===  -
214 ===  -0

robo7pxestwrsocrk 
TEXNOLOGIYA ===  -
GBVA ===  -
KONUS ===  -
3 6 ===  -
0 ===  -
5 ===  -
135 ===  -
8 24 8 24 8 40 12 36 ===  -
2 ===  -
21 ===  -
32 ===  -
A AND D ===  -
NOT A AND NOT V ===  -
NOT V AND NOT D ===  -
A AND NOT C OR NOT A AND C ===  -
22 ===  -
10 ===  -
75 ===  -
2.5 ===  -
11010110 ===  -
214 ===  -0

robo7scdqwwlpiyyx 
TEXNOLOGIYA ===  -
GBVA ===  -
KONUS ===  -
3 6 ===  -
0 ===  -
5 ===  -
135 ===  -
8 24 8 24 8 40 12 36 ===  -
2 ===  -
21 ===  -
32 ===  -
A AND D ===  -
NOT A AND NOT V ===  -
NOT V AND NOT D ===  -
A AND NOT C OR NOT A AND C ===  -
22 ===  -
10 ===  -
75 ===  -
2.5 ===  -
11010110 ===  -
214 ===  -0

robo7svltkrqgedhn 
TEXNOLOGIYA ===  -
GBVA ===  -
KONUS ===  -
3 6 ===  -
0 ===  -
5 ===  -
135 ===  -
8 24 8 24 8 40 12 36 ===  -
2 ===  -
21 ===  -
32 ===  -
A AND D ===  -
NOT A AND NOT V ===  -
NOT V AND NOT D ===  -
A AND NOT C OR NOT A AND C ===  -
22 ===  -
10 ===  -
75 ===  -
2.5 ===  -
11010110 ===  -
214 ===  -0

robo7hjoectbwevew 
TEXNOLOGIYA ===  -
GBVA ===  -
KONUS ===  -
3 6 ===  -
0 ===  -
5 ===  -
135 ===  -
8 24 8 24 8 40 12 36 ===  -
2 ===  -
21 ===  -
32 ===  -
A AND D ===  -
NOT A AND NOT V ===  -
NOT V AND NOT D ===  -
A AND NOT C OR NOT A AND C ===  -
22 ===  -
10 ===  -
75 ===  -
2.5 ===  -
11010110 ===  -
214 ===  -0

robo7qbwbltqnqhyr 
TEXNOLOGIYA === TEXNOLOGIYA +
GBVA === BGVA -
KONUS === TREUGOL`NIK -
3 6 === 1 2 -
0 === 0 +
5 === OTVET 4.99 -
135 === OTVET 14.85 -
8 24 8 24 8 40 12 36 ===  -
2 ===  -
21 === 38 -
32 ===  -
A AND D ===  -
NOT A AND NOT V ===  -
NOT V AND NOT D ===  -
A AND NOT C OR NOT A AND C ===  -
22 ===  -
10 ===  -
75 ===  -
2.5 ===  -
11010110 ===  -
214 ===  -2

robo7sishrihtaong 
TEXNOLOGIYA ===  -
GBVA ===  -
KONUS ===  -
3 6 ===  -
0 ===  -
5 ===  -
135 ===  -
8 24 8 24 8 40 12 36 ===  -
2 ===  -
21 ===  -
32 ===  -
A AND D ===  -
NOT A AND NOT V ===  -
NOT V AND NOT D ===  -
A AND NOT C OR NOT A AND C ===  -
22 ===  -
10 ===  -
75 ===  -
2.5 ===  -
11010110 ===  -
214 ===  -0

robo7qgfjqecggseb 
TEXNOLOGIYA === TEXNOLOGIYA +
GBVA === BGVA -
KONUS === TREUGOL`NIK -
3 6 === 1 2 -
0 === 0 +
5 === OTVET 4 99 -
135 === OTVET 14 85 -
8 24 8 24 8 40 12 36 ===  -
2 ===  -
21 === 38 -
32 ===  -
A AND D ===  -
NOT A AND NOT V ===  -
NOT V AND NOT D ===  -
A AND NOT C OR NOT A AND C ===  -
22 ===  -
10 ===  -
75 ===  -
2.5 ===  -
11010110 ===  -
214 ===  -2

robo7qghguxxjocwo 
TEXNOLOGIYA ===  -
GBVA ===  -
KONUS ===  -
3 6 ===  -
0 ===  -
5 ===  -
135 ===  -
8 24 8 24 8 40 12 36 ===  -
2 ===  -
21 ===  -
32 ===  -
A AND D ===  -
NOT A AND NOT V ===  -
NOT V AND NOT D ===  -
A AND NOT C OR NOT A AND C ===  -
22 ===  -
10 ===  -
75 ===  -
2.5 ===  -
11010110 ===  -
214 ===  -0

robo7hgxulvqwwavx 
TEXNOLOGIYA ===  -
GBVA ===  -
KONUS ===  -
3 6 ===  -
0 ===  -
5 ===  -
135 ===  -
8 24 8 24 8 40 12 36 ===  -
2 ===  -
21 ===  -
32 ===  -
A AND D ===  -
NOT A AND NOT V ===  -
NOT V AND NOT D ===  -
A AND NOT C OR NOT A AND C ===  -
22 ===  -
10 ===  -
75 ===  -
2.5 ===  -
11010110 ===  -
214 ===  -0

robo7qmkvrcdawiqt 
TEXNOLOGIYA ===  -
GBVA ===  -
KONUS ===  -
3 6 ===  -
0 ===  -
5 ===  -
135 ===  -
8 24 8 24 8 40 12 36 ===  -
2 ===  -
21 ===  -
32 ===  -
A AND D ===  -
NOT A AND NOT V ===  -
NOT V AND NOT D ===  -
A AND NOT C OR NOT A AND C ===  -
22 ===  -
10 ===  -
75 ===  -
2.5 ===  -
11010110 ===  -
214 ===  -0

robo7jqxxbqsnewia 
TEXNOLOGIYA ===  -
GBVA ===  -
KONUS ===  -
3 6 ===  -
0 ===  -
5 ===  -
135 ===  -
8 24 8 24 8 40 12 36 ===  -
2 ===  -
21 ===  -
32 ===  -
A AND D ===  -
NOT A AND NOT V ===  -
NOT V AND NOT D ===  -
A AND NOT C OR NOT A AND C ===  -
22 ===  -
10 ===  -
75 ===  -
2.5 ===  -
11010110 ===  -
214 ===  -0

robo7qowanehmlcvv 
TEXNOLOGIYA ===  -
GBVA ===  -
KONUS ===  -
3 6 ===  -
0 ===  -
5 ===  -
135 ===  -
8 24 8 24 8 40 12 36 ===  -
2 ===  -
21 ===  -
32 ===  -
A AND D ===  -
NOT A AND NOT V ===  -
NOT V AND NOT D ===  -
A AND NOT C OR NOT A AND C ===  -
22 ===  -
10 ===  -
75 ===  -
2.5 ===  -
11010110 ===  -
214 ===  -0

robo7jwbhbmtldodn 
TEXNOLOGIYA ===  -
GBVA ===  -
KONUS ===  -
3 6 ===  -
0 ===  -
5 ===  -
135 ===  -
8 24 8 24 8 40 12 36 ===  -
2 ===  -
21 ===  -
32 ===  -
A AND D ===  -
NOT A AND NOT V ===  -
NOT V AND NOT D ===  -
A AND NOT C OR NOT A AND C ===  -
22 ===  -
10 ===  -
75 ===  -
2.5 ===  -
11010110 ===  -
214 ===  -0

robo7reawmwovgxrm 
TEXNOLOGIYA ===  -
GBVA ===  -
KONUS ===  -
3 6 ===  -
0 ===  -
5 ===  -
135 ===  -
8 24 8 24 8 40 12 36 ===  -
2 ===  -
21 ===  -
32 ===  -
A AND D ===  -
NOT A AND NOT V ===  -
NOT V AND NOT D ===  -
A AND NOT C OR NOT A AND C ===  -
22 ===  -
10 ===  -
75 ===  -
2.5 ===  -
11010110 ===  -
214 ===  -0

robo7kohpekgepmop 
TEXNOLOGIYA === TEXNOLOGIYA +
GBVA === GBVA +
KONUS === KONUS +
3 6 === 1 2 -
0 === 0 +
5 === 2 -
135 === 3 -
8 24 8 24 8 40 12 36 === 241616401236 -
2 === 300 -
21 === 27 -
32 === 30 -
A AND D ===  -
NOT A AND NOT V ===  -
NOT V AND NOT D ===  -
A AND NOT C OR NOT A AND C ===  -
22 ===  -
10 ===  -
75 ===  -
2.5 ===  -
11010110 ===  -
214 ===  -4

robo7rfjoyqrcvmmq 
TEXNOLOGIYA === TEXNOLOGIYA +
GBVA === GBVA +
KONUS === KONUS +
3 6 === 1 2 -
0 === 0 +
5 === 3 -
135 === 5 -
8 24 8 24 8 40 12 36 === 2481616840840 -
2 === 300 -
21 === 21 +
32 === 32 +
A AND D ===  -
NOT A AND NOT V ===  -
NOT V AND NOT D ===  -
A AND NOT C OR NOT A AND C ===  -
22 ===  -
10 ===  -
75 ===  -
2.5 ===  -
11010110 ===  -
214 ===  -6

robo7rfjrvdexweik 
TEXNOLOGIYA === TEXNOLOGIYA +
GBVA === GBVA +
KONUS === TREUGOL`NIK -
3 6 === 1 2 -
0 === 0 +
5 === 36 -
135 === 24 -
8 24 8 24 8 40 12 36 === 12 -
2 === 16 -
21 === 10 -
32 === 13 -
A AND D === 7 -
NOT A AND NOT V === 6 -
NOT V AND NOT D === 0 -
A AND NOT C OR NOT A AND C === 4 -
22 === 11 -
10 === 3 -
75 === 145 -
2.5 === 67 -
11010110 === 14 -
214 === 9 -3

robo7kfubrrqpojmv 
TEXNOLOGIYA === TEXNOLOGIYA +
GBVA === GBAV -
KONUS === RAVNOBEDRENNY`I TREUGOL`NIK -
3 6 === 1 2 -
0 === 0 +
5 === 5 +
135 ===  -
8 24 8 24 8 40 12 36 ===  -
2 ===  -
21 === 3 -
32 === 4 -
A AND D ===  -
NOT A AND NOT V ===  -
NOT V AND NOT D ===  -
A AND NOT C OR NOT A AND C ===  -
22 === 22 +
10 === 10 +
75 === 75 +
2.5 === 2.5 +
11010110 ===  -
214 ===  -7

robo7rmnslisgldvm 
TEXNOLOGIYA === TEXNOLOGIYA +
GBVA === GBVA +
KONUS === TREUGOL`NIK -
3 6 === 1 2 -
0 === 0 +
5 === 3 -
135 === 12 -
8 24 8 24 8 40 12 36 === 248168408836 -
2 ===  -
21 === 20 -
32 ===  -
A AND D === 0 -
NOT A AND NOT V === 8 -
NOT V AND NOT D === 5 -
A AND NOT C OR NOT A AND C === 10 -
22 === 65 -
10 === 45 -
75 === 145 -
2.5 === 56 -
11010110 === 1101110101110 -
214 ===  -3

robo7okfpahsmhemb 
TEXNOLOGIYA ===  -
GBVA ===  -
KONUS ===  -
3 6 ===  -
0 ===  -
5 ===  -
135 ===  -
8 24 8 24 8 40 12 36 ===  -
2 ===  -
21 ===  -
32 ===  -
A AND D ===  -
NOT A AND NOT V ===  -
NOT V AND NOT D ===  -
A AND NOT C OR NOT A AND C ===  -
22 ===  -
10 ===  -
75 ===  -
2.5 ===  -
11010110 ===  -
214 ===  -0

robo7rnnrkinjioei 
TEXNOLOGIYA === TEXNOLOGIYA +
GBVA === GBVA +
KONUS === TREUGOL`NIK -
3 6 === 1 2 -
0 === 0 +
5 ===  -
135 ===  -
8 24 8 24 8 40 12 36 ===  -
2 ===  -
21 === 20 -
32 === 5 -
A AND D ===  -
NOT A AND NOT V ===  -
NOT V AND NOT D ===  -
A AND NOT C OR NOT A AND C ===  -
22 ===  -
10 ===  -
75 ===  -
2.5 ===  -
11010110 ===  -
214 ===  -3

robo7rsnqhcmaxamm 
TEXNOLOGIYA ===  -
GBVA ===  -
KONUS ===  -
3 6 ===  -
0 ===  -
5 ===  -
135 ===  -
8 24 8 24 8 40 12 36 ===  -
2 ===  -
21 ===  -
32 ===  -
A AND D ===  -
NOT A AND NOT V ===  -
NOT V AND NOT D ===  -
A AND NOT C OR NOT A AND C ===  -
22 ===  -
10 ===  -
75 ===  -
2.5 ===  -
11010110 ===  -
214 ===  -0

robo7tkwgfvkrblmm 
TEXNOLOGIYA ===  -
GBVA ===  -
KONUS ===  -
3 6 ===  -
0 ===  -
5 ===  -
135 ===  -
8 24 8 24 8 40 12 36 ===  -
2 ===  -
21 ===  -
32 ===  -
A AND D ===  -
NOT A AND NOT V ===  -
NOT V AND NOT D ===  -
A AND NOT C OR NOT A AND C ===  -
22 ===  -
10 ===  -
75 ===  -
2.5 ===  -
11010110 ===  -
214 ===  -0

robo7rlnhnftcavje 
TEXNOLOGIYA === TEXNOLOGIYA +
GBVA === GBVA +
KONUS === TREUGOL`NIK -
3 6 === 1 2 -
0 === 0 +
5 === 3 -
135 === 3 -
8 24 8 24 8 40 12 36 === 24840 -
2 === 110 -
21 === 20 -
32 === 21 -
A AND D === 8 -
NOT A AND NOT V === 9 -
NOT V AND NOT D === 10 -
A AND NOT C OR NOT A AND C === 7 -
22 === 1 -
10 === 10 +
75 === 15 -
2.5 === 84 -
11010110 === 11 -
214 === 20 -4

robo7opekacokxpby 
TEXNOLOGIYA ===  -
GBVA ===  -
KONUS ===  -
3 6 ===  -
0 ===  -
5 ===  -
135 ===  -
8 24 8 24 8 40 12 36 ===  -
2 ===  -
21 ===  -
32 ===  -
A AND D ===  -
NOT A AND NOT V ===  -
NOT V AND NOT D ===  -
A AND NOT C OR NOT A AND C ===  -
22 ===  -
10 ===  -
75 ===  -
2.5 ===  -
11010110 ===  -
214 ===  -0

robo7tyesfupjgmsm 
TEXNOLOGIYA ===  -
GBVA ===  -
KONUS ===  -
3 6 ===  -
0 ===  -
5 ===  -
135 ===  -
8 24 8 24 8 40 12 36 ===  -
2 ===  -
21 ===  -
32 ===  -
A AND D ===  -
NOT A AND NOT V ===  -
NOT V AND NOT D ===  -
A AND NOT C OR NOT A AND C ===  -
22 ===  -
10 ===  -
75 ===  -
2.5 ===  -
11010110 ===  -
214 ===  -0

robo7ugrakvnanntx 
TEXNOLOGIYA ===  -
GBVA ===  -
KONUS ===  -
3 6 ===  -
0 ===  -
5 ===  -
135 ===  -
8 24 8 24 8 40 12 36 ===  -
2 ===  -
21 ===  -
32 ===  -
A AND D ===  -
NOT A AND NOT V ===  -
NOT V AND NOT D ===  -
A AND NOT C OR NOT A AND C ===  -
22 ===  -
10 ===  -
75 ===  -
2.5 ===  -
11010110 ===  -
214 ===  -0

robo7uimfnnjnpihp 
TEXNOLOGIYA ===  -
GBVA ===  -
KONUS ===  -
3 6 ===  -
0 ===  -
5 ===  -
135 ===  -
8 24 8 24 8 40 12 36 ===  -
2 ===  -
21 ===  -
32 ===  -
A AND D ===  -
NOT A AND NOT V ===  -
NOT V AND NOT D ===  -
A AND NOT C OR NOT A AND C ===  -
22 ===  -
10 ===  -
75 ===  -
2.5 ===  -
11010110 ===  -
214 ===  -0

robo7qnypmibllpgs 
TEXNOLOGIYA ===  -
GBVA ===  -
KONUS ===  -
3 6 ===  -
0 ===  -
5 ===  -
135 ===  -
8 24 8 24 8 40 12 36 ===  -
2 ===  -
21 ===  -
32 ===  -
A AND D ===  -
NOT A AND NOT V ===  -
NOT V AND NOT D ===  -
A AND NOT C OR NOT A AND C ===  -
22 ===  -
10 ===  -
75 ===  -
2.5 ===  -
11010110 ===  -
214 ===  -0

robo7djwjfbecnxrs 
TEXNOLOGIYA ===  -
GBVA ===  -
KONUS ===  -
3 6 ===  -
0 ===  -
5 ===  -
135 ===  -
8 24 8 24 8 40 12 36 ===  -
2 ===  -
21 ===  -
32 ===  -
A AND D ===  -
NOT A AND NOT V ===  -
NOT V AND NOT D ===  -
A AND NOT C OR NOT A AND C ===  -
22 ===  -
10 ===  -
75 ===  -
2.5 ===  -
11010110 ===  -
214 ===  -0

robo7qunkwbmyyyvt 
TEXNOLOGIYA ===  -
GBVA ===  -
KONUS ===  -
3 6 ===  -
0 ===  -
5 ===  -
135 ===  -
8 24 8 24 8 40 12 36 ===  -
2 ===  -
21 ===  -
32 ===  -
A AND D ===  -
NOT A AND NOT V ===  -
NOT V AND NOT D ===  -
A AND NOT C OR NOT A AND C ===  -
22 ===  -
10 ===  -
75 ===  -
2.5 ===  -
11010110 ===  -
214 ===  -0

robo7qxqtahmcmsrs 
TEXNOLOGIYA ===  -
GBVA ===  -
KONUS ===  -
3 6 ===  -
0 ===  -
5 ===  -
135 ===  -
8 24 8 24 8 40 12 36 ===  -
2 ===  -
21 ===  -
32 ===  -
A AND D ===  -
NOT A AND NOT V ===  -
NOT V AND NOT D ===  -
A AND NOT C OR NOT A AND C ===  -
22 ===  -
10 ===  -
75 ===  -
2.5 ===  -
11010110 ===  -
214 ===  -0

robo7etcfpwqmwlmy 
TEXNOLOGIYA ===  -
GBVA ===  -
KONUS ===  -
3 6 ===  -
0 ===  -
5 ===  -
135 ===  -
8 24 8 24 8 40 12 36 ===  -
2 ===  -
21 ===  -
32 ===  -
A AND D ===  -
NOT A AND NOT V ===  -
NOT V AND NOT D ===  -
A AND NOT C OR NOT A AND C ===  -
22 ===  -
10 ===  -
75 ===  -
2.5 ===  -
11010110 ===  -
214 ===  -0

robo7bbrhalvlcujf 
TEXNOLOGIYA ===  -
GBVA ===  -
KONUS ===  -
3 6 ===  -
0 ===  -
5 ===  -
135 ===  -
8 24 8 24 8 40 12 36 ===  -
2 ===  -
21 ===  -
32 ===  -
A AND D ===  -
NOT A AND NOT V ===  -
NOT V AND NOT D ===  -
A AND NOT C OR NOT A AND C ===  -
22 ===  -
10 ===  -
75 ===  -
2.5 ===  -
11010110 ===  -
214 ===  -0

robo7nctrccreiwff 
TEXNOLOGIYA === CHPU -
GBVA === GVBA -
KONUS === TREUGOL`NIK -
3 6 === 1 2 -
0 === 0 +
5 === 16 -
135 === 40 -
8 24 8 24 8 40 12 36 === 24161236 -
2 === 18000 -
21 === 4 -
32 === 5 -
A AND D === GREY100 -
NOT A AND NOT V === NOT GREY2 -
NOT V AND NOT D === OR SENCOR1AND SENSOR2 -
A AND NOT C OR NOT A AND C === OR SENSOR2 -
22 === 100 -
10 === NE TO OSVESHHENIE -
75 === 52 50 -
2.5 === 50 -
11010110 === 11 -
214 === 31 -1

robo7dbbrjtuqqobd 
TEXNOLOGIYA === MASHINA -
GBVA === BGAV -
KONUS === TREUGOL`NIK -
3 6 === 0 3 -
0 === 0 +
5 ===  -
135 ===  -
8 24 8 24 8 40 12 36 ===  -
2 ===  -
21 === 24 -
32 === 30 -
A AND D ===  -
NOT A AND NOT V ===  -
NOT V AND NOT D ===  -
A AND NOT C OR NOT A AND C ===  -
22 ===  -
10 ===  -
75 ===  -
2.5 ===  -
11010110 ===  -
214 ===  -1

robo7jfhhsccsjwel 
TEXNOLOGIYA ===  -
GBVA ===  -
KONUS ===  -
3 6 ===  -
0 ===  -
5 ===  -
135 ===  -
8 24 8 24 8 40 12 36 ===  -
2 ===  -
21 ===  -
32 ===  -
A AND D ===  -
NOT A AND NOT V ===  -
NOT V AND NOT D ===  -
A AND NOT C OR NOT A AND C ===  -
22 ===  -
10 ===  -
75 ===  -
2.5 ===  -
11010110 ===  -
214 ===  -0

robo7jsvxfitvxftr 
TEXNOLOGIYA ===  -
GBVA ===  -
KONUS ===  -
3 6 ===  -
0 ===  -
5 ===  -
135 ===  -
8 24 8 24 8 40 12 36 ===  -
2 ===  -
21 ===  -
32 ===  -
A AND D ===  -
NOT A AND NOT V ===  -
NOT V AND NOT D ===  -
A AND NOT C OR NOT A AND C ===  -
22 ===  -
10 ===  -
75 ===  -
2.5 ===  -
11010110 ===  -
214 ===  -0

robo7jxuswygbffwr 
TEXNOLOGIYA ===  -
GBVA ===  -
KONUS ===  -
3 6 ===  -
0 ===  -
5 ===  -
135 ===  -
8 24 8 24 8 40 12 36 ===  -
2 ===  -
21 ===  -
32 ===  -
A AND D ===  -
NOT A AND NOT V ===  -
NOT V AND NOT D ===  -
A AND NOT C OR NOT A AND C ===  -
22 ===  -
10 ===  -
75 ===  -
2.5 ===  -
11010110 ===  -
214 ===  -0

robo7eedbreksrjtd 
TEXNOLOGIYA ===  -
GBVA ===  -
KONUS ===  -
3 6 ===  -
0 ===  -
5 ===  -
135 ===  -
8 24 8 24 8 40 12 36 ===  -
2 ===  -
21 ===  -
32 ===  -
A AND D ===  -
NOT A AND NOT V ===  -
NOT V AND NOT D ===  -
A AND NOT C OR NOT A AND C ===  -
22 ===  -
10 ===  -
75 ===  -
2.5 ===  -
11010110 ===  -
214 ===  -0

robo7wavlmhmxtsdw 
TEXNOLOGIYA ===  -
GBVA ===  -
KONUS ===  -
3 6 ===  -
0 ===  -
5 ===  -
135 ===  -
8 24 8 24 8 40 12 36 ===  -
2 ===  -
21 ===  -
32 ===  -
A AND D ===  -
NOT A AND NOT V ===  -
NOT V AND NOT D ===  -
A AND NOT C OR NOT A AND C ===  -
22 ===  -
10 ===  -
75 ===  -
2.5 ===  -
11010110 ===  -
214 ===  -0

robo7jhjtdixloipr 
TEXNOLOGIYA ===  -
GBVA ===  -
KONUS ===  -
3 6 ===  -
0 ===  -
5 ===  -
135 ===  -
8 24 8 24 8 40 12 36 ===  -
2 ===  -
21 ===  -
32 ===  -
A AND D ===  -
NOT A AND NOT V ===  -
NOT V AND NOT D ===  -
A AND NOT C OR NOT A AND C ===  -
22 ===  -
10 ===  -
75 ===  -
2.5 ===  -
11010110 ===  -
214 ===  -0

robo7ccsnxvdcvrhb 
TEXNOLOGIYA ===  -
GBVA ===  -
KONUS ===  -
3 6 ===  -
0 ===  -
5 ===  -
135 ===  -
8 24 8 24 8 40 12 36 ===  -
2 ===  -
21 ===  -
32 ===  -
A AND D ===  -
NOT A AND NOT V ===  -
NOT V AND NOT D ===  -
A AND NOT C OR NOT A AND C ===  -
22 ===  -
10 ===  -
75 ===  -
2.5 ===  -
11010110 ===  -
214 ===  -0

robo7jxkbwfwjwead 
TEXNOLOGIYA ===  -
GBVA ===  -
KONUS ===  -
3 6 ===  -
0 ===  -
5 ===  -
135 ===  -
8 24 8 24 8 40 12 36 ===  -
2 ===  -
21 ===  -
32 ===  -
A AND D ===  -
NOT A AND NOT V ===  -
NOT V AND NOT D ===  -
A AND NOT C OR NOT A AND C ===  -
22 ===  -
10 ===  -
75 ===  -
2.5 ===  -
11010110 ===  -
214 ===  -0

robo7elqhbgpfyuul 
TEXNOLOGIYA ===  -
GBVA ===  -
KONUS ===  -
3 6 ===  -
0 ===  -
5 ===  -
135 ===  -
8 24 8 24 8 40 12 36 ===  -
2 ===  -
21 ===  -
32 ===  -
A AND D ===  -
NOT A AND NOT V ===  -
NOT V AND NOT D ===  -
A AND NOT C OR NOT A AND C ===  -
22 ===  -
10 ===  -
75 ===  -
2.5 ===  -
11010110 ===  -
214 ===  -0

robo7vyhrgikluuci 
TEXNOLOGIYA ===  -
GBVA ===  -
KONUS ===  -
3 6 ===  -
0 ===  -
5 ===  -
135 ===  -
8 24 8 24 8 40 12 36 ===  -
2 ===  -
21 ===  -
32 ===  -
A AND D ===  -
NOT A AND NOT V ===  -
NOT V AND NOT D ===  -
A AND NOT C OR NOT A AND C ===  -
22 ===  -
10 ===  -
75 ===  -
2.5 ===  -
11010110 ===  -
214 ===  -0

robo7wdcnsdqxawbl 
TEXNOLOGIYA ===  -
GBVA ===  -
KONUS ===  -
3 6 ===  -
0 ===  -
5 ===  -
135 ===  -
8 24 8 24 8 40 12 36 ===  -
2 ===  -
21 ===  -
32 ===  -
A AND D ===  -
NOT A AND NOT V ===  -
NOT V AND NOT D ===  -
A AND NOT C OR NOT A AND C ===  -
22 ===  -
10 ===  -
75 ===  -
2.5 ===  -
11010110 ===  -
214 ===  -0

robo7jxrigldpcbho 
TEXNOLOGIYA ===  -
GBVA ===  -
KONUS ===  -
3 6 ===  -
0 ===  -
5 ===  -
135 ===  -
8 24 8 24 8 40 12 36 ===  -
2 ===  -
21 ===  -
32 ===  -
A AND D ===  -
NOT A AND NOT V ===  -
NOT V AND NOT D ===  -
A AND NOT C OR NOT A AND C ===  -
22 ===  -
10 ===  -
75 ===  -
2.5 ===  -
11010110 ===  -
214 ===  -0

robo7wyuwapnjyfnd 
TEXNOLOGIYA ===  -
GBVA ===  -
KONUS ===  -
3 6 ===  -
0 ===  -
5 ===  -
135 ===  -
8 24 8 24 8 40 12 36 ===  -
2 ===  -
21 ===  -
32 ===  -
A AND D ===  -
NOT A AND NOT V ===  -
NOT V AND NOT D ===  -
A AND NOT C OR NOT A AND C ===  -
22 ===  -
10 ===  -
75 ===  -
2.5 ===  -
11010110 ===  -
214 ===  -0

robo7jsbqyrulrxus 
TEXNOLOGIYA ===  -
GBVA ===  -
KONUS ===  -
3 6 ===  -
0 ===  -
5 ===  -
135 ===  -
8 24 8 24 8 40 12 36 ===  -
2 ===  -
21 ===  -
32 ===  -
A AND D ===  -
NOT A AND NOT V ===  -
NOT V AND NOT D ===  -
A AND NOT C OR NOT A AND C ===  -
22 ===  -
10 ===  -
75 ===  -
2.5 ===  -
11010110 ===  -
214 ===  -0

robo7lgmsteleodlb 
TEXNOLOGIYA ===  -
GBVA === GVBA -
KONUS === TREUGOL`NIK -
3 6 === 1 2 -
0 === 0 +
5 ===  -
135 ===  -
8 24 8 24 8 40 12 36 ===  -
2 ===  -
21 ===  -
32 ===  -
A AND D ===  -
NOT A AND NOT V ===  -
NOT V AND NOT D ===  -
A AND NOT C OR NOT A AND C ===  -
22 ===  -
10 ===  -
75 ===  -
2.5 ===  -
11010110 ===  -
214 ===  -1

robo7yrhtgndvkqum 
TEXNOLOGIYA ===  -
GBVA ===  -
KONUS ===  -
3 6 ===  -
0 ===  -
5 ===  -
135 ===  -
8 24 8 24 8 40 12 36 ===  -
2 ===  -
21 ===  -
32 ===  -
A AND D ===  -
NOT A AND NOT V ===  -
NOT V AND NOT D ===  -
A AND NOT C OR NOT A AND C ===  -
22 ===  -
10 ===  -
75 ===  -
2.5 ===  -
11010110 ===  -
214 ===  -0

robo7aiuivpuopmup 
TEXNOLOGIYA ===  -
GBVA ===  -
KONUS ===  -
3 6 ===  -
0 ===  -
5 ===  -
135 ===  -
8 24 8 24 8 40 12 36 ===  -
2 ===  -
21 ===  -
32 ===  -
A AND D ===  -
NOT A AND NOT V ===  -
NOT V AND NOT D ===  -
A AND NOT C OR NOT A AND C ===  -
22 ===  -
10 ===  -
75 ===  -
2.5 ===  -
11010110 ===  -
214 ===  -0

robo7dyvjxnspubqjp 
TEXNOLOGIYA ===  -
GBVA ===  -
KONUS ===  -
3 6 ===  -
0 ===  -
5 ===  -
135 ===  -
8 24 8 24 8 40 12 36 ===  -
2 ===  -
21 ===  -
32 ===  -
A AND D ===  -
NOT A AND NOT V ===  -
NOT V AND NOT D ===  -
A AND NOT C OR NOT A AND C ===  -
22 ===  -
10 ===  -
75 ===  -
2.5 ===  -
11010110 ===  -
214 ===  -0

robo7dysuipywatpfo 
TEXNOLOGIYA ===  -
GBVA ===  -
KONUS ===  -
3 6 ===  -
0 ===  -
5 ===  -
135 ===  -
8 24 8 24 8 40 12 36 ===  -
2 ===  -
21 ===  -
32 ===  -
A AND D ===  -
NOT A AND NOT V ===  -
NOT V AND NOT D ===  -
A AND NOT C OR NOT A AND C ===  -
22 ===  -
10 ===  -
75 ===  -
2.5 ===  -
11010110 ===  -
214 ===  -0

robo7bjjwxbfmsdjg 
TEXNOLOGIYA ===  -
GBVA ===  -
KONUS ===  -
3 6 ===  -
0 ===  -
5 ===  -
135 ===  -
8 24 8 24 8 40 12 36 ===  -
2 ===  -
21 ===  -
32 ===  -
A AND D ===  -
NOT A AND NOT V ===  -
NOT V AND NOT D ===  -
A AND NOT C OR NOT A AND C ===  -
22 ===  -
10 ===  -
75 ===  -
2.5 ===  -
11010110 ===  -
214 ===  -0

robo7bljpppdukftw 
TEXNOLOGIYA ===  -
GBVA ===  -
KONUS ===  -
3 6 ===  -
0 ===  -
5 ===  -
135 ===  -
8 24 8 24 8 40 12 36 ===  -
2 ===  -
21 ===  -
32 ===  -
A AND D ===  -
NOT A AND NOT V ===  -
NOT V AND NOT D ===  -
A AND NOT C OR NOT A AND C ===  -
22 ===  -
10 ===  -
75 ===  -
2.5 ===  -
11010110 ===  -
214 ===  -0

robo7cdyvkbjrktyc 
TEXNOLOGIYA === OBORUDOVANIE -
GBVA === GBVA +
KONUS === KONUS +
3 6 === 1 2 -
0 === 0 +
5 === 5 +
135 === 45 -
8 24 8 24 8 40 12 36 === 8 24 16 16 8 40 8 40 -
2 === 6 -
21 === 21 +
32 === 32 +
A AND D ===  -
NOT A AND NOT V ===  -
NOT V AND NOT D ===  -
A AND NOT C OR NOT A AND C ===  -
22 ===  -
10 ===  -
75 ===  -
2.5 ===  -
11010110 ===  -
214 ===  -6

robo7aecbwcyohbmt 
TEXNOLOGIYA ===  -
GBVA ===  -
KONUS ===  -
3 6 ===  -
0 ===  -
5 ===  -
135 ===  -
8 24 8 24 8 40 12 36 ===  -
2 ===  -
21 ===  -
32 ===  -
A AND D ===  -
NOT A AND NOT V ===  -
NOT V AND NOT D ===  -
A AND NOT C OR NOT A AND C ===  -
22 ===  -
10 ===  -
75 ===  -
2.5 ===  -
11010110 ===  -
214 ===  -0

robo7dyhosfimlavbt 
TEXNOLOGIYA ===  -
GBVA === BVAG -
KONUS === TREUGOL`NIK -
3 6 === 1 2 -
0 === 0 +
5 ===  -
135 ===  -
8 24 8 24 8 40 12 36 ===  -
2 ===  -
21 === 15 -
32 === 16 -
A AND D ===  -
NOT A AND NOT V ===  -
NOT V AND NOT D ===  -
A AND NOT C OR NOT A AND C ===  -
22 === 22 +
10 ===  -
75 ===  -
2.5 ===  -
11010110 ===  -
214 ===  -2

robo7dxwjjlkrmgbnw 
TEXNOLOGIYA ===  -
GBVA ===  -
KONUS ===  -
3 6 ===  -
0 ===  -
5 ===  -
135 ===  -
8 24 8 24 8 40 12 36 ===  -
2 ===  -
21 ===  -
32 ===  -
A AND D ===  -
NOT A AND NOT V ===  -
NOT V AND NOT D ===  -
A AND NOT C OR NOT A AND C ===  -
22 ===  -
10 ===  -
75 ===  -
2.5 ===  -
11010110 ===  -
214 ===  -0

robo7kxcmudxivifb 
TEXNOLOGIYA === TEXNOLOGIYA +
GBVA === BVAG -
KONUS === TREUGOL`NIK -
3 6 === 1 2 -
0 === 0 +
5 === 3:2 -
135 === 10:9 3:1 -
8 24 8 24 8 40 12 36 === 248840816244036 -
2 === 162000 -
21 === 12 -
32 === 9 -
A AND D ===  -
NOT A AND NOT V === A OR V=GREY1 OR GREY2 = 50 -
NOT V AND NOT D === A OR V = SENSOR 1 = 100 -
A AND NOT C OR NOT A AND C === A OR V = SENSOR1 = 100 -
22 === 50 -
10 ===  -
75 === 13 -
2.5 === 63 -
11010110 ===  -
214 ===  -2

robo7bjfnmcvtdvik 
TEXNOLOGIYA === ISKUSTVENNY`I INTELEKT -
GBVA === GBVA +
KONUS === TRIUGOL`NIK -
3 6 === 1 2 -
0 === 0 +
5 === 3 -
135 === 12 -
8 24 8 24 8 40 12 36 === 248168168401236 -
2 === 776 -
21 === 19 -
32 === 19 -
A AND D === 44 -
NOT A AND NOT V === 2 -
NOT V AND NOT D === 0 -
A AND NOT C OR NOT A AND C === 3 -
22 === 12 -
10 === 6 -
75 === 25 -
2.5 === 54 -
11010110 === 0000000000 -
214 === 98 -2

robo7edtqvolcywjj 
TEXNOLOGIYA ===  -
GBVA ===  -
KONUS ===  -
3 6 ===  -
0 ===  -
5 ===  -
135 ===  -
8 24 8 24 8 40 12 36 ===  -
2 ===  -
21 ===  -
32 ===  -
A AND D ===  -
NOT A AND NOT V ===  -
NOT V AND NOT D ===  -
A AND NOT C OR NOT A AND C ===  -
22 ===  -
10 ===  -
75 ===  -
2.5 ===  -
11010110 ===  -
214 ===  -0

robo7dxpypjgtlhfte 
TEXNOLOGIYA ===  -
GBVA ===  -
KONUS ===  -
3 6 ===  -
0 ===  -
5 ===  -
135 ===  -
8 24 8 24 8 40 12 36 ===  -
2 ===  -
21 ===  -
32 ===  -
A AND D ===  -
NOT A AND NOT V ===  -
NOT V AND NOT D ===  -
A AND NOT C OR NOT A AND C ===  -
22 ===  -
10 ===  -
75 ===  -
2.5 ===  -
11010110 ===  -
214 ===  -0

robo7dxlgjpavrcjpb 
TEXNOLOGIYA ===  -
GBVA ===  -
KONUS ===  -
3 6 ===  -
0 ===  -
5 ===  -
135 ===  -
8 24 8 24 8 40 12 36 ===  -
2 ===  -
21 ===  -
32 ===  -
A AND D ===  -
NOT A AND NOT V ===  -
NOT V AND NOT D ===  -
A AND NOT C OR NOT A AND C ===  -
22 ===  -
10 ===  -
75 ===  -
2.5 ===  -
11010110 ===  -
214 ===  -0

robo7uprtsddrghfb 
TEXNOLOGIYA ===  -
GBVA ===  -
KONUS ===  -
3 6 ===  -
0 ===  -
5 ===  -
135 ===  -
8 24 8 24 8 40 12 36 ===  -
2 ===  -
21 ===  -
32 ===  -
A AND D ===  -
NOT A AND NOT V ===  -
NOT V AND NOT D ===  -
A AND NOT C OR NOT A AND C ===  -
22 ===  -
10 ===  -
75 ===  -
2.5 ===  -
11010110 ===  -
214 ===  -0

robo7scipbualmlht 
TEXNOLOGIYA ===  -
GBVA ===  -
KONUS ===  -
3 6 ===  -
0 ===  -
5 ===  -
135 ===  -
8 24 8 24 8 40 12 36 ===  -
2 ===  -
21 ===  -
32 ===  -
A AND D ===  -
NOT A AND NOT V ===  -
NOT V AND NOT D ===  -
A AND NOT C OR NOT A AND C ===  -
22 ===  -
10 ===  -
75 ===  -
2.5 ===  -
11010110 ===  -
214 ===  -0

robo7vcfscjjbbmcb 
TEXNOLOGIYA ===  -
GBVA ===  -
KONUS ===  -
3 6 ===  -
0 ===  -
5 ===  -
135 ===  -
8 24 8 24 8 40 12 36 ===  -
2 ===  -
21 ===  -
32 ===  -
A AND D ===  -
NOT A AND NOT V ===  -
NOT V AND NOT D ===  -
A AND NOT C OR NOT A AND C ===  -
22 ===  -
10 ===  -
75 ===  -
2.5 ===  -
11010110 ===  -
214 ===  -0

robo7bvhfdoykoipa 
TEXNOLOGIYA ===  -
GBVA ===  -
KONUS ===  -
3 6 ===  -
0 ===  -
5 ===  -
135 ===  -
8 24 8 24 8 40 12 36 ===  -
2 ===  -
21 ===  -
32 ===  -
A AND D ===  -
NOT A AND NOT V ===  -
NOT V AND NOT D ===  -
A AND NOT C OR NOT A AND C ===  -
22 ===  -
10 ===  -
75 ===  -
2.5 ===  -
11010110 ===  -
214 ===  -0

robo7kdmnhjpctdjk 
TEXNOLOGIYA ===  -
GBVA ===  -
KONUS ===  -
3 6 ===  -
0 ===  -
5 ===  -
135 ===  -
8 24 8 24 8 40 12 36 ===  -
2 ===  -
21 ===  -
32 ===  -
A AND D ===  -
NOT A AND NOT V ===  -
NOT V AND NOT D ===  -
A AND NOT C OR NOT A AND C ===  -
22 ===  -
10 ===  -
75 ===  -
2.5 ===  -
11010110 ===  -
214 ===  -0

robo7dvrenlebjtccg 
TEXNOLOGIYA ===  -
GBVA ===  -
KONUS ===  -
3 6 ===  -
0 ===  -
5 ===  -
135 ===  -
8 24 8 24 8 40 12 36 ===  -
2 ===  -
21 ===  -
32 ===  -
A AND D ===  -
NOT A AND NOT V ===  -
NOT V AND NOT D ===  -
A AND NOT C OR NOT A AND C ===  -
22 ===  -
10 ===  -
75 ===  -
2.5 ===  -
11010110 ===  -
214 ===  -0

robo7dvftyveolprfd 
TEXNOLOGIYA ===  -
GBVA ===  -
KONUS ===  -
3 6 ===  -
0 ===  -
5 ===  -
135 ===  -
8 24 8 24 8 40 12 36 ===  -
2 ===  -
21 ===  -
32 ===  -
A AND D ===  -
NOT A AND NOT V ===  -
NOT V AND NOT D ===  -
A AND NOT C OR NOT A AND C ===  -
22 ===  -
10 ===  -
75 ===  -
2.5 ===  -
11010110 ===  -
214 ===  -0

robo7dvbvfenodqasa 
TEXNOLOGIYA ===  -
GBVA ===  -
KONUS ===  -
3 6 ===  -
0 ===  -
5 ===  -
135 ===  -
8 24 8 24 8 40 12 36 ===  -
2 ===  -
21 ===  -
32 ===  -
A AND D ===  -
NOT A AND NOT V ===  -
NOT V AND NOT D ===  -
A AND NOT C OR NOT A AND C ===  -
22 ===  -
10 ===  -
75 ===  -
2.5 ===  -
11010110 ===  -
214 ===  -0

robo7kdyukutjtbdc 
TEXNOLOGIYA === TEXNOLOGIYA +
GBVA === GBVA +
KONUS === KONUS +
3 6 === 0 3 -
0 === 0 +
5 === 1/5 -
135 === 3/25 -
8 24 8 24 8 40 12 36 === 2481616840840 -
2 === 2500 -
21 === 21 +
32 === 29 -
A AND D === C -
NOT A AND NOT V === A OR V -
NOT V AND NOT D === V OR D -
A AND NOT C OR NOT A AND C === C -
22 === 22 +
10 === 10 +
75 === 60 -
2.5 === 1 -
11010110 === 11010110 +
214 === 107 -8

robo7dsglrexvtjmxy 
TEXNOLOGIYA ===  -
GBVA ===  -
KONUS ===  -
3 6 ===  -
0 ===  -
5 ===  -
135 ===  -
8 24 8 24 8 40 12 36 ===  -
2 ===  -
21 ===  -
32 ===  -
A AND D ===  -
NOT A AND NOT V ===  -
NOT V AND NOT D ===  -
A AND NOT C OR NOT A AND C ===  -
22 ===  -
10 ===  -
75 ===  -
2.5 ===  -
11010110 ===  -
214 ===  -0

robo7drwwaakwyprxn 
TEXNOLOGIYA ===  -
GBVA ===  -
KONUS ===  -
3 6 ===  -
0 ===  -
5 ===  -
135 ===  -
8 24 8 24 8 40 12 36 ===  -
2 ===  -
21 ===  -
32 ===  -
A AND D ===  -
NOT A AND NOT V ===  -
NOT V AND NOT D ===  -
A AND NOT C OR NOT A AND C ===  -
22 ===  -
10 ===  -
75 ===  -
2.5 ===  -
11010110 ===  -
214 ===  -0

robo7cmjhfwkxsdcv 
TEXNOLOGIYA ===  -
GBVA ===  -
KONUS ===  -
3 6 ===  -
0 ===  -
5 ===  -
135 ===  -
8 24 8 24 8 40 12 36 ===  -
2 ===  -
21 ===  -
32 ===  -
A AND D ===  -
NOT A AND NOT V ===  -
NOT V AND NOT D ===  -
A AND NOT C OR NOT A AND C ===  -
22 ===  -
10 ===  -
75 ===  -
2.5 ===  -
11010110 ===  -
214 ===  -0

robo7dqcdevpwubfgs 
TEXNOLOGIYA ===  -
GBVA ===  -
KONUS ===  -
3 6 ===  -
0 ===  -
5 ===  -
135 ===  -
8 24 8 24 8 40 12 36 ===  -
2 ===  -
21 ===  -
32 ===  -
A AND D ===  -
NOT A AND NOT V ===  -
NOT V AND NOT D ===  -
A AND NOT C OR NOT A AND C ===  -
22 ===  -
10 ===  -
75 ===  -
2.5 ===  -
11010110 ===  -
214 ===  -0

robo7iiphkofmymlt 
TEXNOLOGIYA ===  -
GBVA ===  -
KONUS ===  -
3 6 ===  -
0 ===  -
5 ===  -
135 ===  -
8 24 8 24 8 40 12 36 ===  -
2 ===  -
21 ===  -
32 ===  -
A AND D ===  -
NOT A AND NOT V ===  -
NOT V AND NOT D ===  -
A AND NOT C OR NOT A AND C ===  -
22 ===  -
10 ===  -
75 ===  -
2.5 ===  -
11010110 ===  -
214 ===  -0

robo7dscymqdhsgbs 
TEXNOLOGIYA ===  -
GBVA ===  -
KONUS ===  -
3 6 ===  -
0 ===  -
5 ===  -
135 ===  -
8 24 8 24 8 40 12 36 ===  -
2 ===  -
21 ===  -
32 ===  -
A AND D ===  -
NOT A AND NOT V ===  -
NOT V AND NOT D ===  -
A AND NOT C OR NOT A AND C ===  -
22 ===  -
10 ===  -
75 ===  -
2.5 ===  -
11010110 ===  -
214 ===  -0

robo7acepekpqcani 
TEXNOLOGIYA ===  -
GBVA ===  -
KONUS ===  -
3 6 ===  -
0 ===  -
5 ===  -
135 ===  -
8 24 8 24 8 40 12 36 ===  -
2 ===  -
21 ===  -
32 ===  -
A AND D ===  -
NOT A AND NOT V ===  -
NOT V AND NOT D ===  -
A AND NOT C OR NOT A AND C ===  -
22 ===  -
10 ===  -
75 ===  -
2.5 ===  -
11010110 ===  -
214 ===  -0

robo7fcscbqauyini 
TEXNOLOGIYA ===  -
GBVA ===  -
KONUS ===  -
3 6 ===  -
0 ===  -
5 ===  -
135 ===  -
8 24 8 24 8 40 12 36 ===  -
2 ===  -
21 ===  -
32 ===  -
A AND D ===  -
NOT A AND NOT V ===  -
NOT V AND NOT D ===  -
A AND NOT C OR NOT A AND C ===  -
22 ===  -
10 ===  -
75 ===  -
2.5 ===  -
11010110 ===  -
214 ===  -0

robo7dciejyhlqkrg 
TEXNOLOGIYA ===  -
GBVA ===  -
KONUS ===  -
3 6 ===  -
0 ===  -
5 ===  -
135 ===  -
8 24 8 24 8 40 12 36 ===  -
2 ===  -
21 ===  -
32 ===  -
A AND D ===  -
NOT A AND NOT V ===  -
NOT V AND NOT D ===  -
A AND NOT C OR NOT A AND C ===  -
22 ===  -
10 ===  -
75 ===  -
2.5 ===  -
11010110 ===  -
214 ===  -0

robo7atoiygdxfotx 
TEXNOLOGIYA === TEXNOLOGIYA +
GBVA === GVBA -
KONUS === TREUGOL`NIK -
3 6 === 0 3 -
0 === 1 -
5 ===  -
135 ===  -
8 24 8 24 8 40 12 36 ===  -
2 ===  -
21 === 25 -
32 === 25 -
A AND D === IF SENSOR2 == 20{MOTOR MIN_SPEED MAX_SPEED} -
NOT A AND NOT V === A AND C OR D -
NOT V AND NOT D === V AND D -
A AND NOT C OR NOT A AND C === A OR V AND C OR D -
22 ===  -
10 ===  -
75 ===  -
2.5 ===  -
11010110 ===  -
214 ===  -1

robo7ywrkhlklbrbm 
TEXNOLOGIYA === TEXNOLOGIYA +
GBVA === GVBA -
KONUS === RAVNOSTORONNII TREUGOL`NIK -
3 6 === 1 2 -
0 === 0 +
5 === 1:0.2 -
135 === 1:9 -
8 24 8 24 8 40 12 36 === 40248 -
2 === 60 -
21 === 25 -
32 === 25 -
A AND D === A -
NOT A AND NOT V === A AND V -
NOT V AND NOT D ===  -
A AND NOT C OR NOT A AND C === A OR C -
22 === 22 +
10 === 10 +
75 === 75 +
2.5 === 10 -
11010110 === 10101110 -
214 === 174 -5

robo7epaigaghmsye 
TEXNOLOGIYA ===  -
GBVA ===  -
KONUS ===  -
3 6 ===  -
0 ===  -
5 ===  -
135 ===  -
8 24 8 24 8 40 12 36 ===  -
2 ===  -
21 ===  -
32 ===  -
A AND D ===  -
NOT A AND NOT V ===  -
NOT V AND NOT D ===  -
A AND NOT C OR NOT A AND C ===  -
22 ===  -
10 ===  -
75 ===  -
2.5 ===  -
11010110 ===  -
214 ===  -0

robo7vcvievhkuxde 
TEXNOLOGIYA ===  -
GBVA ===  -
KONUS ===  -
3 6 ===  -
0 ===  -
5 ===  -
135 ===  -
8 24 8 24 8 40 12 36 ===  -
2 ===  -
21 ===  -
32 ===  -
A AND D ===  -
NOT A AND NOT V ===  -
NOT V AND NOT D ===  -
A AND NOT C OR NOT A AND C ===  -
22 ===  -
10 ===  -
75 ===  -
2.5 ===  -
11010110 ===  -
214 ===  -0

robo7dminljnrepxv 
TEXNOLOGIYA ===  -
GBVA ===  -
KONUS ===  -
3 6 ===  -
0 ===  -
5 ===  -
135 ===  -
8 24 8 24 8 40 12 36 ===  -
2 ===  -
21 ===  -
32 ===  -
A AND D ===  -
NOT A AND NOT V ===  -
NOT V AND NOT D ===  -
A AND NOT C OR NOT A AND C ===  -
22 ===  -
10 ===  -
75 ===  -
2.5 ===  -
11010110 ===  -
214 ===  -0

robo7bdujtwyvcgdk 
TEXNOLOGIYA === ISKUSTVENNY`I INTILEKT -
GBVA === BVGA -
KONUS === RAVNOBEDRENNY`I TREUGOL`NIK -
3 6 === 1 3 -
0 === 0 +
5 === 9 -
135 === 26 -
8 24 8 24 8 40 12 36 === 24816168401236 -
2 === 300 -
21 === 22 -
32 === 15 -
A AND D === 44 -
NOT A AND NOT V === 19 -
NOT V AND NOT D === 27 -
A AND NOT C OR NOT A AND C === 3 -
22 === 3 -
10 === 6 -
75 === 25 -
2.5 === 31 -
11010110 === 98 -
214 === 68 -1

robo7dkssdsldebesn 
TEXNOLOGIYA ===  -
GBVA === VBGA -
KONUS === TREUGOL`NIK -
3 6 === 1 2 -
0 === 0 +
5 === 5 +
135 === 75 -
8 24 8 24 8 40 12 36 === 8241616840840 -
2 === 40 -
21 === 25 -
32 ===  -
A AND D ===  -
NOT A AND NOT V ===  -
NOT V AND NOT D ===  -
A AND NOT C OR NOT A AND C ===  -
22 === 22 +
10 === 10 +
75 === 70 -
2.5 === 2 -
11010110 ===  -
214 ===  -4

robo7dkedcaxgctwys 
TEXNOLOGIYA === TEXNOLOGIYA +
GBVA ===  -
KONUS ===  -
3 6 ===  -
0 ===  -
5 ===  -
135 ===  -
8 24 8 24 8 40 12 36 ===  -
2 ===  -
21 ===  -
32 ===  -
A AND D ===  -
NOT A AND NOT V ===  -
NOT V AND NOT D ===  -
A AND NOT C OR NOT A AND C ===  -
22 ===  -
10 ===  -
75 ===  -
2.5 ===  -
11010110 ===  -
214 ===  -1

robo7ffobmdcelkrx 
TEXNOLOGIYA ===  -
GBVA ===  -
KONUS ===  -
3 6 ===  -
0 ===  -
5 ===  -
135 ===  -
8 24 8 24 8 40 12 36 ===  -
2 ===  -
21 ===  -
32 ===  -
A AND D ===  -
NOT A AND NOT V ===  -
NOT V AND NOT D ===  -
A AND NOT C OR NOT A AND C ===  -
22 ===  -
10 ===  -
75 ===  -
2.5 ===  -
11010110 ===  -
214 ===  -0

robo7kquoigaqktsn 
TEXNOLOGIYA ===  -
GBVA ===  -
KONUS ===  -
3 6 ===  -
0 ===  -
5 ===  -
135 ===  -
8 24 8 24 8 40 12 36 ===  -
2 ===  -
21 ===  -
32 ===  -
A AND D ===  -
NOT A AND NOT V ===  -
NOT V AND NOT D ===  -
A AND NOT C OR NOT A AND C ===  -
22 ===  -
10 ===  -
75 ===  -
2.5 ===  -
11010110 ===  -
214 ===  -0

robo7dilcpsklryvmc 
TEXNOLOGIYA ===  -
GBVA ===  -
KONUS ===  -
3 6 ===  -
0 ===  -
5 ===  -
135 ===  -
8 24 8 24 8 40 12 36 ===  -
2 ===  -
21 ===  -
32 ===  -
A AND D ===  -
NOT A AND NOT V ===  -
NOT V AND NOT D ===  -
A AND NOT C OR NOT A AND C ===  -
22 ===  -
10 ===  -
75 ===  -
2.5 ===  -
11010110 ===  -
214 ===  -0

robo7dhuorjosamibd 
TEXNOLOGIYA ===  -
GBVA ===  -
KONUS ===  -
3 6 ===  -
0 ===  -
5 ===  -
135 ===  -
8 24 8 24 8 40 12 36 ===  -
2 ===  -
21 ===  -
32 ===  -
A AND D ===  -
NOT A AND NOT V ===  -
NOT V AND NOT D ===  -
A AND NOT C OR NOT A AND C ===  -
22 ===  -
10 ===  -
75 ===  -
2.5 ===  -
11010110 ===  -
214 ===  -0

robo7utfqjrfqytsl 
TEXNOLOGIYA ===  -
GBVA ===  -
KONUS ===  -
3 6 ===  -
0 ===  -
5 ===  -
135 ===  -
8 24 8 24 8 40 12 36 ===  -
2 ===  -
21 ===  -
32 ===  -
A AND D ===  -
NOT A AND NOT V ===  -
NOT V AND NOT D ===  -
A AND NOT C OR NOT A AND C ===  -
22 ===  -
10 ===  -
75 ===  -
2.5 ===  -
11010110 ===  -
214 ===  -0

robo7dhfmxrkecwitr 
TEXNOLOGIYA ===  -
GBVA ===  -
KONUS ===  -
3 6 ===  -
0 ===  -
5 ===  -
135 ===  -
8 24 8 24 8 40 12 36 ===  -
2 ===  -
21 ===  -
32 ===  -
A AND D ===  -
NOT A AND NOT V ===  -
NOT V AND NOT D ===  -
A AND NOT C OR NOT A AND C ===  -
22 ===  -
10 ===  -
75 ===  -
2.5 ===  -
11010110 ===  -
214 ===  -0

robo7dhcmlofmpmekt 
TEXNOLOGIYA ===  -
GBVA ===  -
KONUS ===  -
3 6 ===  -
0 ===  -
5 ===  -
135 ===  -
8 24 8 24 8 40 12 36 ===  -
2 ===  -
21 ===  -
32 ===  -
A AND D ===  -
NOT A AND NOT V ===  -
NOT V AND NOT D ===  -
A AND NOT C OR NOT A AND C ===  -
22 ===  -
10 ===  -
75 ===  -
2.5 ===  -
11010110 ===  -
214 ===  -0

robo7dhbmdahyviuem 
TEXNOLOGIYA === TEXNOLOGIYA +
GBVA === GBVA +
KONUS === KONUS +
3 6 === 1 2 -
0 === 0 +
5 ===  -
135 ===  -
8 24 8 24 8 40 12 36 ===  -
2 ===  -
21 ===  -
32 ===  -
A AND D ===  -
NOT A AND NOT V ===  -
NOT V AND NOT D ===  -
A AND NOT C OR NOT A AND C ===  -
22 ===  -
10 ===  -
75 ===  -
2.5 ===  -
11010110 ===  -
214 ===  -4

robo7dgrgkymfjrsui 
TEXNOLOGIYA ===  -
GBVA ===  -
KONUS ===  -
3 6 ===  -
0 ===  -
5 ===  -
135 ===  -
8 24 8 24 8 40 12 36 ===  -
2 ===  -
21 ===  -
32 ===  -
A AND D ===  -
NOT A AND NOT V ===  -
NOT V AND NOT D ===  -
A AND NOT C OR NOT A AND C ===  -
22 ===  -
10 ===  -
75 ===  -
2.5 ===  -
11010110 ===  -
214 ===  -0

robo7boptpfmagbby 
TEXNOLOGIYA ===  -
GBVA ===  -
KONUS ===  -
3 6 ===  -
0 ===  -
5 ===  -
135 ===  -
8 24 8 24 8 40 12 36 ===  -
2 ===  -
21 ===  -
32 ===  -
A AND D ===  -
NOT A AND NOT V ===  -
NOT V AND NOT D ===  -
A AND NOT C OR NOT A AND C ===  -
22 ===  -
10 ===  -
75 ===  -
2.5 ===  -
11010110 ===  -
214 ===  -0

robo7detxbafkrejsf 
TEXNOLOGIYA ===  -
GBVA ===  -
KONUS ===  -
3 6 ===  -
0 ===  -
5 ===  -
135 ===  -
8 24 8 24 8 40 12 36 ===  -
2 ===  -
21 ===  -
32 ===  -
A AND D ===  -
NOT A AND NOT V ===  -
NOT V AND NOT D ===  -
A AND NOT C OR NOT A AND C ===  -
22 ===  -
10 ===  -
75 ===  -
2.5 ===  -
11010110 ===  -
214 ===  -0

robo7dephpqtbhlrkr 
TEXNOLOGIYA ===  -
GBVA ===  -
KONUS ===  -
3 6 ===  -
0 ===  -
5 ===  -
135 ===  -
8 24 8 24 8 40 12 36 ===  -
2 ===  -
21 ===  -
32 ===  -
A AND D ===  -
NOT A AND NOT V ===  -
NOT V AND NOT D ===  -
A AND NOT C OR NOT A AND C ===  -
22 ===  -
10 ===  -
75 ===  -
2.5 ===  -
11010110 ===  -
214 ===  -0

robo7delthrowhfexl 
TEXNOLOGIYA ===  -
GBVA ===  -
KONUS ===  -
3 6 ===  -
0 ===  -
5 ===  -
135 ===  -
8 24 8 24 8 40 12 36 ===  -
2 ===  -
21 ===  -
32 ===  -
A AND D ===  -
NOT A AND NOT V ===  -
NOT V AND NOT D ===  -
A AND NOT C OR NOT A AND C ===  -
22 ===  -
10 ===  -
75 ===  -
2.5 ===  -
11010110 ===  -
214 ===  -0

robo7nukxygdjnmky 
TEXNOLOGIYA ===  -
GBVA ===  -
KONUS ===  -
3 6 ===  -
0 ===  -
5 ===  -
135 ===  -
8 24 8 24 8 40 12 36 ===  -
2 ===  -
21 ===  -
32 ===  -
A AND D ===  -
NOT A AND NOT V ===  -
NOT V AND NOT D ===  -
A AND NOT C OR NOT A AND C ===  -
22 ===  -
10 ===  -
75 ===  -
2.5 ===  -
11010110 ===  -
214 ===  -0

robo7ddtusippyvxsu 
TEXNOLOGIYA === TEXNOLOGIYA +
GBVA === GBVA +
KONUS === KONUS +
3 6 === 1 2 -
0 === 0 +
5 ===  -
135 ===  -
8 24 8 24 8 40 12 36 ===  -
2 ===  -
21 === 20 -
32 === 33 -
A AND D === A NOT V. D NOT C -
NOT A AND NOT V === SENSOR1 NOT V NOT C. -
NOT V AND NOT D === SENSOR1 NOT V. SENSOR2 NOT D. -
A AND NOT C OR NOT A AND C === SENSOR1 OR SENSOR2 > C OR A -
22 ===  -
10 ===  -
75 ===  -
2.5 ===  -
11010110 ===  -
214 ===  -4

robo7dcanvyornrust 
TEXNOLOGIYA === TEXNOLOGIYA +
GBVA === GBAV -
KONUS === TREUGOL`NIK -
3 6 === 1 2 -
0 === 0 +
5 === 1 5 -
135 === 5 -
8 24 8 24 8 40 12 36 === 8816168401240 -
2 === 2 8 -
21 === 23 -
32 === 20 -
A AND D === V OR C -
NOT A AND NOT V === A AND V -
NOT V AND NOT D === C OR D -
A AND NOT C OR NOT A AND C === V OR C -
22 === 22 +
10 === 33 -
75 === 75 +
2.5 === 3 -
11010110 === 01010101 -
214 === 85 10 -4

robo7dcajiuywtvgfj 
TEXNOLOGIYA ===  -
GBVA ===  -
KONUS ===  -
3 6 ===  -
0 ===  -
5 ===  -
135 ===  -
8 24 8 24 8 40 12 36 ===  -
2 ===  -
21 ===  -
32 ===  -
A AND D ===  -
NOT A AND NOT V ===  -
NOT V AND NOT D ===  -
A AND NOT C OR NOT A AND C ===  -
22 ===  -
10 ===  -
75 ===  -
2.5 ===  -
11010110 ===  -
214 ===  -0

robo7dbltouujdrbwc 
TEXNOLOGIYA ===  -
GBVA ===  -
KONUS ===  -
3 6 ===  -
0 ===  -
5 ===  -
135 ===  -
8 24 8 24 8 40 12 36 ===  -
2 ===  -
21 ===  -
32 ===  -
A AND D ===  -
NOT A AND NOT V ===  -
NOT V AND NOT D ===  -
A AND NOT C OR NOT A AND C ===  -
22 ===  -
10 ===  -
75 ===  -
2.5 ===  -
11010110 ===  -
214 ===  -0

robo7davnwypdinwdr 
TEXNOLOGIYA ===  -
GBVA ===  -
KONUS ===  -
3 6 ===  -
0 ===  -
5 ===  -
135 ===  -
8 24 8 24 8 40 12 36 ===  -
2 ===  -
21 ===  -
32 ===  -
A AND D ===  -
NOT A AND NOT V ===  -
NOT V AND NOT D ===  -
A AND NOT C OR NOT A AND C ===  -
22 ===  -
10 ===  -
75 ===  -
2.5 ===  -
11010110 ===  -
214 ===  -0

robo7dajsnanyihgsi 
TEXNOLOGIYA ===  -
GBVA ===  -
KONUS ===  -
3 6 ===  -
0 ===  -
5 ===  -
135 ===  -
8 24 8 24 8 40 12 36 ===  -
2 ===  -
21 ===  -
32 ===  -
A AND D ===  -
NOT A AND NOT V ===  -
NOT V AND NOT D ===  -
A AND NOT C OR NOT A AND C ===  -
22 ===  -
10 ===  -
75 ===  -
2.5 ===  -
11010110 ===  -
214 ===  -0

robo7lqivdyyeuvod 
TEXNOLOGIYA ===  -
GBVA ===  -
KONUS ===  -
3 6 ===  -
0 ===  -
5 ===  -
135 ===  -
8 24 8 24 8 40 12 36 ===  -
2 ===  -
21 ===  -
32 ===  -
A AND D ===  -
NOT A AND NOT V ===  -
NOT V AND NOT D ===  -
A AND NOT C OR NOT A AND C ===  -
22 ===  -
10 ===  -
75 ===  -
2.5 ===  -
11010110 ===  -
214 ===  -0

robo7knessaucyqxx 
TEXNOLOGIYA ===  -
GBVA ===  -
KONUS ===  -
3 6 ===  -
0 ===  -
5 ===  -
135 ===  -
8 24 8 24 8 40 12 36 ===  -
2 ===  -
21 ===  -
32 ===  -
A AND D ===  -
NOT A AND NOT V ===  -
NOT V AND NOT D ===  -
A AND NOT C OR NOT A AND C ===  -
22 ===  -
10 ===  -
75 ===  -
2.5 ===  -
11010110 ===  -
214 ===  -0

robo7ytxklgfhcrll 
TEXNOLOGIYA ===  -
GBVA ===  -
KONUS ===  -
3 6 ===  -
0 ===  -
5 ===  -
135 ===  -
8 24 8 24 8 40 12 36 ===  -
2 ===  -
21 ===  -
32 ===  -
A AND D ===  -
NOT A AND NOT V ===  -
NOT V AND NOT D ===  -
A AND NOT C OR NOT A AND C ===  -
22 ===  -
10 ===  -
75 ===  -
2.5 ===  -
11010110 ===  -
214 ===  -0

robo7dpegrwvgajcrg 
TEXNOLOGIYA ===  -
GBVA ===  -
KONUS ===  -
3 6 ===  -
0 ===  -
5 ===  -
135 ===  -
8 24 8 24 8 40 12 36 ===  -
2 ===  -
21 ===  -
32 ===  -
A AND D ===  -
NOT A AND NOT V ===  -
NOT V AND NOT D ===  -
A AND NOT C OR NOT A AND C ===  -
22 ===  -
10 ===  -
75 ===  -
2.5 ===  -
11010110 ===  -
214 ===  -0

robo7yragpfduqvet 
TEXNOLOGIYA === TEXNOLOGIYA +
GBVA === GBVA +
KONUS === TREUGOL`NIK -
3 6 === 1 2 -
0 === 0 +
5 === 0.2 -
135 === 6 -
8 24 8 24 8 40 12 36 === 2482488404012 -
2 === 1800 -
21 === 21 +
32 === 30 -
A AND D === C AND V -
NOT A AND NOT V === NOT A AND NOT V +
NOT V AND NOT D === A AND C -
A AND NOT C OR NOT A AND C === V AND D OR A AND C -
22 === 22 +
10 === 10 +
75 === 75 +
2.5 === 2.5 +
11010110 === 110101100 -
214 === 428 -9

robo7dynshbestgap 
TEXNOLOGIYA ===  -
GBVA ===  -
KONUS ===  -
3 6 ===  -
0 ===  -
5 ===  -
135 ===  -
8 24 8 24 8 40 12 36 ===  -
2 ===  -
21 ===  -
32 ===  -
A AND D ===  -
NOT A AND NOT V ===  -
NOT V AND NOT D ===  -
A AND NOT C OR NOT A AND C ===  -
22 ===  -
10 ===  -
75 ===  -
2.5 ===  -
11010110 ===  -
214 ===  -0

robo7cftekxjyioqi 
TEXNOLOGIYA === TEXNOLOGIYA +
GBVA === GVBA -
KONUS === KONUS +
3 6 === 1 2 -
0 === 0 +
5 === 5 +
135 === 3 -
8 24 8 24 8 40 12 36 === 24816168401236 -
2 === 250 -
21 === 6 -
32 === 1 -
A AND D ===  -
NOT A AND NOT V ===  -
NOT V AND NOT D ===  -
A AND NOT C OR NOT A AND C ===  -
22 === 16 -
10 ===  -
75 === 75 +
2.5 ===  -
11010110 === 10 -
214 ===  -5

robo7lpoikqqqgsbm 
TEXNOLOGIYA ===  -
GBVA ===  -
KONUS ===  -
3 6 ===  -
0 ===  -
5 ===  -
135 ===  -
8 24 8 24 8 40 12 36 ===  -
2 ===  -
21 ===  -
32 ===  -
A AND D ===  -
NOT A AND NOT V ===  -
NOT V AND NOT D ===  -
A AND NOT C OR NOT A AND C ===  -
22 ===  -
10 ===  -
75 ===  -
2.5 ===  -
11010110 ===  -
214 ===  -0

robo7fbnqspufktdp 
TEXNOLOGIYA ===  -
GBVA ===  -
KONUS ===  -
3 6 ===  -
0 ===  -
5 ===  -
135 ===  -
8 24 8 24 8 40 12 36 ===  -
2 ===  -
21 ===  -
32 ===  -
A AND D ===  -
NOT A AND NOT V ===  -
NOT V AND NOT D ===  -
A AND NOT C OR NOT A AND C ===  -
22 ===  -
10 ===  -
75 ===  -
2.5 ===  -
11010110 ===  -
214 ===  -0

robo7kglubrrqtumw 
TEXNOLOGIYA ===  -
GBVA ===  -
KONUS ===  -
3 6 ===  -
0 ===  -
5 ===  -
135 ===  -
8 24 8 24 8 40 12 36 ===  -
2 ===  -
21 ===  -
32 ===  -
A AND D ===  -
NOT A AND NOT V ===  -
NOT V AND NOT D ===  -
A AND NOT C OR NOT A AND C ===  -
22 ===  -
10 ===  -
75 ===  -
2.5 ===  -
11010110 ===  -
214 ===  -0

robo7gqvpletyjrae 
TEXNOLOGIYA ===  -
GBVA ===  -
KONUS ===  -
3 6 ===  -
0 ===  -
5 ===  -
135 ===  -
8 24 8 24 8 40 12 36 ===  -
2 ===  -
21 ===  -
32 ===  -
A AND D ===  -
NOT A AND NOT V ===  -
NOT V AND NOT D ===  -
A AND NOT C OR NOT A AND C ===  -
22 ===  -
10 ===  -
75 ===  -
2.5 ===  -
11010110 ===  -
214 ===  -0

robo7tahxpcpbicte 
TEXNOLOGIYA ===  -
GBVA ===  -
KONUS ===  -
3 6 ===  -
0 ===  -
5 ===  -
135 ===  -
8 24 8 24 8 40 12 36 ===  -
2 ===  -
21 ===  -
32 ===  -
A AND D ===  -
NOT A AND NOT V ===  -
NOT V AND NOT D ===  -
A AND NOT C OR NOT A AND C ===  -
22 ===  -
10 ===  -
75 ===  -
2.5 ===  -
11010110 ===  -
214 ===  -0

robo7drrcgbflqpott 
TEXNOLOGIYA ===  -
GBVA ===  -
KONUS ===  -
3 6 ===  -
0 ===  -
5 ===  -
135 ===  -
8 24 8 24 8 40 12 36 ===  -
2 ===  -
21 ===  -
32 ===  -
A AND D ===  -
NOT A AND NOT V ===  -
NOT V AND NOT D ===  -
A AND NOT C OR NOT A AND C ===  -
22 ===  -
10 ===  -
75 ===  -
2.5 ===  -
11010110 ===  -
214 ===  -0

robo7exidluepanvj 
TEXNOLOGIYA ===  -
GBVA ===  -
KONUS ===  -
3 6 ===  -
0 ===  -
5 ===  -
135 ===  -
8 24 8 24 8 40 12 36 ===  -
2 ===  -
21 ===  -
32 ===  -
A AND D ===  -
NOT A AND NOT V ===  -
NOT V AND NOT D ===  -
A AND NOT C OR NOT A AND C ===  -
22 ===  -
10 ===  -
75 ===  -
2.5 ===  -
11010110 ===  -
214 ===  -0

robo7orbrxstydbuc 
TEXNOLOGIYA ===  -
GBVA ===  -
KONUS ===  -
3 6 ===  -
0 ===  -
5 ===  -
135 ===  -
8 24 8 24 8 40 12 36 ===  -
2 ===  -
21 ===  -
32 ===  -
A AND D ===  -
NOT A AND NOT V ===  -
NOT V AND NOT D ===  -
A AND NOT C OR NOT A AND C ===  -
22 ===  -
10 ===  -
75 ===  -
2.5 ===  -
11010110 ===  -
214 ===  -0

robo7qaogxjycvkme 
TEXNOLOGIYA ===  -
GBVA ===  -
KONUS ===  -
3 6 ===  -
0 ===  -
5 ===  -
135 ===  -
8 24 8 24 8 40 12 36 ===  -
2 ===  -
21 ===  -
32 ===  -
A AND D ===  -
NOT A AND NOT V ===  -
NOT V AND NOT D ===  -
A AND NOT C OR NOT A AND C ===  -
22 ===  -
10 ===  -
75 ===  -
2.5 ===  -
11010110 ===  -
214 ===  -0

robo7exoefivqgqap 
TEXNOLOGIYA ===  -
GBVA ===  -
KONUS ===  -
3 6 ===  -
0 ===  -
5 ===  -
135 ===  -
8 24 8 24 8 40 12 36 ===  -
2 ===  -
21 ===  -
32 ===  -
A AND D ===  -
NOT A AND NOT V ===  -
NOT V AND NOT D ===  -
A AND NOT C OR NOT A AND C ===  -
22 ===  -
10 ===  -
75 ===  -
2.5 ===  -
11010110 ===  -
214 ===  -0

robo7gixambdxqtjd 
TEXNOLOGIYA ===  -
GBVA ===  -
KONUS ===  -
3 6 ===  -
0 ===  -
5 ===  -
135 ===  -
8 24 8 24 8 40 12 36 ===  -
2 ===  -
21 ===  -
32 ===  -
A AND D ===  -
NOT A AND NOT V ===  -
NOT V AND NOT D ===  -
A AND NOT C OR NOT A AND C ===  -
22 ===  -
10 ===  -
75 ===  -
2.5 ===  -
11010110 ===  -
214 ===  -0

robo7fwrhmotbwqin 
TEXNOLOGIYA ===  -
GBVA ===  -
KONUS ===  -
3 6 ===  -
0 ===  -
5 ===  -
135 ===  -
8 24 8 24 8 40 12 36 ===  -
2 ===  -
21 ===  -
32 ===  -
A AND D ===  -
NOT A AND NOT V ===  -
NOT V AND NOT D ===  -
A AND NOT C OR NOT A AND C ===  -
22 ===  -
10 ===  -
75 ===  -
2.5 ===  -
11010110 ===  -
214 ===  -0

robo7yxbnmihnaakp 
TEXNOLOGIYA === TEXNOLOGIYA +
GBVA === GBVA +
KONUS === TREUGOL`NIK -
3 6 === 1 2 -
0 === 0 +
5 === 1:0.2 -
135 ===  -
8 24 8 24 8 40 12 36 ===  -
2 ===  -
21 === 24 -
32 === 25 -
A AND D === SENSOR2 < GREY2 AND A >SENSOR2 -
NOT A AND NOT V === SENSOR1 = GREY1 AND SENSOR1 NOT A AND V -
NOT V AND NOT D ===  -
A AND NOT C OR NOT A AND C ===  -
22 === 10 -
10 ===  -
75 ===  -
2.5 ===  -
11010110 === 10101110 -
214 === 174 -3

robo7bwfmowwnjwta 
TEXNOLOGIYA ===  -
GBVA ===  -
KONUS ===  -
3 6 ===  -
0 ===  -
5 ===  -
135 ===  -
8 24 8 24 8 40 12 36 ===  -
2 ===  -
21 ===  -
32 ===  -
A AND D ===  -
NOT A AND NOT V ===  -
NOT V AND NOT D ===  -
A AND NOT C OR NOT A AND C ===  -
22 ===  -
10 ===  -
75 ===  -
2.5 ===  -
11010110 ===  -
214 ===  -0

robo7legytaykbwnp 
TEXNOLOGIYA ===  -
GBVA ===  -
KONUS ===  -
3 6 ===  -
0 ===  -
5 ===  -
135 ===  -
8 24 8 24 8 40 12 36 ===  -
2 ===  -
21 ===  -
32 ===  -
A AND D ===  -
NOT A AND NOT V ===  -
NOT V AND NOT D ===  -
A AND NOT C OR NOT A AND C ===  -
22 ===  -
10 ===  -
75 ===  -
2.5 ===  -
11010110 ===  -
214 ===  -0

robo7ialaqqjoxysa 
TEXNOLOGIYA ===  -
GBVA ===  -
KONUS ===  -
3 6 ===  -
0 ===  -
5 ===  -
135 ===  -
8 24 8 24 8 40 12 36 ===  -
2 ===  -
21 ===  -
32 ===  -
A AND D ===  -
NOT A AND NOT V ===  -
NOT V AND NOT D ===  -
A AND NOT C OR NOT A AND C ===  -
22 ===  -
10 ===  -
75 ===  -
2.5 ===  -
11010110 ===  -
214 ===  -0

robo7lnonutarsxhe 
TEXNOLOGIYA ===  -
GBVA ===  -
KONUS ===  -
3 6 ===  -
0 ===  -
5 ===  -
135 ===  -
8 24 8 24 8 40 12 36 ===  -
2 ===  -
21 ===  -
32 ===  -
A AND D ===  -
NOT A AND NOT V ===  -
NOT V AND NOT D ===  -
A AND NOT C OR NOT A AND C ===  -
22 ===  -
10 ===  -
75 ===  -
2.5 ===  -
11010110 ===  -
214 ===  -0

robo7ucppxymnttoc 
TEXNOLOGIYA ===  -
GBVA ===  -
KONUS ===  -
3 6 ===  -
0 ===  -
5 ===  -
135 ===  -
8 24 8 24 8 40 12 36 ===  -
2 ===  -
21 ===  -
32 ===  -
A AND D ===  -
NOT A AND NOT V ===  -
NOT V AND NOT D ===  -
A AND NOT C OR NOT A AND C ===  -
22 ===  -
10 ===  -
75 ===  -
2.5 ===  -
11010110 ===  -
214 ===  -0

