Robototexnika 7 klass
robo7krkugofdsbna 	0	1.4	0	1	1	0	0	0	0	0	0	0	0	0	0	0	0	0	0	0	0	=	3.4
robo7vvmegnphtwxx 	0	0	0	0	0	0	0	0	0	0	0	0	0	0	0	0	0	0	0	0	0	=	0
robo7wyyragxftsua 	0	0	0	0	0	0	0	0	0	0	0	0	0	0	0	0	0	0	0	0	0	=	0
robo7lmforvevchyw 	0	2.8	0	1	1	0	0	0	0	0	0	0	0	0	0	0	0	0	0	0	0	=	4.8
robo7dpunbqfgxmuvg 	0	0	0	0	0	0	0	0	0	0	0	0	0	0	0	0	0	0	0	0	0	=	0
robo7rxgepnsatfob 	0	0	0	0	0	0	0	0	0	0	0	0	0	0	0	0	0	0	0	0	0	=	0
robo7euagqjlnnddl 	0	0	0	0	0	0	0	0	0	0	0	0	0	0	0	0	0	0	0	0	0	=	0
robo7ivgcytjdtori 	0	0	0	0	0	0	0	0	0	0	0	0	0	0	0	0	0	0	0	0	0	=	0
robo7wjspdcspfqlb 	0	0	0	0	0	0	0	0	0	0	0	0	0	0	0	0	0	0	0	0	0	=	0
robo7ygkxoryyxfbf 	1	2.8	1	1	1	1	0	0	0	0	1	0	0	0	0	1	0	1	0	0	0	=	10.8
robo7xdgkybymvkxb 	0	0	0	0	0	0	0	0	0	0	0	0	0	0	0	0	0	0	0	0	0	=	0
robo7ypivvkymsiun 	1	2.8	0	1	1	0	1	0	0	1	0	0	0	0	0	0	1	1	1	0	0	=	10.8
robo7yggpbuhixcbw 	0	0	0	0	0	0	0	0	0	0	0	0	0	0	0	0	0	0	0	0	0	=	0
robo7yjxtrxllnbdx 	1	2.8	1	1	1	0	0	0	1	0	0	0	0	0	0	1	1	1	0	0	0	=	10.8
robo7dpjnbpbwllsre 	0	0	0	0	0	0	0	0	0	0	0	0	0	0	0	0	0	0	0	0	0	=	0
robo7ytwkivyowdii 	0	0	0	0	0	0	0	0	0	0	0	0	0	0	0	0	0	0	0	0	0	=	0
robo7dxixmoihdhove 	0	0	0	0	0	0	0	0	0	0	0	0	0	0	0	0	0	0	0	0	0	=	0
robo7ykwgqljjjugu 	1	2.8	0	1	1	1	1	0	1	1	1	0	1	1	0	1	1	1	1	0	0	=	16.8
robo7dwdysvspwlkfb 	0	0	0	0	0	0	0	0	0	0	0	0	0	0	0	0	0	0	0	0	0	=	0
robo7dwdlpgitydvhe 	0	0	0	0	0	0	0	0	0	0	0	0	0	0	0	0	0	0	0	0	0	=	0
robo7wwlvsejrdeen 	0	0	0	0	0	0	0	0	0	0	0	0	0	0	0	0	0	0	0	0	0	=	0
robo7rgwlytnpmphm 	1	2.8	0	1	1	0	0	0	0	0	0	0	0	0	0	1	0	0	0	0	0	=	6.8
robo7dpjbrlhugesmm 	0	0	0	0	0	0	0	0	0	0	0	0	0	0	0	0	0	0	0	0	0	=	0
robo7doyfquimnnquj 	0	0	0	0	0	0	0	0	0	0	0	0	0	0	0	0	0	0	0	0	0	=	0
robo7xtsthfaoccrf 	0	0	0	0	0	0	0	0	0	0	0	0	0	0	0	0	0	0	0	0	0	=	0
robo7duealmptklod 	0	0	0	0	0	0	0	0	0	0	0	0	0	0	0	0	0	0	0	0	0	=	0
robo7pcqusmupsmpd 	0	0	0	0	0	0	0	0	0	0	0	0	0	0	0	0	0	0	0	0	0	=	0
robo7dsvxggfitknyg 	0	0	0	0	0	0	0	0	0	0	0	0	0	0	0	0	0	0	0	0	0	=	0
robo7syvjxnspubqjp 	0	0	0	0	0	0	0	0	0	0	0	0	0	0	0	0	0	0	0	0	0	=	0
robo7sysuipywatpfo 	0	0	0	0	0	0	0	0	0	0	0	0	0	0	0	0	0	0	0	0	0	=	0
robo7syhosfimlavbt 	0	0	0	0	0	0	0	0	0	0	0	0	0	0	0	0	0	0	0	0	0	=	0
robo7sxwjjlkrmgbnw 	0	0	0	0	0	0	0	0	0	0	0	0	0	0	0	0	0	0	0	0	0	=	0
robo7sxpypjgtlhfte 	0	0	0	0	0	0	0	0	0	0	0	0	0	0	0	0	0	0	0	0	0	=	0
robo7sxlgjpavrcjpb 	0	0	0	0	0	0	0	0	0	0	0	0	0	0	0	0	0	0	0	0	0	=	0
robo7uoklfhfwxcyl 	0	0	0	0	0	0	0	0	0	0	0	0	0	0	0	0	0	0	0	0	0	=	0
robo7idrjcqduouop 	0	0	0	0	0	0	0	0	0	0	0	0	0	0	0	0	0	0	0	0	0	=	0
robo7sxixmoihdhove 	0	0	0	0	0	0	0	0	0	0	0	0	0	0	0	0	0	0	0	0	0	=	0
robo7ijwpvrltidbg 	0	0	0	0	0	0	0	0	0	0	0	0	0	0	0	0	0	0	0	0	0	=	0
robo7swdysvspwlkfb 	0	0	0	0	0	0	0	0	0	0	0	0	0	0	0	0	0	0	0	0	0	=	0
robo7swdlpgitydvhe 	0	0	0	0	0	0	0	0	0	0	0	0	0	0	0	0	0	0	0	0	0	=	0
robo7cpfnlufojtix 	0	0	0	0	0	0	0	0	0	0	0	0	0	0	0	0	0	0	0	0	0	=	0
robo7ciwanxluflrs 	0	0	0	0	0	0	0	0	0	0	0	0	0	0	0	0	0	0	0	0	0	=	0
robo7pbtsajispqdg 	0	0	0	0	0	0	0	0	0	0	0	0	0	0	0	0	0	0	0	0	0	=	0
robo7svrenlebjtccg 	0	0	0	0	0	0	0	0	0	0	0	0	0	0	0	0	0	0	0	0	0	=	0
robo7svftyveolprfd 	0	0	0	0	0	0	0	0	0	0	0	0	0	0	0	0	0	0	0	0	0	=	0
robo7ylwyljqshhjj 	0	2.8	0	1	1	0	0	0	0	1	0	0	0	0	0	1	1	0	0	0	0	=	7.8
robo7svbvfenodqasa 	0	0	0	0	0	0	0	0	0	0	0	0	0	0	0	0	0	0	0	0	0	=	0
robo7ssvxggfitknyg 	0	0	0	0	0	0	0	0	0	0	0	0	0	0	0	0	0	0	0	0	0	=	0
robo7yguiihcjkvsm 	1	1.4	0	1	1	0	0	0	0	1	0	0	0	0	0	1	1	1	0	0	0	=	8.4
robo7ssglrexvtjmxy 	0	0	0	0	0	0	0	0	0	0	0	0	0	0	0	0	0	0	0	0	0	=	0
robo7srwwaakwyprxn 	0	0	0	0	0	0	0	0	0	0	0	0	0	0	0	0	0	0	0	0	0	=	0
robo7srrcgbflqpott 	0	0	0	0	0	0	0	0	0	0	0	0	0	0	0	0	0	0	0	0	0	=	0
robo7sqcdevpwubfgs 	0	2.8	1	1	1	0	0	0	0	0	0	0	0	0	0	0	0	0	0	0	0	=	5.8
robo7spunbqfgxmuvg 	1	1.4	1	1	1	1	1	0	0	1	1	0	0	0	0	1	1	1	0	0	0	=	12.4
robo7spjnbpbwllsre 	0	0	0	0	0	0	0	0	0	0	0	0	0	0	0	0	0	0	0	0	0	=	0
robo7spjbrlhugesmm 	0	0	0	0	0	0	0	0	0	0	0	0	0	0	0	0	0	0	0	0	0	=	0
robo7spegrwvgajcrg 	0	0	0	0	0	0	0	0	0	0	0	0	0	0	0	0	0	0	0	0	0	=	0
robo7soyfquimnnquj 	0	0	0	0	0	0	0	0	0	0	0	0	0	0	0	0	0	0	0	0	0	=	0
robo7sorpceeyokesk 	0	0	0	0	0	0	0	0	0	0	0	0	0	0	0	0	0	0	0	0	0	=	0
robo7socddagwnjbkj 	0	0	0	0	0	0	0	0	0	0	0	0	0	0	0	0	0	0	0	0	0	=	0
robo7snngpesdntrrv 	0	0	0	0	0	0	0	0	0	0	0	0	0	0	0	0	0	0	0	0	0	=	0
robo7snjdbeyhkbsom 	0	0	0	0	0	0	0	0	0	0	0	0	0	0	0	0	0	0	0	0	0	=	0
robo7hwccbexwdfsj 	0	0	0	0	0	0	0	0	0	0	0	0	0	0	0	0	0	0	0	0	0	=	0
robo7slfdfultbwpiq 	0	0	0	0	0	0	0	0	0	0	0	0	0	0	0	0	0	0	0	0	0	=	0
robo7slacvanhelkov 	0	2.8	1	1	1	0	0	0	0	0	0	0	0	0	0	0	0	0	0	0	0	=	5.8
robo7skssdsldebesn 	0	0	0	0	0	0	0	0	0	0	0	0	0	0	0	0	0	0	0	0	0	=	0
robo7irlvenfvqyps 	0	0	0	0	0	0	0	0	0	0	0	0	0	0	0	0	0	0	0	0	0	=	0
robo7sjvrsdowiixli 	0	0	0	0	0	0	0	0	0	0	0	0	0	0	0	0	0	0	0	0	0	=	0
robo7sjoyomgsqcpjl 	0	0	0	0	0	0	0	0	0	0	0	0	0	0	0	0	0	0	0	0	0	=	0
robo7hgfcftiamctf 	0	0	0	0	0	0	0	0	0	0	0	0	0	0	0	0	0	0	0	0	0	=	0
robo7shuorjosamibd 	0	0	0	0	0	0	0	0	0	0	0	0	0	0	0	0	0	0	0	0	0	=	0
robo7mavsvyiplhvq 	0	0	0	0	0	0	0	0	0	0	0	0	0	0	0	0	0	0	0	0	0	=	0
robo7shfmxrkecwitr 	0	0	0	0	0	0	0	0	0	0	0	0	0	0	0	0	0	0	0	0	0	=	0
robo7shcmlofmpmekt 	0	0	0	0	0	0	0	0	0	0	0	0	0	0	0	0	0	0	0	0	0	=	0
robo7shbmdahyviuem 	0	0	0	0	0	0	0	0	0	0	0	0	0	0	0	0	0	0	0	0	0	=	0
robo7sgrgkymfjrsui 	0	0	0	0	0	0	0	0	0	0	0	0	0	0	0	0	0	0	0	0	0	=	0
robo7vxqtoxpjwxeo 	0	0	0	0	0	0	0	0	0	0	0	0	0	0	0	0	0	0	0	0	0	=	0
robo7setxbafkrejsf 	0	0	0	0	0	0	0	0	0	0	0	0	0	0	0	0	0	0	0	0	0	=	0
robo7sephpqtbhlrkr 	0	0	0	0	0	0	0	0	0	0	0	0	0	0	0	0	0	0	0	0	0	=	0
robo7selthrowhfexl 	0	0	0	0	0	0	0	0	0	0	0	0	0	0	0	0	0	0	0	0	0	=	0
robo7sdxdiixpervse 	0	0	0	0	0	0	0	0	0	0	0	0	0	0	0	0	0	0	0	0	0	=	0
robo7sdtusippyvxsu 	0	0	0	0	0	0	0	0	0	0	0	0	0	0	0	0	0	0	0	0	0	=	0
robo7scanvyornrust 	0	0	0	0	0	0	0	0	0	0	0	0	0	0	0	0	0	0	0	0	0	=	0
robo7scajiuywtvgfj 	0	0	0	0	0	0	0	0	0	0	0	0	0	0	0	0	0	0	0	0	0	=	0
robo7dklfkyqctgos 	0	0	0	0	0	0	0	0	0	0	0	0	0	0	0	0	0	0	0	0	0	=	0
robo7savnwypdinwdr 	0	0	0	0	0	0	0	0	0	0	0	0	0	0	0	0	0	0	0	0	0	=	0
robo7sajsnanyihgsi 	0	0	0	0	0	0	0	0	0	0	0	0	0	0	0	0	0	0	0	0	0	=	0
robo7docddagwnjbkj 	0	0	0	0	0	0	0	0	0	0	0	0	0	0	0	0	0	0	0	0	0	=	0
robo7hlyhddgobtsx 	0	0	0	0	0	0	0	0	0	0	0	0	0	0	0	0	0	0	0	0	0	=	0
robo7fhkhqjehvwqr 	0	0	0	0	0	0	0	0	0	0	0	0	0	0	0	0	0	0	0	0	0	=	0
robo7skedcaxgctwys 	0	0	0	0	0	0	0	0	0	0	0	0	0	0	0	0	0	0	0	0	0	=	0
robo7dnngpesdntrrv 	0	1.4	0	0	0	0	0	0	0	0	0	0	0	0	0	1	0	0	0	0	0	=	2.4
robo7dnjdbeyhkbsom 	0	2.8	0	1	1	0	0	0	0	0	0	0	0	0	0	1	0	0	0	0	0	=	5.8
robo7diihtwvcgtes 	0	0	0	0	0	0	0	0	0	0	0	0	0	0	0	0	0	0	0	0	0	=	0
robo7dorpceeyokesk 	0	0	0	0	0	0	0	0	0	0	0	0	0	0	0	0	0	0	0	0	0	=	0
robo7dlfdfultbwpiq 	0	1.4	0	1	1	0	0	0	0	0	0	0	0	0	0	1	0	0	0	0	0	=	4.4
robo7lahwyclhtkvi 	0	0	0	0	0	0	0	0	0	0	0	0	0	0	0	0	0	0	0	0	0	=	0
robo7dlacvanhelkov 	0	2.8	0	1	1	0	0	0	0	0	0	0	0	0	0	1	0	1	0	0	0	=	6.8
robo7silcpsklryvmc 	0	0	0	0	0	0	0	0	0	0	0	0	0	0	0	0	0	0	0	0	0	=	0
robo7rvqedougygnu 	0	0	0	0	0	0	0	0	0	0	0	0	0	0	0	0	0	0	0	0	0	=	0
robo7ptfxgxnxxsrr 	0	2.8	1	1	1	0	0	0	0	0	1	0	0	0	0	0	0	0	0	0	0	=	6.8
robo7shiymmyalcyea 	0	0	0	0	0	0	0	0	0	0	0	0	0	0	0	0	0	0	0	0	0	=	0
robo7djvrsdowiixli 	0	0	0	0	0	0	0	0	0	0	0	0	0	0	0	0	0	0	0	0	0	=	0
robo7djoyomgsqcpjl 	0	0	0	0	0	0	0	0	0	0	0	0	0	0	0	0	0	0	0	0	0	=	0
robo7aumwupcubaqs 	0	0	0	0	0	0	0	0	0	0	0	0	0	0	0	0	0	0	0	0	0	=	0
robo7irxmokscoots 	0	0	0	0	0	0	0	0	0	0	0	0	0	0	0	0	0	0	0	0	0	=	0
robo7fyqbohganmbh 	0	0	0	0	0	0	0	0	0	0	0	0	0	0	0	0	0	0	0	0	0	=	0
robo7dhiymmyalcyea 	0	0	0	0	0	0	0	0	0	0	0	0	0	0	0	0	0	0	0	0	0	=	0
robo7sfajclfvenhyu 	0	0	0	0	0	0	0	0	0	0	0	0	0	0	0	0	0	0	0	0	0	=	0
robo7xanuhenrhibj 	0	0	0	0	0	0	0	0	0	0	0	0	0	0	0	0	0	0	0	0	0	=	0
robo7ypbyyyvhluah 	0	0	0	0	0	0	0	0	0	0	0	0	0	0	0	0	0	0	0	0	0	=	0
robo7loxwnryyalve 	0	0	0	0	0	0	0	0	0	0	0	0	0	0	0	0	0	0	0	0	0	=	0
robo7rjcplrehtlfj 	1	2.8	0	1	0	0	0	0	0	0	0	0	0	0	0	0	0	0	0	0	0	=	4.8
robo7dfajclfvenhyu 	1	2.8	1	1	1	0	0	0	0	0	0	0	0	0	0	0	0	1	0	0	0	=	7.8
robo7xhtjydynrgcl 	0	0	0	0	0	0	0	0	0	0	0	0	0	0	0	0	0	0	0	0	0	=	0
robo7kebplbvomill 	0	0	0	0	0	0	0	0	0	0	0	0	0	0	0	0	0	0	0	0	0	=	0
robo7sbltouujdrbwc 	0	0	0	0	0	0	0	0	0	0	0	0	0	0	0	0	0	0	0	0	0	=	0
robo7byejcrdqbdop 	0	0	0	0	0	0	0	0	0	0	0	0	0	0	0	0	0	0	0	0	0	=	0
robo7ddxdiixpervse 	0	0	0	0	0	0	0	0	0	0	0	0	0	0	0	0	0	0	0	0	0	=	0
robo7cifwudhrusda 	0	0	0	0	0	0	0	0	0	0	0	0	0	0	0	0	0	0	0	0	0	=	0
robo7csfpjachaauo 	0	0	0	0	0	0	0	0	0	0	0	0	0	0	0	0	0	0	0	0	0	=	0
robo7cfhegounrkel 	0	0	0	0	0	0	0	0	0	0	0	0	0	0	0	0	0	0	0	0	0	=	0
robo7oydtdmhhrdne 	0	0	0	0	0	0	0	0	0	0	0	0	0	0	0	0	0	0	0	0	0	=	0
robo7fyxogfrsetfb 	0	0	0	0	0	0	0	0	0	0	0	0	0	0	0	0	0	0	0	0	0	=	0
robo7doornxifvpll 	0	0	0	0	0	0	0	0	0	0	0	0	0	0	0	0	0	0	0	0	0	=	0
robo7qgfllpvflvnp 	0	0	0	0	0	0	0	0	0	0	0	0	0	0	0	0	0	0	0	0	0	=	0
robo7jkecbafulhnx 	0	0	0	0	0	0	0	0	0	0	0	0	0	0	0	0	0	0	0	0	0	=	0
robo7hvxvaukjimqn 	0	0	0	0	0	0	0	0	0	0	0	0	0	0	0	0	0	0	0	0	0	=	0
robo7lsaevlnuwuut 	0	0	0	0	0	0	0	0	0	0	0	0	0	0	0	0	0	0	0	0	0	=	0
robo7gvttpmdtjmyo 	0	0	0	0	0	0	0	0	0	0	0	0	0	0	0	0	0	0	0	0	0	=	0
robo7miaxmxmnwnbj 	0	2.8	0	1	1	0	0	0	0	0	0	0	0	0	0	0	0	0	0	0	0	=	4.8
robo7mndvtgepexju 	1	1.4	0	1	1	0	0	0	0	0	0	0	0	0	0	1	1	0	0	0	0	=	6.4
robo7rtnmoqnscmsp 	0	0	0	0	0	0	0	0	0	0	0	0	0	0	0	0	0	0	0	0	0	=	0
robo7msyfcwslushu 	0	1.4	0	0	1	0	0	0	0	0	0	0	0	0	0	1	0	0	0	0	0	=	3.4
robo7mujlfyuwfgqd 	1	2.8	0	1	1	0	0	0	0	0	0	0	0	0	0	0	0	1	0	0	0	=	6.8
robo7mxkxsmhibmgu 	0	0	0	0	0	0	0	0	0	0	0	0	0	0	0	0	0	0	0	0	0	=	0
robo7rfgsjjpawqrm 	0	0	0	0	1	0	0	0	0	0	0	0	0	0	0	0	0	0	0	0	0	=	1
robo7pryrjbgwkkwn 	0	0	0	0	0	0	0	0	0	0	0	0	0	0	0	0	0	0	0	0	0	=	0
robo7nhewdmwxidrr 	0	2.8	0	1	1	0	0	0	0	1	1	0	1	1	0	1	1	1	1	0	0	=	12.8
robo7ogwfqonglrqi 	0	0	0	0	0	0	0	0	0	0	0	0	0	0	0	0	0	0	0	0	0	=	0
robo7stxiefxvnwjo 	0	0	0	0	0	0	0	0	0	0	0	0	0	0	0	0	0	0	0	0	0	=	0
robo7ojpitmmpxnss 	0	0	0	0	0	0	0	0	0	0	0	0	0	0	0	0	0	0	0	0	0	=	0
robo7hwqnatnugdnt 	0	0	0	0	0	0	0	0	0	0	0	0	0	0	0	0	0	0	0	0	0	=	0
robo7ihjykwadqpva 	0	0	0	0	0	0	0	0	0	0	0	0	0	0	0	0	0	0	0	0	0	=	0
robo7yjfuwtnkhdye 	0	0	0	0	0	0	0	0	0	0	0	0	0	0	0	0	0	0	0	0	0	=	0
robo7irfowxayguie 	0	0	0	0	0	0	0	0	0	0	0	0	0	0	0	0	0	0	0	0	0	=	0
robo7pwdiuhfychet 	0	0	0	0	0	0	0	0	0	0	0	0	0	0	0	0	0	0	0	0	0	=	0
robo7pxestwrsocrk 	0	0	0	0	0	0	0	0	0	0	0	0	0	0	0	0	0	0	0	0	0	=	0
robo7scdqwwlpiyyx 	0	0	0	0	0	0	0	0	0	0	0	0	0	0	0	0	0	0	0	0	0	=	0
robo7svltkrqgedhn 	0	0	0	0	0	0	0	0	0	0	0	0	0	0	0	0	0	0	0	0	0	=	0
robo7hjoectbwevew 	0	0	0	0	0	0	0	0	0	0	0	0	0	0	0	0	0	0	0	0	0	=	0
robo7qbwbltqnqhyr 	1	1.4	0	1	1	0	0	0	0	0	0	0	0	0	0	0	0	0	0	0	0	=	4.4
robo7sishrihtaong 	0	0	0	0	0	0	0	0	0	0	0	0	0	0	0	0	0	0	0	0	0	=	0
robo7qgfjqecggseb 	1	1.4	0	1	1	0	0	0	0	0	0	0	0	0	0	0	0	0	0	0	0	=	4.4
robo7qghguxxjocwo 	0	0	0	0	0	0	0	0	0	0	0	0	0	0	0	0	0	0	0	0	0	=	0
robo7hgxulvqwwavx 	0	0	0	0	0	0	0	0	0	0	0	0	0	0	0	0	0	0	0	0	0	=	0
robo7qmkvrcdawiqt 	0	0	0	0	0	0	0	0	0	0	0	0	0	0	0	0	0	0	0	0	0	=	0
robo7jqxxbqsnewia 	0	0	0	0	0	0	0	0	0	0	0	0	0	0	0	0	0	0	0	0	0	=	0
robo7qowanehmlcvv 	0	0	0	0	0	0	0	0	0	0	0	0	0	0	0	0	0	0	0	0	0	=	0
robo7jwbhbmtldodn 	0	0	0	0	0	0	0	0	0	0	0	0	0	0	0	0	0	0	0	0	0	=	0
robo7reawmwovgxrm 	0	0	0	0	0	0	0	0	0	0	0	0	0	0	0	0	0	0	0	0	0	=	0
robo7kohpekgepmop 	1	2.8	1	1	1	0	0	0	0	0	0	0	0	0	0	0	0	0	0	0	0	=	6.8
robo7rfjoyqrcvmmq 	1	2.8	1	1	1	0	0	0	0	1	1	0	0	0	0	0	0	0	0	0	0	=	8.8
robo7rfjrvdexweik 	1	2.8	0	1	1	0	0	0	0	0	0	0	0	0	0	0	0	0	0	0	0	=	5.8
robo7kfubrrqpojmv 	1	1.4	0	1	1	1	0	0	0	0	0	0	0	0	0	1	1	1	1	0	0	=	9.4
robo7rmnslisgldvm 	1	2.8	0	1	1	0	0	0	0	0	0	0	0	0	0	0	0	0	0	0	0	=	5.8
robo7okfpahsmhemb 	0	0	0	0	0	0	0	0	0	0	0	0	0	0	0	0	0	0	0	0	0	=	0
robo7rnnrkinjioei 	1	2.8	0	1	1	0	0	0	0	0	0	0	0	0	0	0	0	0	0	0	0	=	5.8
robo7rsnqhcmaxamm 	0	0	0	0	0	0	0	0	0	0	0	0	0	0	0	0	0	0	0	0	0	=	0
robo7tkwgfvkrblmm 	0	0	0	0	0	0	0	0	0	0	0	0	0	0	0	0	0	0	0	0	0	=	0
robo7rlnhnftcavje 	1	2.8	0	1	1	0	0	0	0	0	0	0	0	0	0	0	1	0	0	0	0	=	6.8
robo7opekacokxpby 	0	0	0	0	0	0	0	0	0	0	0	0	0	0	0	0	0	0	0	0	0	=	0
robo7tyesfupjgmsm 	0	0	0	0	0	0	0	0	0	0	0	0	0	0	0	0	0	0	0	0	0	=	0
robo7ugrakvnanntx 	0	0	0	0	0	0	0	0	0	0	0	0	0	0	0	0	0	0	0	0	0	=	0
robo7uimfnnjnpihp 	0	0	0	0	0	0	0	0	0	0	0	0	0	0	0	0	0	0	0	0	0	=	0
robo7qnypmibllpgs 	0	0	0	0	0	0	0	0	0	0	0	0	0	0	0	0	0	0	0	0	0	=	0
robo7djwjfbecnxrs 	0	0	0	0	0	0	0	0	0	0	0	0	0	0	0	0	0	0	0	0	0	=	0
robo7qunkwbmyyyvt 	0	0	0	0	0	0	0	0	0	0	0	0	0	0	0	0	0	0	0	0	0	=	0
robo7qxqtahmcmsrs 	0	0	0	0	0	0	0	0	0	0	0	0	0	0	0	0	0	0	0	0	0	=	0
robo7etcfpwqmwlmy 	0	0	0	0	0	0	0	0	0	0	0	0	0	0	0	0	0	0	0	0	0	=	0
robo7bbrhalvlcujf 	0	0	0	0	0	0	0	0	0	0	0	0	0	0	0	0	0	0	0	0	0	=	0
robo7nctrccreiwff 	0	1.4	0	1	1	0	0	0	0	0	0	0	0	0	0	0	0	0	0	0	0	=	3.4
robo7dbbrjtuqqobd 	0	0	0	0	1	0	0	0	0	0	0	0	0	0	0	0	0	0	0	0	0	=	1
robo7jfhhsccsjwel 	0	0	0	0	0	0	0	0	0	0	0	0	0	0	0	0	0	0	0	0	0	=	0
robo7jsvxfitvxftr 	0	0	0	0	0	0	0	0	0	0	0	0	0	0	0	0	0	0	0	0	0	=	0
robo7jxuswygbffwr 	0	0	0	0	0	0	0	0	0	0	0	0	0	0	0	0	0	0	0	0	0	=	0
robo7eedbreksrjtd 	0	0	0	0	0	0	0	0	0	0	0	0	0	0	0	0	0	0	0	0	0	=	0
robo7wavlmhmxtsdw 	0	0	0	0	0	0	0	0	0	0	0	0	0	0	0	0	0	0	0	0	0	=	0
robo7jhjtdixloipr 	0	0	0	0	0	0	0	0	0	0	0	0	0	0	0	0	0	0	0	0	0	=	0
robo7ccsnxvdcvrhb 	0	0	0	0	0	0	0	0	0	0	0	0	0	0	0	0	0	0	0	0	0	=	0
robo7jxkbwfwjwead 	0	0	0	0	0	0	0	0	0	0	0	0	0	0	0	0	0	0	0	0	0	=	0
robo7elqhbgpfyuul 	0	0	0	0	0	0	0	0	0	0	0	0	0	0	0	0	0	0	0	0	0	=	0
robo7vyhrgikluuci 	0	0	0	0	0	0	0	0	0	0	0	0	0	0	0	0	0	0	0	0	0	=	0
robo7wdcnsdqxawbl 	0	0	0	0	0	0	0	0	0	0	0	0	0	0	0	0	0	0	0	0	0	=	0
robo7jxrigldpcbho 	0	0	0	0	0	0	0	0	0	0	0	0	0	0	0	0	0	0	0	0	0	=	0
robo7wyuwapnjyfnd 	0	0	0	0	0	0	0	0	0	0	0	0	0	0	0	0	0	0	0	0	0	=	0
robo7jsbqyrulrxus 	0	0	0	0	0	0	0	0	0	0	0	0	0	0	0	0	0	0	0	0	0	=	0
robo7lgmsteleodlb 	0	1.4	0	1	1	0	0	0	0	0	0	0	0	0	0	0	0	0	0	0	0	=	3.4
robo7yrhtgndvkqum 	0	0	0	0	0	0	0	0	0	0	0	0	0	0	0	0	0	0	0	0	0	=	0
robo7aiuivpuopmup 	0	0	0	0	0	0	0	0	0	0	0	0	0	0	0	0	0	0	0	0	0	=	0
robo7dyvjxnspubqjp 	0	0	0	0	0	0	0	0	0	0	0	0	0	0	0	0	0	0	0	0	0	=	0
robo7dysuipywatpfo 	0	0	0	0	0	0	0	0	0	0	0	0	0	0	0	0	0	0	0	0	0	=	0
robo7bjjwxbfmsdjg 	0	0	0	0	0	0	0	0	0	0	0	0	0	0	0	0	0	0	0	0	0	=	0
robo7bljpppdukftw 	0	0	0	0	0	0	0	0	0	0	0	0	0	0	0	0	0	0	0	0	0	=	0
robo7cdyvkbjrktyc 	0	2.8	1	1	1	1	0	0	0	1	1	0	0	0	0	0	0	0	0	0	0	=	8.8
robo7aecbwcyohbmt 	0	0	0	0	0	0	0	0	0	0	0	0	0	0	0	0	0	0	0	0	0	=	0
robo7dyhosfimlavbt 	0	0	0	1	1	0	0	0	0	0	0	0	0	0	0	1	0	0	0	0	0	=	3
robo7dxwjjlkrmgbnw 	0	0	0	0	0	0	0	0	0	0	0	0	0	0	0	0	0	0	0	0	0	=	0
robo7kxcmudxivifb 	1	0	0	1	1	0	0	0	0	0	0	0	0	0	0	0	0	0	0	0	0	=	3
robo7bjfnmcvtdvik 	0	2.8	0	1	1	0	0	0	0	0	0	0	0	0	0	0	0	0	0	0	0	=	4.8
robo7edtqvolcywjj 	0	0	0	0	0	0	0	0	0	0	0	0	0	0	0	0	0	0	0	0	0	=	0
robo7dxpypjgtlhfte 	0	0	0	0	0	0	0	0	0	0	0	0	0	0	0	0	0	0	0	0	0	=	0
robo7dxlgjpavrcjpb 	0	0	0	0	0	0	0	0	0	0	0	0	0	0	0	0	0	0	0	0	0	=	0
robo7uprtsddrghfb 	0	0	0	0	0	0	0	0	0	0	0	0	0	0	0	0	0	0	0	0	0	=	0
robo7scipbualmlht 	0	0	0	0	0	0	0	0	0	0	0	0	0	0	0	0	0	0	0	0	0	=	0
robo7vcfscjjbbmcb 	0	0	0	0	0	0	0	0	0	0	0	0	0	0	0	0	0	0	0	0	0	=	0
robo7bvhfdoykoipa 	0	0	0	0	0	0	0	0	0	0	0	0	0	0	0	0	0	0	0	0	0	=	0
robo7kdmnhjpctdjk 	0	0	0	0	0	0	0	0	0	0	0	0	0	0	0	0	0	0	0	0	0	=	0
robo7dvrenlebjtccg 	0	0	0	0	0	0	0	0	0	0	0	0	0	0	0	0	0	0	0	0	0	=	0
robo7dvftyveolprfd 	0	0	0	0	0	0	0	0	0	0	0	0	0	0	0	0	0	0	0	0	0	=	0
robo7dvbvfenodqasa 	0	0	0	0	0	0	0	0	0	0	0	0	0	0	0	0	0	0	0	0	0	=	0
robo7kdyukutjtbdc 	1	2.8	1	0	1	0	0	0	0	1	0	0	0	0	0	1	1	0	0	1	0	=	9.8
robo7dsglrexvtjmxy 	0	0	0	0	0	0	0	0	0	0	0	0	0	0	0	0	0	0	0	0	0	=	0
robo7drwwaakwyprxn 	0	0	0	0	0	0	0	0	0	0	0	0	0	0	0	0	0	0	0	0	0	=	0
robo7cmjhfwkxsdcv 	0	0	0	0	0	0	0	0	0	0	0	0	0	0	0	0	0	0	0	0	0	=	0
robo7dqcdevpwubfgs 	0	0	0	0	0	0	0	0	0	0	0	0	0	0	0	0	0	0	0	0	0	=	0
robo7iiphkofmymlt 	0	0	0	0	0	0	0	0	0	0	0	0	0	0	0	0	0	0	0	0	0	=	0
robo7dscymqdhsgbs 	0	0	0	0	0	0	0	0	0	0	0	0	0	0	0	0	0	0	0	0	0	=	0
robo7acepekpqcani 	0	0	0	0	0	0	0	0	0	0	0	0	0	0	0	0	0	0	0	0	0	=	0
robo7fcscbqauyini 	0	0	0	0	0	0	0	0	0	0	0	0	0	0	0	0	0	0	0	0	0	=	0
robo7dciejyhlqkrg 	0	0	0	0	0	0	0	0	0	0	0	0	0	0	0	0	0	0	0	0	0	=	0
robo7atoiygdxfotx 	1	1.4	0	0	0	0	0	0	0	0	0	0	0	0	0	0	0	0	0	0	0	=	2.4
robo7ywrkhlklbrbm 	1	1.4	0	1	1	0	0	0	0	0	0	0	0	0	0	1	1	1	0	0	0	=	7.4
robo7epaigaghmsye 	0	0	0	0	0	0	0	0	0	0	0	0	0	0	0	0	0	0	0	0	0	=	0
robo7vcvievhkuxde 	0	0	0	0	0	0	0	0	0	0	0	0	0	0	0	0	0	0	0	0	0	=	0
robo7dminljnrepxv 	0	0	0	0	0	0	0	0	0	0	0	0	0	0	0	0	0	0	0	0	0	=	0
robo7bdujtwyvcgdk 	0	0.7	0	0	1	0	0	0	0	0	0	0	0	0	0	0	0	0	0	0	0	=	1.7
robo7dkssdsldebesn 	0	1.4	0	1	1	1	0	0	0	0	0	0	0	0	0	1	1	0	0	0	0	=	6.4
robo7dkedcaxgctwys 	1	0	0	0	0	0	0	0	0	0	0	0	0	0	0	0	0	0	0	0	0	=	1
robo7ffobmdcelkrx 	0	0	0	0	0	0	0	0	0	0	0	0	0	0	0	0	0	0	0	0	0	=	0
robo7kquoigaqktsn 	0	0	0	0	0	0	0	0	0	0	0	0	0	0	0	0	0	0	0	0	0	=	0
robo7dilcpsklryvmc 	0	0	0	0	0	0	0	0	0	0	0	0	0	0	0	0	0	0	0	0	0	=	0
robo7dhuorjosamibd 	0	0	0	0	0	0	0	0	0	0	0	0	0	0	0	0	0	0	0	0	0	=	0
robo7utfqjrfqytsl 	0	0	0	0	0	0	0	0	0	0	0	0	0	0	0	0	0	0	0	0	0	=	0
robo7dhfmxrkecwitr 	0	0	0	0	0	0	0	0	0	0	0	0	0	0	0	0	0	0	0	0	0	=	0
robo7dhcmlofmpmekt 	0	0	0	0	0	0	0	0	0	0	0	0	0	0	0	0	0	0	0	0	0	=	0
robo7dhbmdahyviuem 	1	2.8	1	1	1	0	0	0	0	0	0	0	0	0	0	0	0	0	0	0	0	=	6.8
robo7dgrgkymfjrsui 	0	0	0	0	0	0	0	0	0	0	0	0	0	0	0	0	0	0	0	0	0	=	0
robo7boptpfmagbby 	0	0	0	0	0	0	0	0	0	0	0	0	0	0	0	0	0	0	0	0	0	=	0
robo7detxbafkrejsf 	0	0	0	0	0	0	0	0	0	0	0	0	0	0	0	0	0	0	0	0	0	=	0
robo7dephpqtbhlrkr 	0	0	0	0	0	0	0	0	0	0	0	0	0	0	0	0	0	0	0	0	0	=	0
robo7delthrowhfexl 	0	0	0	0	0	0	0	0	0	0	0	0	0	0	0	0	0	0	0	0	0	=	0
robo7nukxygdjnmky 	0	0	0	0	0	0	0	0	0	0	0	0	0	0	0	0	0	0	0	0	0	=	0
robo7ddtusippyvxsu 	1	2.8	1	1	1	0	0	0	0	0	0	0	0	0	0	0	0	0	0	0	0	=	6.8
robo7dcanvyornrust 	1	1.4	0	1	1	0	0	0	0	0	0	0	0	0	0	1	0	1	0	0	0	=	6.4
robo7dcajiuywtvgfj 	0	0	0	0	0	0	0	0	0	0	0	0	0	0	0	0	0	0	0	0	0	=	0
robo7dbltouujdrbwc 	0	0	0	0	0	0	0	0	0	0	0	0	0	0	0	0	0	0	0	0	0	=	0
robo7davnwypdinwdr 	0	0	0	0	0	0	0	0	0	0	0	0	0	0	0	0	0	0	0	0	0	=	0
robo7dajsnanyihgsi 	0	0	0	0	0	0	0	0	0	0	0	0	0	0	0	0	0	0	0	0	0	=	0
robo7lqivdyyeuvod 	0	0	0	0	0	0	0	0	0	0	0	0	0	0	0	0	0	0	0	0	0	=	0
robo7knessaucyqxx 	0	0	0	0	0	0	0	0	0	0	0	0	0	0	0	0	0	0	0	0	0	=	0
robo7ytxklgfhcrll 	0	0	0	0	0	0	0	0	0	0	0	0	0	0	0	0	0	0	0	0	0	=	0
robo7dpegrwvgajcrg 	0	0	0	0	0	0	0	0	0	0	0	0	0	0	0	0	0	0	0	0	0	=	0
robo7yragpfduqvet 	1	2.8	0	1	1	0	0	0	0	1	0	0	1	0	0	1	1	1	1	0	0	=	11.8
robo7dynshbestgap 	0	0	0	0	0	0	0	0	0	0	0	0	0	0	0	0	0	0	0	0	0	=	0
robo7cftekxjyioqi 	1	1.4	1	1	1	1	0	0	0	0	0	0	0	0	0	0	0	1	0	0	0	=	7.4
robo7lpoikqqqgsbm 	0	0	0	0	0	0	0	0	0	0	0	0	0	0	0	0	0	0	0	0	0	=	0
robo7fbnqspufktdp 	0	0	0	0	0	0	0	0	0	0	0	0	0	0	0	0	0	0	0	0	0	=	0
robo7kglubrrqtumw 	0	0	0	0	0	0	0	0	0	0	0	0	0	0	0	0	0	0	0	0	0	=	0
robo7gqvpletyjrae 	0	0	0	0	0	0	0	0	0	0	0	0	0	0	0	0	0	0	0	0	0	=	0
robo7tahxpcpbicte 	0	0	0	0	0	0	0	0	0	0	0	0	0	0	0	0	0	0	0	0	0	=	0
robo7drrcgbflqpott 	0	0	0	0	0	0	0	0	0	0	0	0	0	0	0	0	0	0	0	0	0	=	0
robo7exidluepanvj 	0	0	0	0	0	0	0	0	0	0	0	0	0	0	0	0	0	0	0	0	0	=	0
robo7orbrxstydbuc 	0	0	0	0	0	0	0	0	0	0	0	0	0	0	0	0	0	0	0	0	0	=	0
robo7qaogxjycvkme 	0	0	0	0	0	0	0	0	0	0	0	0	0	0	0	0	0	0	0	0	0	=	0
robo7exoefivqgqap 	0	0	0	0	0	0	0	0	0	0	0	0	0	0	0	0	0	0	0	0	0	=	0
robo7gixambdxqtjd 	0	0	0	0	0	0	0	0	0	0	0	0	0	0	0	0	0	0	0	0	0	=	0
robo7fwrhmotbwqin 	0	0	0	0	0	0	0	0	0	0	0	0	0	0	0	0	0	0	0	0	0	=	0
robo7yxbnmihnaakp 	1	2.8	0	1	1	0	0	0	0	0	0	0	0	0	0	0	0	0	0	0	0	=	5.8
robo7bwfmowwnjwta 	0	0	0	0	0	0	0	0	0	0	0	0	0	0	0	0	0	0	0	0	0	=	0
robo7legytaykbwnp 	0	0	0	0	0	0	0	0	0	0	0	0	0	0	0	0	0	0	0	0	0	=	0
robo7ialaqqjoxysa 	0	0	0	0	0	0	0	0	0	0	0	0	0	0	0	0	0	0	0	0	0	=	0
robo7lnonutarsxhe 	0	0	0	0	0	0	0	0	0	0	0	0	0	0	0	0	0	0	0	0	0	=	0
robo7ucppxymnttoc 	0	0	0	0	0	0	0	0	0	0	0	0	0	0	0	0	0	0	0	0	0	=	0
